#
# There is insufficient memory for the Java Runtime Environment to continue.
# Native memory allocation (malloc) failed to allocate 1014976 bytes for Chunk::new
# Possible reasons:
#   The system is out of physical RAM or swap space
#   The process is running with CompressedOops enabled, and the Java Heap may be blocking the growth of the native heap
# Possible solutions:
#   Reduce memory load on the system
#   Increase physical memory or swap space
#   Check if swap backing store is full
#   Decrease Java heap size (-Xmx/-Xms)
#   Decrease number of Java threads
#   Decrease Java thread stack sizes (-Xss)
#   Set larger code cache with -XX:ReservedCodeCacheSize=
#   JVM is running with Unscaled Compressed Oops mode in which the Java heap is
#     placed in the first 4GB address space. The Java Heap base address is the
#     maximum limit for the native heap growth. Please use -XX:HeapBaseMinAddress
#     to set the Java Heap base and to place the Java Heap above 4GB virtual address.
# This output file may be truncated or incomplete.
#
#  Out of Memory Error (./src/hotspot/share/memory/arena.cpp:197), pid=14388, tid=21460
#
# JRE version: OpenJDK Runtime Environment (11.0.8+10) (build 11.0.8+10-b944.6842174)
# Java VM: OpenJDK 64-Bit Server VM (11.0.8+10-b944.6842174, mixed mode, tiered, compressed oops, g1 gc, windows-amd64)
# No core dump will be written. Minidumps are not enabled by default on client versions of Windows
#

---------------  S U M M A R Y ------------

Command Line: --add-opens=java.base/java.util=ALL-UNNAMED --add-opens=java.base/java.lang=ALL-UNNAMED --add-opens=java.base/java.lang.invoke=ALL-UNNAMED --add-opens=java.prefs/java.util.prefs=ALL-UNNAMED -Xmx2048m -Dfile.encoding=UTF-8 -Duser.country=BE -Duser.language=nl -Duser.variant org.gradle.launcher.daemon.bootstrap.GradleDaemon 6.7.1

Host: Intel(R) Core(TM) i5-8265U CPU @ 1.60GHz, 8 cores, 7G,  Windows 10 , 64 bit Build 19041 (10.0.19041.1023)
Time: Fri Jul 23 14:02:00 2021 GMT (zomertijd) elapsed time: 24 seconds (0d 0h 0m 24s)

---------------  T H R E A D  ---------------

Current thread (0x0000019958099000):  JavaThread "C2 CompilerThread0" daemon [_thread_in_native, id=21460, stack(0x0000000d3e900000,0x0000000d3ea00000)]


Current CompileTask:
C2:  24196 14265   !   4       java.nio.file.FileTreeWalker::next (144 bytes)

Stack: [0x0000000d3e900000,0x0000000d3ea00000]
Native frames: (J=compiled Java code, j=interpreted, Vv=VM code, C=native code)
V  [jvm.dll+0x5de50a]
V  [jvm.dll+0x7122f5]
V  [jvm.dll+0x71384d]
V  [jvm.dll+0x713f03]
V  [jvm.dll+0x23e728]
V  [jvm.dll+0xb899c]
V  [jvm.dll+0xb8e9c]
V  [jvm.dll+0x2b20e4]
V  [jvm.dll+0x502098]
V  [jvm.dll+0x1ff393]
V  [jvm.dll+0x1f917c]
V  [jvm.dll+0x1f685f]
V  [jvm.dll+0x17f32c]
V  [jvm.dll+0x205047]
V  [jvm.dll+0x203891]
V  [jvm.dll+0x6dad3f]
V  [jvm.dll+0x6d3895]
V  [jvm.dll+0x5dd4a6]
C  [ucrtbase.dll+0x21bb2]
C  [KERNEL32.DLL+0x17034]
C  [ntdll.dll+0x52651]


---------------  P R O C E S S  ---------------

Threads class SMR info:
_java_thread_list=0x000001995b5e59c0, length=181, elements={
0x000001993d5aa000, 0x000001995807e800, 0x000001995808a000, 0x0000019958a22800,
0x0000019958097000, 0x0000019958099000, 0x000001995809d000, 0x00000199580a0800,
0x0000019958b6e000, 0x0000019958ba1800, 0x0000019959e10000, 0x0000019958d1e800,
0x0000019959eb2000, 0x000001995ae46000, 0x0000019959e93800, 0x000001995a4c1800,
0x000001995a06a800, 0x000001995a6a5000, 0x000001995a239800, 0x000001995a01c800,
0x000001995a8b6800, 0x000001995a8b5000, 0x000001995a8b7800, 0x000001995a8bb000,
0x000001995a8bb800, 0x000001995a8b6000, 0x000001995a8b8800, 0x000001995a8b9000,
0x000001995a8ba000, 0x000001995c7d7000, 0x000001995c7d2800, 0x000001995c7d8000,
0x000001995c7d9000, 0x000001995c7d6800, 0x000001995c7d3000, 0x000001995c7d9800,
0x000001995c7da800, 0x000001995c7db800, 0x000001995c7d5800, 0x000001995c7e0000,
0x000001995c7e1000, 0x000001995c7de000, 0x000001995c7dd000, 0x000001995c7de800,
0x000001995c7df800, 0x000001995c7dc000, 0x000001995c058000, 0x000001995c05a000,
0x000001995c058800, 0x000001995c059800, 0x000001995c054800, 0x000001995c05b000,
0x000001995c055800, 0x000001995c05c000, 0x000001995c057000, 0x000001995c056000,
0x000001995c05f000, 0x000001995c062800, 0x000001995c05e800, 0x000001995c060000,
0x000001995c05d800, 0x000001995c060800, 0x000001995c05c800, 0x000001995c061800,
0x000001995c063000, 0x000001995af2d000, 0x000001995af2f800, 0x000001995af2a800,
0x000001995af2e000, 0x000001995af2a000, 0x000001995af31800, 0x000001995af30800,
0x000001995af2b800, 0x000001995af2f000, 0x000001995af2c800, 0x000001995af36000,
0x000001995af37000, 0x000001995af35800, 0x000001995af38000, 0x000001995af32000,
0x000001995af38800, 0x000001995af33000, 0x000001995af34800, 0x000001995af33800,
0x000001995af43800, 0x000001995af44800, 0x000001995af45000, 0x000001995af46000,
0x000001995af47000, 0x000001995af47800, 0x000001995af42000, 0x000001995af48800,
0x000001995af42800, 0x000001995af4f000, 0x000001995af4e000, 0x000001995af4d800,
0x000001995af4a000, 0x000001995af49800, 0x000001995af4c800, 0x000001995af4b800,
0x000001995af50000, 0x000001995af50800, 0x000001995af4b000, 0x000001995bfef800,
0x000001995bff5000, 0x000001995bff1800, 0x000001995bff6000, 0x000001995bff1000,
0x000001995bff4000, 0x000001995bff0000, 0x000001995bff6800, 0x000001995bff8800,
0x000001995bff7800, 0x000001995bff2800, 0x000001995bff3800, 0x000001995bffd000,
0x000001995bff9000, 0x000001995bffe000, 0x000001995bffc800, 0x000001995bffa000,
0x000001995bffa800, 0x000001995bffb800, 0x000001995be38000, 0x000001995be3a800,
0x000001995be3b800, 0x000001995be3d000, 0x000001995be39000, 0x000001995be3f800,
0x000001995be3d800, 0x000001995be3e800, 0x000001995be39800, 0x000001995be40000,
0x000001995be41000, 0x000001995be42000, 0x000001995be3c000, 0x000001995be42800,
0x000001995be43800, 0x000001995be46800, 0x000001995be44800, 0x000001995be45000,
0x000001995be46000, 0x000001995c8af800, 0x000001995c8b0000, 0x000001995c8b2800,
0x000001995c8ae800, 0x000001995c8b1000, 0x000001995c8b3800, 0x000001995c8b2000,
0x000001995c8ae000, 0x000001995c8b6000, 0x000001995c8b7000, 0x000001995c8b4800,
0x000001995c8b9000, 0x000001995c8bb000, 0x000001995c8b5000, 0x000001995c8ba000,
0x000001995c8bb800, 0x000001995c8bc800, 0x000001995c8b7800, 0x000001995c8b8800,
0x0000019960b77800, 0x0000019960b78800, 0x0000019960b79800, 0x0000019960b7a000,
0x0000019960b77000, 0x0000019960b7d800, 0x0000019960b80800, 0x0000019960b7b800,
0x0000019960b7f000, 0x0000019960b80000, 0x0000019960b7b000, 0x0000019960b7c800,
0x0000019960b82800, 0x0000019960b81800, 0x0000019960b7e000, 0x0000019960b84000,
0x0000019960b85800, 0x0000019960b84800, 0x0000019958cdd000, 0x0000019958ce0000,
0x0000019958ce3800
}

Java Threads: ( => current thread )
  0x000001993d5aa000 JavaThread "main" [_thread_blocked, id=19976, stack(0x0000000d3de00000,0x0000000d3df00000)]
  0x000001995807e800 JavaThread "Reference Handler" daemon [_thread_blocked, id=19932, stack(0x0000000d3e500000,0x0000000d3e600000)]
  0x000001995808a000 JavaThread "Finalizer" daemon [_thread_blocked, id=20104, stack(0x0000000d3e600000,0x0000000d3e700000)]
  0x0000019958a22800 JavaThread "Signal Dispatcher" daemon [_thread_blocked, id=21248, stack(0x0000000d3e700000,0x0000000d3e800000)]
  0x0000019958097000 JavaThread "Attach Listener" daemon [_thread_blocked, id=10652, stack(0x0000000d3e800000,0x0000000d3e900000)]
=>0x0000019958099000 JavaThread "C2 CompilerThread0" daemon [_thread_in_native, id=21460, stack(0x0000000d3e900000,0x0000000d3ea00000)]
  0x000001995809d000 JavaThread "C1 CompilerThread0" daemon [_thread_in_native, id=20884, stack(0x0000000d3ea00000,0x0000000d3eb00000)]
  0x00000199580a0800 JavaThread "Sweeper thread" daemon [_thread_blocked, id=18624, stack(0x0000000d3eb00000,0x0000000d3ec00000)]
  0x0000019958b6e000 JavaThread "Common-Cleaner" daemon [_thread_blocked, id=11780, stack(0x0000000d3ec00000,0x0000000d3ed00000)]
  0x0000019958ba1800 JavaThread "Service Thread" daemon [_thread_blocked, id=13320, stack(0x0000000d3ed00000,0x0000000d3ee00000)]
  0x0000019959e10000 JavaThread "Daemon health stats" [_thread_blocked, id=15520, stack(0x0000000d3f200000,0x0000000d3f300000)]
  0x0000019958d1e800 JavaThread "Incoming local TCP Connector on port 56299" [_thread_in_native, id=18992, stack(0x0000000d3f400000,0x0000000d3f500000)]
  0x0000019959eb2000 JavaThread "Daemon periodic checks" [_thread_blocked, id=13508, stack(0x0000000d3f500000,0x0000000d3f600000)]
  0x000001995ae46000 JavaThread "Daemon" [_thread_blocked, id=2812, stack(0x0000000d3f600000,0x0000000d3f700000)]
  0x0000019959e93800 JavaThread "Handler for socket connection from /127.0.0.1:56299 to /127.0.0.1:56300" [_thread_in_native, id=21960, stack(0x0000000d3f700000,0x0000000d3f800000)]
  0x000001995a4c1800 JavaThread "Cancel handler" [_thread_blocked, id=20444, stack(0x0000000d3f800000,0x0000000d3f900000)]
  0x000001995a06a800 JavaThread "Daemon worker" [_thread_blocked, id=20816, stack(0x0000000d3f900000,0x0000000d3fa00000)]
  0x000001995a6a5000 JavaThread "Asynchronous log dispatcher for DefaultDaemonConnection: socket connection from /127.0.0.1:56299 to /127.0.0.1:56300" [_thread_in_native, id=13052, stack(0x0000000d3fa00000,0x0000000d3fb00000)]
  0x000001995a239800 JavaThread "Stdin handler" [_thread_blocked, id=4488, stack(0x0000000d3fb00000,0x0000000d3fc00000)]
  0x000001995a01c800 JavaThread "Thread-8" [_thread_blocked, id=12780, stack(0x0000000d3fc00000,0x0000000d3fd00000)]
  0x000001995a8b6800 JavaThread "Cache worker for file hash cache (C:\Users\Alejandro\.gradle\caches\6.7.1\fileHashes)" [_thread_blocked, id=18492, stack(0x0000000d40200000,0x0000000d40300000)]
  0x000001995a8b5000 JavaThread "File lock request listener" [_thread_in_native, id=2444, stack(0x0000000d40300000,0x0000000d40400000)]
  0x000001995a8b7800 JavaThread "Cache worker for journal cache (C:\Users\Alejandro\.gradle\caches\journal-1)" [_thread_blocked, id=13804, stack(0x0000000d40500000,0x0000000d40600000)]
  0x000001995a8bb000 JavaThread "Cache worker for file hash cache (C:\Users\Alejandro\AndroidStudioProjects\real-estate-app\.gradle\6.7.1\fileHashes)" [_thread_blocked, id=13060, stack(0x0000000d40600000,0x0000000d40700000)]
  0x000001995a8bb800 JavaThread "Cache worker for checksums cache (C:\Users\Alejandro\AndroidStudioProjects\real-estate-app\.gradle\checksums)" [_thread_blocked, id=18204, stack(0x0000000d40700000,0x0000000d40800000)]
  0x000001995a8b6000 JavaThread "Cache worker for cache directory md-supplier (C:\Users\Alejandro\.gradle\caches\6.7.1\md-supplier)" [_thread_blocked, id=17396, stack(0x0000000d40800000,0x0000000d40900000)]
  0x000001995a8b8800 JavaThread "Cache worker for cache directory md-rule (C:\Users\Alejandro\.gradle\caches\6.7.1\md-rule)" [_thread_blocked, id=22748, stack(0x0000000d40900000,0x0000000d40a00000)]
  0x000001995a8b9000 JavaThread "Cache worker for execution history cache (C:\Users\Alejandro\.gradle\caches\6.7.1\executionHistory)" [_thread_blocked, id=9992, stack(0x0000000d40a00000,0x0000000d40b00000)]
  0x000001995a8ba000 JavaThread "jar transforms" [_thread_blocked, id=19656, stack(0x0000000d40b00000,0x0000000d40c00000)]
  0x000001995c7d7000 JavaThread "Cache worker for file content cache (C:\Users\Alejandro\.gradle\caches\6.7.1\fileContent)" [_thread_blocked, id=15552, stack(0x0000000d40c00000,0x0000000d40d00000)]
  0x000001995c7d2800 JavaThread "Cache worker for Build Output Cleanup Cache (C:\Users\Alejandro\AndroidStudioProjects\real-estate-app\.gradle\buildOutputCleanup)" [_thread_blocked, id=21896, stack(0x0000000d40d00000,0x0000000d40e00000)]
  0x000001995c7d8000 JavaThread "Build operations" [_thread_in_Java, id=16200, stack(0x0000000d40e00000,0x0000000d40f00000)]
  0x000001995c7d9000 JavaThread "Build operations Thread 2" [_thread_in_native, id=2380, stack(0x0000000d40f00000,0x0000000d41000000)]
  0x000001995c7d6800 JavaThread "Build operations Thread 3" [_thread_blocked, id=15436, stack(0x0000000d41000000,0x0000000d41100000)]
  0x000001995c7d3000 JavaThread "Build operations Thread 4" [_thread_blocked, id=22008, stack(0x0000000d41100000,0x0000000d41200000)]
  0x000001995c7d9800 JavaThread "Build operations Thread 5" [_thread_blocked, id=17104, stack(0x0000000d41200000,0x0000000d41300000)]
  0x000001995c7da800 JavaThread "Build operations Thread 6" [_thread_blocked, id=20280, stack(0x0000000d41300000,0x0000000d41400000)]
  0x000001995c7db800 JavaThread "Build operations Thread 7" [_thread_in_native, id=15804, stack(0x0000000d41400000,0x0000000d41500000)]
  0x000001995c7d5800 JavaThread "Build operations Thread 8" [_thread_blocked, id=9108, stack(0x0000000d41500000,0x0000000d41600000)]
  0x000001995c7e0000 JavaThread "jar transforms Thread 2" [_thread_blocked, id=23868, stack(0x0000000d41600000,0x0000000d41700000)]
  0x000001995c7e1000 JavaThread "jar transforms Thread 3" [_thread_blocked, id=9064, stack(0x0000000d41700000,0x0000000d41800000)]
  0x000001995c7de000 JavaThread "jar transforms Thread 4" [_thread_blocked, id=23560, stack(0x0000000d41800000,0x0000000d41900000)]
  0x000001995c7dd000 JavaThread "jar transforms Thread 5" [_thread_blocked, id=14160, stack(0x0000000d41900000,0x0000000d41a00000)]
  0x000001995c7de800 JavaThread "jar transforms Thread 6" [_thread_blocked, id=8912, stack(0x0000000d41a00000,0x0000000d41b00000)]
  0x000001995c7df800 JavaThread "jar transforms Thread 7" [_thread_blocked, id=20520, stack(0x0000000d41b00000,0x0000000d41c00000)]
  0x000001995c7dc000 JavaThread "jar transforms Thread 8" [_thread_blocked, id=17800, stack(0x0000000d41c00000,0x0000000d41d00000)]
  0x000001995c058000 JavaThread "jar transforms Thread 9" [_thread_blocked, id=11044, stack(0x0000000d41d00000,0x0000000d41e00000)]
  0x000001995c05a000 JavaThread "jar transforms Thread 10" [_thread_blocked, id=11964, stack(0x0000000d41e00000,0x0000000d41f00000)]
  0x000001995c058800 JavaThread "jar transforms Thread 11" [_thread_blocked, id=16332, stack(0x0000000d41f00000,0x0000000d42000000)]
  0x000001995c059800 JavaThread "jar transforms Thread 12" [_thread_blocked, id=18140, stack(0x0000000d42000000,0x0000000d42100000)]
  0x000001995c054800 JavaThread "jar transforms Thread 13" [_thread_blocked, id=11896, stack(0x0000000d42100000,0x0000000d42200000)]
  0x000001995c05b000 JavaThread "jar transforms Thread 14" [_thread_blocked, id=12912, stack(0x0000000d42200000,0x0000000d42300000)]
  0x000001995c055800 JavaThread "jar transforms Thread 15" [_thread_blocked, id=12240, stack(0x0000000d42300000,0x0000000d42400000)]
  0x000001995c05c000 JavaThread "jar transforms Thread 16" [_thread_blocked, id=6332, stack(0x0000000d42400000,0x0000000d42500000)]
  0x000001995c057000 JavaThread "jar transforms Thread 17" [_thread_blocked, id=22460, stack(0x0000000d42500000,0x0000000d42600000)]
  0x000001995c056000 JavaThread "jar transforms Thread 18" [_thread_blocked, id=17276, stack(0x0000000d42600000,0x0000000d42700000)]
  0x000001995c05f000 JavaThread "jar transforms Thread 19" [_thread_blocked, id=22632, stack(0x0000000d42700000,0x0000000d42800000)]
  0x000001995c062800 JavaThread "jar transforms Thread 20" [_thread_blocked, id=23448, stack(0x0000000d42800000,0x0000000d42900000)]
  0x000001995c05e800 JavaThread "jar transforms Thread 21" [_thread_blocked, id=10764, stack(0x0000000d42900000,0x0000000d42a00000)]
  0x000001995c060000 JavaThread "jar transforms Thread 22" [_thread_blocked, id=4240, stack(0x0000000d42a00000,0x0000000d42b00000)]
  0x000001995c05d800 JavaThread "jar transforms Thread 23" [_thread_blocked, id=13172, stack(0x0000000d42b00000,0x0000000d42c00000)]
  0x000001995c060800 JavaThread "jar transforms Thread 24" [_thread_blocked, id=24076, stack(0x0000000d42c00000,0x0000000d42d00000)]
  0x000001995c05c800 JavaThread "jar transforms Thread 25" [_thread_blocked, id=8800, stack(0x0000000d42d00000,0x0000000d42e00000)]
  0x000001995c061800 JavaThread "jar transforms Thread 26" [_thread_blocked, id=4908, stack(0x0000000d42e00000,0x0000000d42f00000)]
  0x000001995c063000 JavaThread "jar transforms Thread 27" [_thread_blocked, id=2148, stack(0x0000000d42f00000,0x0000000d43000000)]
  0x000001995af2d000 JavaThread "jar transforms Thread 28" [_thread_blocked, id=2704, stack(0x0000000d43000000,0x0000000d43100000)]
  0x000001995af2f800 JavaThread "jar transforms Thread 29" [_thread_blocked, id=12980, stack(0x0000000d43100000,0x0000000d43200000)]
  0x000001995af2a800 JavaThread "jar transforms Thread 30" [_thread_blocked, id=23128, stack(0x0000000d43200000,0x0000000d43300000)]
  0x000001995af2e000 JavaThread "jar transforms Thread 31" [_thread_blocked, id=12944, stack(0x0000000d43300000,0x0000000d43400000)]
  0x000001995af2a000 JavaThread "jar transforms Thread 32" [_thread_blocked, id=19768, stack(0x0000000d43400000,0x0000000d43500000)]
  0x000001995af31800 JavaThread "jar transforms Thread 33" [_thread_blocked, id=5000, stack(0x0000000d43500000,0x0000000d43600000)]
  0x000001995af30800 JavaThread "jar transforms Thread 34" [_thread_blocked, id=21552, stack(0x0000000d43600000,0x0000000d43700000)]
  0x000001995af2b800 JavaThread "jar transforms Thread 35" [_thread_blocked, id=9828, stack(0x0000000d43700000,0x0000000d43800000)]
  0x000001995af2f000 JavaThread "jar transforms Thread 36" [_thread_blocked, id=21520, stack(0x0000000d43800000,0x0000000d43900000)]
  0x000001995af2c800 JavaThread "jar transforms Thread 37" [_thread_blocked, id=4624, stack(0x0000000d43900000,0x0000000d43a00000)]
  0x000001995af36000 JavaThread "jar transforms Thread 38" [_thread_blocked, id=14656, stack(0x0000000d43a00000,0x0000000d43b00000)]
  0x000001995af37000 JavaThread "jar transforms Thread 39" [_thread_blocked, id=22660, stack(0x0000000d43b00000,0x0000000d43c00000)]
  0x000001995af35800 JavaThread "jar transforms Thread 40" [_thread_blocked, id=8788, stack(0x0000000d43c00000,0x0000000d43d00000)]
  0x000001995af38000 JavaThread "jar transforms Thread 41" [_thread_blocked, id=13472, stack(0x0000000d43d00000,0x0000000d43e00000)]
  0x000001995af32000 JavaThread "jar transforms Thread 42" [_thread_blocked, id=20028, stack(0x0000000d43e00000,0x0000000d43f00000)]
  0x000001995af38800 JavaThread "jar transforms Thread 43" [_thread_blocked, id=2600, stack(0x0000000d43f00000,0x0000000d44000000)]
  0x000001995af33000 JavaThread "jar transforms Thread 44" [_thread_blocked, id=19608, stack(0x0000000d44000000,0x0000000d44100000)]
  0x000001995af34800 JavaThread "jar transforms Thread 45" [_thread_blocked, id=15492, stack(0x0000000d44100000,0x0000000d44200000)]
  0x000001995af33800 JavaThread "jar transforms Thread 46" [_thread_blocked, id=22040, stack(0x0000000d44200000,0x0000000d44300000)]
  0x000001995af43800 JavaThread "jar transforms Thread 47" [_thread_blocked, id=10644, stack(0x0000000d44300000,0x0000000d44400000)]
  0x000001995af44800 JavaThread "jar transforms Thread 48" [_thread_blocked, id=19904, stack(0x0000000d44400000,0x0000000d44500000)]
  0x000001995af45000 JavaThread "jar transforms Thread 49" [_thread_blocked, id=13772, stack(0x0000000d44500000,0x0000000d44600000)]
  0x000001995af46000 JavaThread "jar transforms Thread 50" [_thread_blocked, id=12828, stack(0x0000000d44600000,0x0000000d44700000)]
  0x000001995af47000 JavaThread "jar transforms Thread 51" [_thread_blocked, id=20796, stack(0x0000000d44700000,0x0000000d44800000)]
  0x000001995af47800 JavaThread "jar transforms Thread 52" [_thread_blocked, id=14836, stack(0x0000000d44800000,0x0000000d44900000)]
  0x000001995af42000 JavaThread "jar transforms Thread 53" [_thread_blocked, id=22552, stack(0x0000000d44900000,0x0000000d44a00000)]
  0x000001995af48800 JavaThread "jar transforms Thread 54" [_thread_blocked, id=16844, stack(0x0000000d44a00000,0x0000000d44b00000)]
  0x000001995af42800 JavaThread "jar transforms Thread 55" [_thread_blocked, id=14024, stack(0x0000000d44b00000,0x0000000d44c00000)]
  0x000001995af4f000 JavaThread "jar transforms Thread 56" [_thread_blocked, id=20080, stack(0x0000000d44c00000,0x0000000d44d00000)]
  0x000001995af4e000 JavaThread "jar transforms Thread 57" [_thread_blocked, id=8784, stack(0x0000000d44d00000,0x0000000d44e00000)]
  0x000001995af4d800 JavaThread "jar transforms Thread 58" [_thread_blocked, id=472, stack(0x0000000d44e00000,0x0000000d44f00000)]
  0x000001995af4a000 JavaThread "jar transforms Thread 59" [_thread_blocked, id=15840, stack(0x0000000d44f00000,0x0000000d45000000)]
  0x000001995af49800 JavaThread "jar transforms Thread 60" [_thread_blocked, id=16868, stack(0x0000000d45000000,0x0000000d45100000)]
  0x000001995af4c800 JavaThread "jar transforms Thread 61" [_thread_blocked, id=9380, stack(0x0000000d45100000,0x0000000d45200000)]
  0x000001995af4b800 JavaThread "jar transforms Thread 62" [_thread_blocked, id=13688, stack(0x0000000d45200000,0x0000000d45300000)]
  0x000001995af50000 JavaThread "jar transforms Thread 63" [_thread_blocked, id=18344, stack(0x0000000d45300000,0x0000000d45400000)]
  0x000001995af50800 JavaThread "jar transforms Thread 64" [_thread_blocked, id=23372, stack(0x0000000d45400000,0x0000000d45500000)]
  0x000001995af4b000 JavaThread "jar transforms Thread 65" [_thread_blocked, id=13832, stack(0x0000000d45500000,0x0000000d45600000)]
  0x000001995bfef800 JavaThread "jar transforms Thread 66" [_thread_blocked, id=12476, stack(0x0000000d45600000,0x0000000d45700000)]
  0x000001995bff5000 JavaThread "jar transforms Thread 67" [_thread_blocked, id=9316, stack(0x0000000d45700000,0x0000000d45800000)]
  0x000001995bff1800 JavaThread "jar transforms Thread 68" [_thread_blocked, id=21392, stack(0x0000000d45800000,0x0000000d45900000)]
  0x000001995bff6000 JavaThread "jar transforms Thread 69" [_thread_blocked, id=22980, stack(0x0000000d45900000,0x0000000d45a00000)]
  0x000001995bff1000 JavaThread "jar transforms Thread 70" [_thread_blocked, id=18588, stack(0x0000000d45a00000,0x0000000d45b00000)]
  0x000001995bff4000 JavaThread "jar transforms Thread 71" [_thread_blocked, id=11820, stack(0x0000000d45b00000,0x0000000d45c00000)]
  0x000001995bff0000 JavaThread "jar transforms Thread 72" [_thread_blocked, id=18016, stack(0x0000000d45c00000,0x0000000d45d00000)]
  0x000001995bff6800 JavaThread "jar transforms Thread 73" [_thread_blocked, id=17264, stack(0x0000000d45d00000,0x0000000d45e00000)]
  0x000001995bff8800 JavaThread "jar transforms Thread 74" [_thread_blocked, id=19320, stack(0x0000000d45e00000,0x0000000d45f00000)]
  0x000001995bff7800 JavaThread "jar transforms Thread 75" [_thread_blocked, id=10744, stack(0x0000000d45f00000,0x0000000d46000000)]
  0x000001995bff2800 JavaThread "jar transforms Thread 76" [_thread_blocked, id=16916, stack(0x0000000d46000000,0x0000000d46100000)]
  0x000001995bff3800 JavaThread "jar transforms Thread 77" [_thread_blocked, id=18572, stack(0x0000000d46100000,0x0000000d46200000)]
  0x000001995bffd000 JavaThread "jar transforms Thread 78" [_thread_blocked, id=2388, stack(0x0000000d46200000,0x0000000d46300000)]
  0x000001995bff9000 JavaThread "jar transforms Thread 79" [_thread_blocked, id=10280, stack(0x0000000d46300000,0x0000000d46400000)]
  0x000001995bffe000 JavaThread "jar transforms Thread 80" [_thread_blocked, id=9416, stack(0x0000000d46400000,0x0000000d46500000)]
  0x000001995bffc800 JavaThread "jar transforms Thread 81" [_thread_blocked, id=5840, stack(0x0000000d46500000,0x0000000d46600000)]
  0x000001995bffa000 JavaThread "jar transforms Thread 82" [_thread_blocked, id=16804, stack(0x0000000d46600000,0x0000000d46700000)]
  0x000001995bffa800 JavaThread "jar transforms Thread 83" [_thread_blocked, id=24220, stack(0x0000000d46700000,0x0000000d46800000)]
  0x000001995bffb800 JavaThread "jar transforms Thread 84" [_thread_blocked, id=9172, stack(0x0000000d46800000,0x0000000d46900000)]
  0x000001995be38000 JavaThread "jar transforms Thread 85" [_thread_blocked, id=20264, stack(0x0000000d46900000,0x0000000d46a00000)]
  0x000001995be3a800 JavaThread "jar transforms Thread 86" [_thread_blocked, id=20496, stack(0x0000000d46a00000,0x0000000d46b00000)]
  0x000001995be3b800 JavaThread "jar transforms Thread 87" [_thread_blocked, id=15256, stack(0x0000000d46b00000,0x0000000d46c00000)]
  0x000001995be3d000 JavaThread "jar transforms Thread 88" [_thread_blocked, id=18084, stack(0x0000000d46c00000,0x0000000d46d00000)]
  0x000001995be39000 JavaThread "jar transforms Thread 89" [_thread_blocked, id=22768, stack(0x0000000d46d00000,0x0000000d46e00000)]
  0x000001995be3f800 JavaThread "jar transforms Thread 90" [_thread_blocked, id=14032, stack(0x0000000d46e00000,0x0000000d46f00000)]
  0x000001995be3d800 JavaThread "jar transforms Thread 91" [_thread_blocked, id=21568, stack(0x0000000d46f00000,0x0000000d47000000)]
  0x000001995be3e800 JavaThread "jar transforms Thread 92" [_thread_blocked, id=4452, stack(0x0000000d47000000,0x0000000d47100000)]
  0x000001995be39800 JavaThread "jar transforms Thread 93" [_thread_blocked, id=17132, stack(0x0000000d47100000,0x0000000d47200000)]
  0x000001995be40000 JavaThread "jar transforms Thread 94" [_thread_blocked, id=18460, stack(0x0000000d47200000,0x0000000d47300000)]
  0x000001995be41000 JavaThread "jar transforms Thread 95" [_thread_blocked, id=17452, stack(0x0000000d47300000,0x0000000d47400000)]
  0x000001995be42000 JavaThread "jar transforms Thread 96" [_thread_blocked, id=11876, stack(0x0000000d47400000,0x0000000d47500000)]
  0x000001995be3c000 JavaThread "jar transforms Thread 97" [_thread_blocked, id=9352, stack(0x0000000d47500000,0x0000000d47600000)]
  0x000001995be42800 JavaThread "jar transforms Thread 98" [_thread_blocked, id=4652, stack(0x0000000d47600000,0x0000000d47700000)]
  0x000001995be43800 JavaThread "jar transforms Thread 99" [_thread_blocked, id=24364, stack(0x0000000d47700000,0x0000000d47800000)]
  0x000001995be46800 JavaThread "jar transforms Thread 100" [_thread_blocked, id=10728, stack(0x0000000d47800000,0x0000000d47900000)]
  0x000001995be44800 JavaThread "jar transforms Thread 101" [_thread_blocked, id=23472, stack(0x0000000d47900000,0x0000000d47a00000)]
  0x000001995be45000 JavaThread "jar transforms Thread 102" [_thread_blocked, id=12064, stack(0x0000000d47a00000,0x0000000d47b00000)]
  0x000001995be46000 JavaThread "jar transforms Thread 103" [_thread_blocked, id=19736, stack(0x0000000d47b00000,0x0000000d47c00000)]
  0x000001995c8af800 JavaThread "jar transforms Thread 104" [_thread_blocked, id=9756, stack(0x0000000d47c00000,0x0000000d47d00000)]
  0x000001995c8b0000 JavaThread "jar transforms Thread 105" [_thread_blocked, id=3616, stack(0x0000000d47d00000,0x0000000d47e00000)]
  0x000001995c8b2800 JavaThread "jar transforms Thread 106" [_thread_blocked, id=15940, stack(0x0000000d47e00000,0x0000000d47f00000)]
  0x000001995c8ae800 JavaThread "jar transforms Thread 107" [_thread_blocked, id=1664, stack(0x0000000d47f00000,0x0000000d48000000)]
  0x000001995c8b1000 JavaThread "jar transforms Thread 108" [_thread_blocked, id=16548, stack(0x0000000d48000000,0x0000000d48100000)]
  0x000001995c8b3800 JavaThread "jar transforms Thread 109" [_thread_blocked, id=4408, stack(0x0000000d48100000,0x0000000d48200000)]
  0x000001995c8b2000 JavaThread "jar transforms Thread 110" [_thread_blocked, id=23648, stack(0x0000000d48200000,0x0000000d48300000)]
  0x000001995c8ae000 JavaThread "jar transforms Thread 111" [_thread_blocked, id=22296, stack(0x0000000d48300000,0x0000000d48400000)]
  0x000001995c8b6000 JavaThread "jar transforms Thread 112" [_thread_blocked, id=7728, stack(0x0000000d48400000,0x0000000d48500000)]
  0x000001995c8b7000 JavaThread "jar transforms Thread 113" [_thread_blocked, id=1420, stack(0x0000000d48500000,0x0000000d48600000)]
  0x000001995c8b4800 JavaThread "jar transforms Thread 114" [_thread_blocked, id=20512, stack(0x0000000d48600000,0x0000000d48700000)]
  0x000001995c8b9000 JavaThread "jar transforms Thread 115" [_thread_blocked, id=17100, stack(0x0000000d48700000,0x0000000d48800000)]
  0x000001995c8bb000 JavaThread "jar transforms Thread 116" [_thread_blocked, id=15580, stack(0x0000000d48800000,0x0000000d48900000)]
  0x000001995c8b5000 JavaThread "jar transforms Thread 117" [_thread_blocked, id=23340, stack(0x0000000d48900000,0x0000000d48a00000)]
  0x000001995c8ba000 JavaThread "jar transforms Thread 118" [_thread_blocked, id=16888, stack(0x0000000d48a00000,0x0000000d48b00000)]
  0x000001995c8bb800 JavaThread "jar transforms Thread 119" [_thread_blocked, id=20332, stack(0x0000000d48b00000,0x0000000d48c00000)]
  0x000001995c8bc800 JavaThread "jar transforms Thread 120" [_thread_blocked, id=21240, stack(0x0000000d48c00000,0x0000000d48d00000)]
  0x000001995c8b7800 JavaThread "jar transforms Thread 121" [_thread_blocked, id=23404, stack(0x0000000d48d00000,0x0000000d48e00000)]
  0x000001995c8b8800 JavaThread "Memory manager" [_thread_blocked, id=4556, stack(0x0000000d48f00000,0x0000000d49000000)]
  0x0000019960b77800 JavaThread "build event listener" [_thread_blocked, id=5736, stack(0x0000000d49000000,0x0000000d49100000)]
  0x0000019960b78800 JavaThread "pool-3-thread-1" [_thread_blocked, id=21384, stack(0x0000000d49100000,0x0000000d49200000)]
  0x0000019960b79800 JavaThread "build event listener" [_thread_blocked, id=5064, stack(0x0000000d49200000,0x0000000d49300000)]
  0x0000019960b7a000 JavaThread "Execution worker for ':'" [_thread_blocked, id=9320, stack(0x0000000d49300000,0x0000000d49400000)]
  0x0000019960b77000 JavaThread "Execution worker for ':' Thread 2" [_thread_blocked, id=6500, stack(0x0000000d49400000,0x0000000d49500000)]
  0x0000019960b7d800 JavaThread "Execution worker for ':' Thread 3" [_thread_blocked, id=1988, stack(0x0000000d49500000,0x0000000d49600000)]
  0x0000019960b80800 JavaThread "Execution worker for ':' Thread 4" [_thread_blocked, id=17904, stack(0x0000000d49600000,0x0000000d49700000)]
  0x0000019960b7b800 JavaThread "Execution worker for ':' Thread 5" [_thread_blocked, id=20376, stack(0x0000000d49700000,0x0000000d49800000)]
  0x0000019960b7f000 JavaThread "Execution worker for ':' Thread 6" [_thread_blocked, id=20508, stack(0x0000000d49800000,0x0000000d49900000)]
  0x0000019960b80000 JavaThread "Execution worker for ':' Thread 7" [_thread_blocked, id=17772, stack(0x0000000d49900000,0x0000000d49a00000)]
  0x0000019960b7b000 JavaThread "Cache worker for execution history cache (C:\Users\Alejandro\AndroidStudioProjects\real-estate-app\.gradle\6.7.1\executionHistory)" [_thread_blocked, id=5016, stack(0x0000000d49a00000,0x0000000d49b00000)]
  0x0000019960b7c800 JavaThread "Cache worker for Java compile cache (C:\Users\Alejandro\.gradle\caches\6.7.1\javaCompile)" [_thread_blocked, id=7332, stack(0x0000000d49b00000,0x0000000d49c00000)]
  0x0000019960b82800 JavaThread "Cache worker for Java compile cache (C:\Users\Alejandro\AndroidStudioProjects\real-estate-app\.gradle\6.7.1\javaCompile)" [_thread_blocked, id=13948, stack(0x0000000d49c00000,0x0000000d49d00000)]
  0x0000019960b81800 JavaThread "WorkerExecutor Queue" [_thread_blocked, id=9888, stack(0x0000000d48e00000,0x0000000d48f00000)]
  0x0000019960b7e000 JavaThread "WorkerExecutor Queue Thread 2" [_thread_blocked, id=22964, stack(0x0000000d49d00000,0x0000000d49e00000)]
  0x0000019960b84000 JavaThread "WorkerExecutor Queue Thread 3" [_thread_blocked, id=648, stack(0x0000000d49e00000,0x0000000d49f00000)]
  0x0000019960b85800 JavaThread "WorkerExecutor Queue Thread 4" [_thread_blocked, id=24104, stack(0x0000000d49f00000,0x0000000d4a000000)]
  0x0000019960b84800 JavaThread "WorkerExecutor Queue Thread 5" [_thread_in_vm, id=10936, stack(0x0000000d4a000000,0x0000000d4a100000)]
  0x0000019958cdd000 JavaThread "WorkerExecutor Queue Thread 6" [_thread_blocked, id=10568, stack(0x0000000d4a100000,0x0000000d4a200000)]
  0x0000019958ce0000 JavaThread "WorkerExecutor Queue Thread 7" [_thread_blocked, id=8168, stack(0x0000000d4a200000,0x0000000d4a300000)]
  0x0000019958ce3800 JavaThread "WorkerExecutor Queue Thread 8" [_thread_blocked, id=24492, stack(0x0000000d4a300000,0x0000000d4a400000)]

Other Threads:
  0x000001995807c800 VMThread "VM Thread" [stack: 0x0000000d3e400000,0x0000000d3e500000] [id=1280]
  0x0000019958ba2800 WatcherThread [stack: 0x0000000d3ee00000,0x0000000d3ef00000] [id=13984]
  0x000001993d5c0800 GCTaskThread "GC Thread#0" [stack: 0x0000000d3df00000,0x0000000d3e000000] [id=9564]
  0x0000019959a2a800 GCTaskThread "GC Thread#1" [stack: 0x0000000d3f000000,0x0000000d3f100000] [id=8828]
  0x0000019959abe000 GCTaskThread "GC Thread#2" [stack: 0x0000000d3f100000,0x0000000d3f200000] [id=16216]
  0x000001995a7ae800 GCTaskThread "GC Thread#3" [stack: 0x0000000d3fd00000,0x0000000d3fe00000] [id=14520]
  0x000001995a683000 GCTaskThread "GC Thread#4" [stack: 0x0000000d3fe00000,0x0000000d3ff00000] [id=10812]
  0x000001995a69a000 GCTaskThread "GC Thread#5" [stack: 0x0000000d3ff00000,0x0000000d40000000] [id=5948]
  0x000001995b4ec800 GCTaskThread "GC Thread#6" [stack: 0x0000000d40000000,0x0000000d40100000] [id=19660]
  0x000001995b4f9000 GCTaskThread "GC Thread#7" [stack: 0x0000000d40100000,0x0000000d40200000] [id=17784]
  0x000001993d5f1800 ConcurrentGCThread "G1 Main Marker" [stack: 0x0000000d3e000000,0x0000000d3e100000] [id=14944]
  0x000001993d5f4000 ConcurrentGCThread "G1 Conc#0" [stack: 0x0000000d3e100000,0x0000000d3e200000] [id=17228]
  0x000001995ae9c800 ConcurrentGCThread "G1 Conc#1" [stack: 0x0000000d40400000,0x0000000d40500000] [id=24168]
  0x000001993d688000 ConcurrentGCThread "G1 Refine#0" [stack: 0x0000000d3e200000,0x0000000d3e300000] [id=19896]
  0x0000019957ed0800 ConcurrentGCThread "G1 Young RemSet Sampling" [stack: 0x0000000d3e300000,0x0000000d3e400000] [id=19920]

Threads with active compile tasks:
C2 CompilerThread0  24309 14265   !   4       java.nio.file.FileTreeWalker::next (144 bytes)
C1 CompilerThread0  24309 14359       2       java.util.ArrayDeque::pop (5 bytes)

VM state:not at safepoint (normal execution)

VM Mutex/Monitor currently owned by a thread: None

Heap address: 0x0000000080000000, size: 2048 MB, Compressed Oops mode: 32-bit
Narrow klass base: 0x0000000000000000, Narrow klass shift: 3
Compressed class space size: 1073741824 Address: 0x0000000100000000

Heap:
 garbage-first heap   total 225280K, used 125292K [0x0000000080000000, 0x0000000100000000)
  region size 1024K, 24 young (24576K), 4 survivors (4096K)
 Metaspace       used 107041K, capacity 109668K, committed 111312K, reserved 1144832K
  class space    used 13764K, capacity 14762K, committed 15364K, reserved 1048576K
Heap Regions: E=young(eden), S=young(survivor), O=old, HS=humongous(starts), HC=humongous(continues), CS=collection set, F=free, A=archive, TAMS=top-at-mark-start (previous, next)
|   0|0x0000000080000000, 0x0000000080100000, 0x0000000080100000|100%| O|  |TAMS 0x0000000080100000, 0x0000000080000000| Untracked 
|   1|0x0000000080100000, 0x0000000080200000, 0x0000000080200000|100%| O|  |TAMS 0x0000000080200000, 0x0000000080100000| Untracked 
|   2|0x0000000080200000, 0x0000000080300000, 0x0000000080300000|100%| O|  |TAMS 0x0000000080300000, 0x0000000080200000| Untracked 
|   3|0x0000000080300000, 0x0000000080400000, 0x0000000080400000|100%|HS|  |TAMS 0x0000000080400000, 0x0000000080300000| Complete 
|   4|0x0000000080400000, 0x0000000080500000, 0x0000000080500000|100%|HC|  |TAMS 0x0000000080500000, 0x0000000080400000| Complete 
|   5|0x0000000080500000, 0x0000000080600000, 0x0000000080600000|100%|HC|  |TAMS 0x0000000080600000, 0x0000000080500000| Complete 
|   6|0x0000000080600000, 0x0000000080700000, 0x0000000080700000|100%| O|  |TAMS 0x0000000080700000, 0x0000000080600000| Untracked 
|   7|0x0000000080700000, 0x0000000080800000, 0x0000000080800000|100%| O|  |TAMS 0x0000000080800000, 0x0000000080700000| Untracked 
|   8|0x0000000080800000, 0x0000000080900000, 0x0000000080900000|100%| O|  |TAMS 0x0000000080900000, 0x0000000080800000| Untracked 
|   9|0x0000000080900000, 0x0000000080a00000, 0x0000000080a00000|100%| O|  |TAMS 0x0000000080a00000, 0x0000000080900000| Untracked 
|  10|0x0000000080a00000, 0x0000000080b00000, 0x0000000080b00000|100%| O|  |TAMS 0x0000000080b00000, 0x0000000080a00000| Untracked 
|  11|0x0000000080b00000, 0x0000000080c00000, 0x0000000080c00000|100%| O|  |TAMS 0x0000000080c00000, 0x0000000080b00000| Untracked 
|  12|0x0000000080c00000, 0x0000000080d00000, 0x0000000080d00000|100%| O|  |TAMS 0x0000000080d00000, 0x0000000080c00000| Untracked 
|  13|0x0000000080d00000, 0x0000000080e00000, 0x0000000080e00000|100%| O|  |TAMS 0x0000000080e00000, 0x0000000080d00000| Untracked 
|  14|0x0000000080e00000, 0x0000000080f00000, 0x0000000080f00000|100%| O|  |TAMS 0x0000000080f00000, 0x0000000080e00000| Untracked 
|  15|0x0000000080f00000, 0x0000000081000000, 0x0000000081000000|100%| O|  |TAMS 0x0000000081000000, 0x0000000080f00000| Untracked 
|  16|0x0000000081000000, 0x0000000081100000, 0x0000000081100000|100%| O|  |TAMS 0x0000000081100000, 0x0000000081000000| Untracked 
|  17|0x0000000081100000, 0x0000000081200000, 0x0000000081200000|100%| O|  |TAMS 0x0000000081200000, 0x0000000081100000| Untracked 
|  18|0x0000000081200000, 0x0000000081300000, 0x0000000081300000|100%| O|  |TAMS 0x0000000081300000, 0x0000000081200000| Untracked 
|  19|0x0000000081300000, 0x0000000081400000, 0x0000000081400000|100%| O|  |TAMS 0x0000000081400000, 0x0000000081300000| Untracked 
|  20|0x0000000081400000, 0x0000000081500000, 0x0000000081500000|100%| O|  |TAMS 0x0000000081500000, 0x0000000081400000| Untracked 
|  21|0x0000000081500000, 0x0000000081600000, 0x0000000081600000|100%| O|  |TAMS 0x0000000081600000, 0x0000000081500000| Untracked 
|  22|0x0000000081600000, 0x0000000081700000, 0x0000000081700000|100%|HS|  |TAMS 0x0000000081700000, 0x0000000081600000| Complete 
|  23|0x0000000081700000, 0x0000000081800000, 0x0000000081800000|100%|HS|  |TAMS 0x0000000081800000, 0x0000000081700000| Complete 
|  24|0x0000000081800000, 0x0000000081900000, 0x0000000081900000|100%|HC|  |TAMS 0x0000000081900000, 0x0000000081800000| Complete 
|  25|0x0000000081900000, 0x0000000081a00000, 0x0000000081a00000|100%|HC|  |TAMS 0x0000000081a00000, 0x0000000081900000| Complete 
|  26|0x0000000081a00000, 0x0000000081b00000, 0x0000000081b00000|100%|HS|  |TAMS 0x0000000081b00000, 0x0000000081a00000| Complete 
|  27|0x0000000081b00000, 0x0000000081c00000, 0x0000000081c00000|100%|HC|  |TAMS 0x0000000081c00000, 0x0000000081b00000| Complete 
|  28|0x0000000081c00000, 0x0000000081d00000, 0x0000000081d00000|100%| O|  |TAMS 0x0000000081d00000, 0x0000000081c00000| Untracked 
|  29|0x0000000081d00000, 0x0000000081e00000, 0x0000000081e00000|100%| O|  |TAMS 0x0000000081e00000, 0x0000000081d00000| Untracked 
|  30|0x0000000081e00000, 0x0000000081f00000, 0x0000000081f00000|100%| O|  |TAMS 0x0000000081f00000, 0x0000000081e00000| Untracked 
|  31|0x0000000081f00000, 0x0000000082000000, 0x0000000082000000|100%| O|  |TAMS 0x0000000082000000, 0x0000000081f00000| Untracked 
|  32|0x0000000082000000, 0x0000000082100000, 0x0000000082100000|100%| O|  |TAMS 0x0000000082100000, 0x0000000082000000| Untracked 
|  33|0x0000000082100000, 0x0000000082200000, 0x0000000082200000|100%| O|  |TAMS 0x0000000082200000, 0x0000000082100000| Untracked 
|  34|0x0000000082200000, 0x0000000082300000, 0x0000000082300000|100%| O|  |TAMS 0x0000000082300000, 0x0000000082200000| Untracked 
|  35|0x0000000082300000, 0x0000000082400000, 0x0000000082400000|100%| O|  |TAMS 0x0000000082400000, 0x0000000082300000| Untracked 
|  36|0x0000000082400000, 0x0000000082500000, 0x0000000082500000|100%| O|  |TAMS 0x0000000082500000, 0x0000000082400000| Untracked 
|  37|0x0000000082500000, 0x0000000082600000, 0x0000000082600000|100%| O|  |TAMS 0x0000000082600000, 0x0000000082500000| Untracked 
|  38|0x0000000082600000, 0x0000000082700000, 0x0000000082700000|100%| O|  |TAMS 0x0000000082700000, 0x0000000082600000| Untracked 
|  39|0x0000000082700000, 0x0000000082800000, 0x0000000082800000|100%| O|  |TAMS 0x0000000082800000, 0x0000000082700000| Untracked 
|  40|0x0000000082800000, 0x0000000082900000, 0x0000000082900000|100%| O|  |TAMS 0x0000000082900000, 0x0000000082800000| Untracked 
|  41|0x0000000082900000, 0x0000000082a00000, 0x0000000082a00000|100%| O|  |TAMS 0x0000000082a00000, 0x0000000082900000| Untracked 
|  42|0x0000000082a00000, 0x0000000082b00000, 0x0000000082b00000|100%| O|  |TAMS 0x0000000082b00000, 0x0000000082a00000| Untracked 
|  43|0x0000000082b00000, 0x0000000082c00000, 0x0000000082c00000|100%| O|  |TAMS 0x0000000082c00000, 0x0000000082b00000| Untracked 
|  44|0x0000000082c00000, 0x0000000082d00000, 0x0000000082d00000|100%| O|  |TAMS 0x0000000082d00000, 0x0000000082c00000| Untracked 
|  45|0x0000000082d00000, 0x0000000082e00000, 0x0000000082e00000|100%| O|  |TAMS 0x0000000082e00000, 0x0000000082d00000| Untracked 
|  46|0x0000000082e00000, 0x0000000082f00000, 0x0000000082f00000|100%| O|  |TAMS 0x0000000082f00000, 0x0000000082e00000| Untracked 
|  47|0x0000000082f00000, 0x0000000083000000, 0x0000000083000000|100%| O|  |TAMS 0x0000000083000000, 0x0000000082f00000| Untracked 
|  48|0x0000000083000000, 0x0000000083100000, 0x0000000083100000|100%| O|  |TAMS 0x0000000083100000, 0x0000000083000000| Untracked 
|  49|0x0000000083100000, 0x0000000083200000, 0x0000000083200000|100%| O|  |TAMS 0x0000000083200000, 0x0000000083100000| Untracked 
|  50|0x0000000083200000, 0x0000000083300000, 0x0000000083300000|100%| O|  |TAMS 0x0000000083300000, 0x0000000083200000| Untracked 
|  51|0x0000000083300000, 0x0000000083400000, 0x0000000083400000|100%| O|  |TAMS 0x0000000083400000, 0x0000000083300000| Untracked 
|  52|0x0000000083400000, 0x0000000083500000, 0x0000000083500000|100%| O|  |TAMS 0x0000000083500000, 0x0000000083400000| Untracked 
|  53|0x0000000083500000, 0x0000000083600000, 0x0000000083600000|100%| O|  |TAMS 0x0000000083600000, 0x0000000083500000| Untracked 
|  54|0x0000000083600000, 0x0000000083700000, 0x0000000083700000|100%| O|  |TAMS 0x0000000083700000, 0x0000000083600000| Untracked 
|  55|0x0000000083700000, 0x0000000083800000, 0x0000000083800000|100%| O|  |TAMS 0x0000000083800000, 0x0000000083700000| Untracked 
|  56|0x0000000083800000, 0x0000000083900000, 0x0000000083900000|100%| O|  |TAMS 0x0000000083900000, 0x0000000083800000| Untracked 
|  57|0x0000000083900000, 0x0000000083a00000, 0x0000000083a00000|100%| O|  |TAMS 0x0000000083a00000, 0x0000000083900000| Untracked 
|  58|0x0000000083a00000, 0x0000000083b00000, 0x0000000083b00000|100%| O|  |TAMS 0x0000000083b00000, 0x0000000083a00000| Untracked 
|  59|0x0000000083b00000, 0x0000000083c00000, 0x0000000083c00000|100%| O|  |TAMS 0x0000000083c00000, 0x0000000083b00000| Untracked 
|  60|0x0000000083c00000, 0x0000000083d00000, 0x0000000083d00000|100%| O|  |TAMS 0x0000000083d00000, 0x0000000083c00000| Untracked 
|  61|0x0000000083d00000, 0x0000000083e00000, 0x0000000083e00000|100%| O|  |TAMS 0x0000000083e00000, 0x0000000083d00000| Untracked 
|  62|0x0000000083e00000, 0x0000000083f00000, 0x0000000083f00000|100%| O|  |TAMS 0x0000000083f00000, 0x0000000083e00000| Untracked 
|  63|0x0000000083f00000, 0x0000000084000000, 0x0000000084000000|100%| O|  |TAMS 0x0000000084000000, 0x0000000083f00000| Untracked 
|  64|0x0000000084000000, 0x0000000084100000, 0x0000000084100000|100%| O|  |TAMS 0x0000000084100000, 0x0000000084000000| Untracked 
|  65|0x0000000084100000, 0x0000000084200000, 0x0000000084200000|100%| O|  |TAMS 0x0000000084200000, 0x0000000084100000| Untracked 
|  66|0x0000000084200000, 0x0000000084300000, 0x0000000084300000|100%| O|  |TAMS 0x0000000084300000, 0x0000000084200000| Untracked 
|  67|0x0000000084300000, 0x0000000084400000, 0x0000000084400000|100%| O|  |TAMS 0x0000000084400000, 0x0000000084300000| Untracked 
|  68|0x0000000084400000, 0x0000000084500000, 0x0000000084500000|100%| O|  |TAMS 0x0000000084500000, 0x0000000084400000| Untracked 
|  69|0x0000000084500000, 0x0000000084600000, 0x0000000084600000|100%| O|  |TAMS 0x0000000084600000, 0x0000000084500000| Untracked 
|  70|0x0000000084600000, 0x0000000084700000, 0x0000000084700000|100%| O|  |TAMS 0x0000000084700000, 0x0000000084600000| Untracked 
|  71|0x0000000084700000, 0x0000000084800000, 0x0000000084800000|100%| O|  |TAMS 0x0000000084800000, 0x0000000084700000| Untracked 
|  72|0x0000000084800000, 0x0000000084900000, 0x0000000084900000|100%| O|  |TAMS 0x0000000084900000, 0x0000000084800000| Untracked 
|  73|0x0000000084900000, 0x0000000084a00000, 0x0000000084a00000|100%| O|  |TAMS 0x0000000084a00000, 0x0000000084900000| Untracked 
|  74|0x0000000084a00000, 0x0000000084b00000, 0x0000000084b00000|100%| O|  |TAMS 0x0000000084b00000, 0x0000000084a00000| Untracked 
|  75|0x0000000084b00000, 0x0000000084c00000, 0x0000000084c00000|100%| O|  |TAMS 0x0000000084c00000, 0x0000000084b00000| Untracked 
|  76|0x0000000084c00000, 0x0000000084d00000, 0x0000000084d00000|100%| O|  |TAMS 0x0000000084d00000, 0x0000000084c00000| Untracked 
|  77|0x0000000084d00000, 0x0000000084e00000, 0x0000000084e00000|100%| O|  |TAMS 0x0000000084e00000, 0x0000000084d00000| Untracked 
|  78|0x0000000084e00000, 0x0000000084f00000, 0x0000000084f00000|100%| O|  |TAMS 0x0000000084f00000, 0x0000000084e00000| Untracked 
|  79|0x0000000084f00000, 0x0000000085000000, 0x0000000085000000|100%| O|  |TAMS 0x0000000085000000, 0x0000000084f00000| Untracked 
|  80|0x0000000085000000, 0x0000000085100000, 0x0000000085100000|100%| O|  |TAMS 0x0000000085100000, 0x0000000085000000| Untracked 
|  81|0x0000000085100000, 0x0000000085200000, 0x0000000085200000|100%| O|  |TAMS 0x0000000085200000, 0x0000000085100000| Untracked 
|  82|0x0000000085200000, 0x0000000085300000, 0x0000000085300000|100%| O|  |TAMS 0x0000000085300000, 0x0000000085200000| Untracked 
|  83|0x0000000085300000, 0x0000000085400000, 0x0000000085400000|100%| O|  |TAMS 0x0000000085400000, 0x0000000085300000| Untracked 
|  84|0x0000000085400000, 0x0000000085500000, 0x0000000085500000|100%| O|  |TAMS 0x0000000085500000, 0x0000000085400000| Untracked 
|  85|0x0000000085500000, 0x0000000085600000, 0x0000000085600000|100%| O|  |TAMS 0x0000000085600000, 0x0000000085500000| Untracked 
|  86|0x0000000085600000, 0x0000000085700000, 0x0000000085700000|100%| O|  |TAMS 0x0000000085700000, 0x0000000085600000| Untracked 
|  87|0x0000000085700000, 0x0000000085800000, 0x0000000085800000|100%| O|  |TAMS 0x0000000085800000, 0x0000000085700000| Untracked 
|  88|0x0000000085800000, 0x0000000085900000, 0x0000000085900000|100%| O|  |TAMS 0x0000000085900000, 0x0000000085800000| Untracked 
|  89|0x0000000085900000, 0x0000000085a00000, 0x0000000085a00000|100%| O|  |TAMS 0x0000000085a00000, 0x0000000085900000| Untracked 
|  90|0x0000000085a00000, 0x0000000085b00000, 0x0000000085b00000|100%| O|  |TAMS 0x0000000085b00000, 0x0000000085a00000| Untracked 
|  91|0x0000000085b00000, 0x0000000085c00000, 0x0000000085c00000|100%| O|  |TAMS 0x0000000085c00000, 0x0000000085b00000| Untracked 
|  92|0x0000000085c00000, 0x0000000085d00000, 0x0000000085d00000|100%| O|  |TAMS 0x0000000085d00000, 0x0000000085c00000| Untracked 
|  93|0x0000000085d00000, 0x0000000085e00000, 0x0000000085e00000|100%| O|  |TAMS 0x0000000085e00000, 0x0000000085d00000| Untracked 
|  94|0x0000000085e00000, 0x0000000085f00000, 0x0000000085f00000|100%| O|  |TAMS 0x0000000085f00000, 0x0000000085e00000| Untracked 
|  95|0x0000000085f00000, 0x0000000086000000, 0x0000000086000000|100%| O|  |TAMS 0x0000000086000000, 0x0000000085f00000| Untracked 
|  96|0x0000000086000000, 0x0000000086100000, 0x0000000086100000|100%| O|  |TAMS 0x0000000086100000, 0x0000000086000000| Untracked 
|  97|0x0000000086100000, 0x0000000086200000, 0x0000000086200000|100%| O|  |TAMS 0x0000000086200000, 0x0000000086100000| Untracked 
|  98|0x0000000086200000, 0x00000000862a7200, 0x0000000086300000| 65%| O|  |TAMS 0x00000000862a7200, 0x0000000086200000| Untracked 
|  99|0x0000000086300000, 0x0000000086400000, 0x0000000086400000|100%|HS|  |TAMS 0x0000000086300000, 0x0000000086300000| Complete 
| 100|0x0000000086400000, 0x0000000086500000, 0x0000000086500000|100%|HS|  |TAMS 0x0000000086400000, 0x0000000086400000| Complete 
| 101|0x0000000086500000, 0x0000000086500000, 0x0000000086600000|  0%| F|  |TAMS 0x0000000086500000, 0x0000000086500000| Untracked 
| 102|0x0000000086600000, 0x0000000086600000, 0x0000000086700000|  0%| F|  |TAMS 0x0000000086600000, 0x0000000086600000| Untracked 
| 103|0x0000000086700000, 0x0000000086700000, 0x0000000086800000|  0%| F|  |TAMS 0x0000000086700000, 0x0000000086700000| Untracked 
| 104|0x0000000086800000, 0x0000000086800000, 0x0000000086900000|  0%| F|  |TAMS 0x0000000086800000, 0x0000000086800000| Untracked 
| 105|0x0000000086900000, 0x0000000086900000, 0x0000000086a00000|  0%| F|  |TAMS 0x0000000086900000, 0x0000000086900000| Untracked 
| 106|0x0000000086a00000, 0x0000000086a00000, 0x0000000086b00000|  0%| F|  |TAMS 0x0000000086a00000, 0x0000000086a00000| Untracked 
| 107|0x0000000086b00000, 0x0000000086b00000, 0x0000000086c00000|  0%| F|  |TAMS 0x0000000086b00000, 0x0000000086b00000| Untracked 
| 108|0x0000000086c00000, 0x0000000086c00000, 0x0000000086d00000|  0%| F|  |TAMS 0x0000000086c00000, 0x0000000086c00000| Untracked 
| 109|0x0000000086d00000, 0x0000000086d00000, 0x0000000086e00000|  0%| F|  |TAMS 0x0000000086d00000, 0x0000000086d00000| Untracked 
| 110|0x0000000086e00000, 0x0000000086e00000, 0x0000000086f00000|  0%| F|  |TAMS 0x0000000086e00000, 0x0000000086e00000| Untracked 
| 111|0x0000000086f00000, 0x0000000086f00000, 0x0000000087000000|  0%| F|  |TAMS 0x0000000086f00000, 0x0000000086f00000| Untracked 
| 112|0x0000000087000000, 0x0000000087000000, 0x0000000087100000|  0%| F|  |TAMS 0x0000000087000000, 0x0000000087000000| Untracked 
| 113|0x0000000087100000, 0x0000000087100000, 0x0000000087200000|  0%| F|  |TAMS 0x0000000087100000, 0x0000000087100000| Untracked 
| 114|0x0000000087200000, 0x0000000087200000, 0x0000000087300000|  0%| F|  |TAMS 0x0000000087200000, 0x0000000087200000| Untracked 
| 115|0x0000000087300000, 0x0000000087300000, 0x0000000087400000|  0%| F|  |TAMS 0x0000000087300000, 0x0000000087300000| Untracked 
| 116|0x0000000087400000, 0x0000000087400000, 0x0000000087500000|  0%| F|  |TAMS 0x0000000087400000, 0x0000000087400000| Untracked 
| 117|0x0000000087500000, 0x0000000087500000, 0x0000000087600000|  0%| F|  |TAMS 0x0000000087500000, 0x0000000087500000| Untracked 
| 118|0x0000000087600000, 0x0000000087600000, 0x0000000087700000|  0%| F|  |TAMS 0x0000000087600000, 0x0000000087600000| Untracked 
| 119|0x0000000087700000, 0x0000000087700000, 0x0000000087800000|  0%| F|  |TAMS 0x0000000087700000, 0x0000000087700000| Untracked 
| 120|0x0000000087800000, 0x0000000087800000, 0x0000000087900000|  0%| F|  |TAMS 0x0000000087800000, 0x0000000087800000| Untracked 
| 121|0x0000000087900000, 0x0000000087900000, 0x0000000087a00000|  0%| F|  |TAMS 0x0000000087900000, 0x0000000087900000| Untracked 
| 122|0x0000000087a00000, 0x0000000087a00000, 0x0000000087b00000|  0%| F|  |TAMS 0x0000000087a00000, 0x0000000087a00000| Untracked 
| 123|0x0000000087b00000, 0x0000000087b00000, 0x0000000087c00000|  0%| F|  |TAMS 0x0000000087b00000, 0x0000000087b00000| Untracked 
| 124|0x0000000087c00000, 0x0000000087c00000, 0x0000000087d00000|  0%| F|  |TAMS 0x0000000087c00000, 0x0000000087c00000| Untracked 
| 125|0x0000000087d00000, 0x0000000087d00000, 0x0000000087e00000|  0%| F|  |TAMS 0x0000000087d00000, 0x0000000087d00000| Untracked 
| 126|0x0000000087e00000, 0x0000000087e00000, 0x0000000087f00000|  0%| F|  |TAMS 0x0000000087e00000, 0x0000000087e00000| Untracked 
| 127|0x0000000087f00000, 0x0000000087f00000, 0x0000000088000000|  0%| F|  |TAMS 0x0000000087f00000, 0x0000000087f00000| Untracked 
| 128|0x0000000088000000, 0x0000000088000000, 0x0000000088100000|  0%| F|  |TAMS 0x0000000088000000, 0x0000000088000000| Untracked 
| 129|0x0000000088100000, 0x0000000088100000, 0x0000000088200000|  0%| F|  |TAMS 0x0000000088100000, 0x0000000088100000| Untracked 
| 130|0x0000000088200000, 0x0000000088200000, 0x0000000088300000|  0%| F|  |TAMS 0x0000000088200000, 0x0000000088200000| Untracked 
| 131|0x0000000088300000, 0x0000000088300000, 0x0000000088400000|  0%| F|  |TAMS 0x0000000088300000, 0x0000000088300000| Untracked 
| 132|0x0000000088400000, 0x0000000088400000, 0x0000000088500000|  0%| F|  |TAMS 0x0000000088400000, 0x0000000088400000| Untracked 
| 133|0x0000000088500000, 0x0000000088500000, 0x0000000088600000|  0%| F|  |TAMS 0x0000000088500000, 0x0000000088500000| Untracked 
| 134|0x0000000088600000, 0x0000000088600000, 0x0000000088700000|  0%| F|  |TAMS 0x0000000088600000, 0x0000000088600000| Untracked 
| 135|0x0000000088700000, 0x0000000088700000, 0x0000000088800000|  0%| F|  |TAMS 0x0000000088700000, 0x0000000088700000| Untracked 
| 136|0x0000000088800000, 0x0000000088800000, 0x0000000088900000|  0%| F|  |TAMS 0x0000000088800000, 0x0000000088800000| Untracked 
| 137|0x0000000088900000, 0x0000000088900000, 0x0000000088a00000|  0%| F|  |TAMS 0x0000000088900000, 0x0000000088900000| Untracked 
| 138|0x0000000088a00000, 0x0000000088a00000, 0x0000000088b00000|  0%| F|  |TAMS 0x0000000088a00000, 0x0000000088a00000| Untracked 
| 139|0x0000000088b00000, 0x0000000088b00000, 0x0000000088c00000|  0%| F|  |TAMS 0x0000000088b00000, 0x0000000088b00000| Untracked 
| 140|0x0000000088c00000, 0x0000000088c00000, 0x0000000088d00000|  0%| F|  |TAMS 0x0000000088c00000, 0x0000000088c00000| Untracked 
| 141|0x0000000088d00000, 0x0000000088d00000, 0x0000000088e00000|  0%| F|  |TAMS 0x0000000088d00000, 0x0000000088d00000| Untracked 
| 142|0x0000000088e00000, 0x0000000088e00000, 0x0000000088f00000|  0%| F|  |TAMS 0x0000000088e00000, 0x0000000088e00000| Untracked 
| 143|0x0000000088f00000, 0x0000000088f00000, 0x0000000089000000|  0%| F|  |TAMS 0x0000000088f00000, 0x0000000088f00000| Untracked 
| 144|0x0000000089000000, 0x0000000089000000, 0x0000000089100000|  0%| F|  |TAMS 0x0000000089000000, 0x0000000089000000| Untracked 
| 145|0x0000000089100000, 0x0000000089100000, 0x0000000089200000|  0%| F|  |TAMS 0x0000000089100000, 0x0000000089100000| Untracked 
| 146|0x0000000089200000, 0x0000000089200000, 0x0000000089300000|  0%| F|  |TAMS 0x0000000089200000, 0x0000000089200000| Untracked 
| 147|0x0000000089300000, 0x0000000089300000, 0x0000000089400000|  0%| F|  |TAMS 0x0000000089300000, 0x0000000089300000| Untracked 
| 148|0x0000000089400000, 0x0000000089400000, 0x0000000089500000|  0%| F|  |TAMS 0x0000000089400000, 0x0000000089400000| Untracked 
| 149|0x0000000089500000, 0x0000000089500000, 0x0000000089600000|  0%| F|  |TAMS 0x0000000089500000, 0x0000000089500000| Untracked 
| 150|0x0000000089600000, 0x0000000089600000, 0x0000000089700000|  0%| F|  |TAMS 0x0000000089600000, 0x0000000089600000| Untracked 
| 151|0x0000000089700000, 0x0000000089700000, 0x0000000089800000|  0%| F|  |TAMS 0x0000000089700000, 0x0000000089700000| Untracked 
| 152|0x0000000089800000, 0x0000000089800000, 0x0000000089900000|  0%| F|  |TAMS 0x0000000089800000, 0x0000000089800000| Untracked 
| 153|0x0000000089900000, 0x0000000089900000, 0x0000000089a00000|  0%| F|  |TAMS 0x0000000089900000, 0x0000000089900000| Untracked 
| 154|0x0000000089a00000, 0x0000000089a00000, 0x0000000089b00000|  0%| F|  |TAMS 0x0000000089a00000, 0x0000000089a00000| Untracked 
| 155|0x0000000089b00000, 0x0000000089b00000, 0x0000000089c00000|  0%| F|  |TAMS 0x0000000089b00000, 0x0000000089b00000| Untracked 
| 156|0x0000000089c00000, 0x0000000089c00000, 0x0000000089d00000|  0%| F|  |TAMS 0x0000000089c00000, 0x0000000089c00000| Untracked 
| 157|0x0000000089d00000, 0x0000000089d00000, 0x0000000089e00000|  0%| F|  |TAMS 0x0000000089d00000, 0x0000000089d00000| Untracked 
| 158|0x0000000089e00000, 0x0000000089e00000, 0x0000000089f00000|  0%| F|  |TAMS 0x0000000089e00000, 0x0000000089e00000| Untracked 
| 159|0x0000000089f00000, 0x0000000089f00000, 0x000000008a000000|  0%| F|  |TAMS 0x0000000089f00000, 0x0000000089f00000| Untracked 
| 160|0x000000008a000000, 0x000000008a000000, 0x000000008a100000|  0%| F|  |TAMS 0x000000008a000000, 0x000000008a000000| Untracked 
| 161|0x000000008a100000, 0x000000008a100000, 0x000000008a200000|  0%| F|  |TAMS 0x000000008a100000, 0x000000008a100000| Untracked 
| 162|0x000000008a200000, 0x000000008a200000, 0x000000008a300000|  0%| F|  |TAMS 0x000000008a200000, 0x000000008a200000| Untracked 
| 163|0x000000008a300000, 0x000000008a300000, 0x000000008a400000|  0%| F|  |TAMS 0x000000008a300000, 0x000000008a300000| Untracked 
| 164|0x000000008a400000, 0x000000008a400000, 0x000000008a500000|  0%| F|  |TAMS 0x000000008a400000, 0x000000008a400000| Untracked 
| 165|0x000000008a500000, 0x000000008a500000, 0x000000008a600000|  0%| F|  |TAMS 0x000000008a500000, 0x000000008a500000| Untracked 
| 166|0x000000008a600000, 0x000000008a600000, 0x000000008a700000|  0%| F|  |TAMS 0x000000008a600000, 0x000000008a600000| Untracked 
| 167|0x000000008a700000, 0x000000008a700000, 0x000000008a800000|  0%| F|  |TAMS 0x000000008a700000, 0x000000008a700000| Untracked 
| 168|0x000000008a800000, 0x000000008a800000, 0x000000008a900000|  0%| F|  |TAMS 0x000000008a800000, 0x000000008a800000| Untracked 
| 169|0x000000008a900000, 0x000000008a900000, 0x000000008aa00000|  0%| F|  |TAMS 0x000000008a900000, 0x000000008a900000| Untracked 
| 170|0x000000008aa00000, 0x000000008aa00000, 0x000000008ab00000|  0%| F|  |TAMS 0x000000008aa00000, 0x000000008aa00000| Untracked 
| 171|0x000000008ab00000, 0x000000008ab00000, 0x000000008ac00000|  0%| F|  |TAMS 0x000000008ab00000, 0x000000008ab00000| Untracked 
| 172|0x000000008ac00000, 0x000000008ac00000, 0x000000008ad00000|  0%| F|  |TAMS 0x000000008ac00000, 0x000000008ac00000| Untracked 
| 173|0x000000008ad00000, 0x000000008ad00000, 0x000000008ae00000|  0%| F|  |TAMS 0x000000008ad00000, 0x000000008ad00000| Untracked 
| 174|0x000000008ae00000, 0x000000008ae00000, 0x000000008af00000|  0%| F|  |TAMS 0x000000008ae00000, 0x000000008ae00000| Untracked 
| 175|0x000000008af00000, 0x000000008af00000, 0x000000008b000000|  0%| F|  |TAMS 0x000000008af00000, 0x000000008af00000| Untracked 
| 176|0x000000008b000000, 0x000000008b0b40c8, 0x000000008b100000| 70%| S|CS|TAMS 0x000000008b000000, 0x000000008b000000| Complete 
| 177|0x000000008b100000, 0x000000008b200000, 0x000000008b200000|100%| S|CS|TAMS 0x000000008b100000, 0x000000008b100000| Complete 
| 178|0x000000008b200000, 0x000000008b300000, 0x000000008b300000|100%| S|CS|TAMS 0x000000008b200000, 0x000000008b200000| Complete 
| 179|0x000000008b300000, 0x000000008b400000, 0x000000008b400000|100%| S|CS|TAMS 0x000000008b300000, 0x000000008b300000| Complete 
| 180|0x000000008b400000, 0x000000008b400000, 0x000000008b500000|  0%| F|  |TAMS 0x000000008b400000, 0x000000008b400000| Untracked 
| 181|0x000000008b500000, 0x000000008b500000, 0x000000008b600000|  0%| F|  |TAMS 0x000000008b500000, 0x000000008b500000| Untracked 
| 182|0x000000008b600000, 0x000000008b600000, 0x000000008b700000|  0%| F|  |TAMS 0x000000008b600000, 0x000000008b600000| Untracked 
| 183|0x000000008b700000, 0x000000008b700000, 0x000000008b800000|  0%| F|  |TAMS 0x000000008b700000, 0x000000008b700000| Untracked 
| 184|0x000000008b800000, 0x000000008b800000, 0x000000008b900000|  0%| F|  |TAMS 0x000000008b800000, 0x000000008b800000| Untracked 
| 185|0x000000008b900000, 0x000000008b900000, 0x000000008ba00000|  0%| F|  |TAMS 0x000000008b900000, 0x000000008b900000| Untracked 
| 186|0x000000008ba00000, 0x000000008ba00000, 0x000000008bb00000|  0%| F|  |TAMS 0x000000008ba00000, 0x000000008ba00000| Untracked 
| 187|0x000000008bb00000, 0x000000008bb00000, 0x000000008bc00000|  0%| F|  |TAMS 0x000000008bb00000, 0x000000008bb00000| Untracked 
| 188|0x000000008bc00000, 0x000000008bc00000, 0x000000008bd00000|  0%| F|  |TAMS 0x000000008bc00000, 0x000000008bc00000| Untracked 
| 189|0x000000008bd00000, 0x000000008bd00000, 0x000000008be00000|  0%| F|  |TAMS 0x000000008bd00000, 0x000000008bd00000| Untracked 
| 190|0x000000008be00000, 0x000000008be00000, 0x000000008bf00000|  0%| F|  |TAMS 0x000000008be00000, 0x000000008be00000| Untracked 
| 191|0x000000008bf00000, 0x000000008bf00000, 0x000000008c000000|  0%| F|  |TAMS 0x000000008bf00000, 0x000000008bf00000| Untracked 
| 192|0x000000008c000000, 0x000000008c000000, 0x000000008c100000|  0%| F|  |TAMS 0x000000008c000000, 0x000000008c000000| Untracked 
| 193|0x000000008c100000, 0x000000008c100000, 0x000000008c200000|  0%| F|  |TAMS 0x000000008c100000, 0x000000008c100000| Untracked 
| 194|0x000000008c200000, 0x000000008c200000, 0x000000008c300000|  0%| F|  |TAMS 0x000000008c200000, 0x000000008c200000| Untracked 
| 195|0x000000008c300000, 0x000000008c300000, 0x000000008c400000|  0%| F|  |TAMS 0x000000008c300000, 0x000000008c300000| Untracked 
| 196|0x000000008c400000, 0x000000008c400000, 0x000000008c500000|  0%| F|  |TAMS 0x000000008c400000, 0x000000008c400000| Untracked 
| 197|0x000000008c500000, 0x000000008c500000, 0x000000008c600000|  0%| F|  |TAMS 0x000000008c500000, 0x000000008c500000| Untracked 
| 198|0x000000008c600000, 0x000000008c676678, 0x000000008c700000| 46%| E|  |TAMS 0x000000008c600000, 0x000000008c600000| Complete 
| 199|0x000000008c700000, 0x000000008c800000, 0x000000008c800000|100%| E|CS|TAMS 0x000000008c700000, 0x000000008c700000| Complete 
| 200|0x000000008c800000, 0x000000008c900000, 0x000000008c900000|100%| E|CS|TAMS 0x000000008c800000, 0x000000008c800000| Complete 
| 201|0x000000008c900000, 0x000000008ca00000, 0x000000008ca00000|100%| E|CS|TAMS 0x000000008c900000, 0x000000008c900000| Complete 
| 202|0x000000008ca00000, 0x000000008cb00000, 0x000000008cb00000|100%| E|CS|TAMS 0x000000008ca00000, 0x000000008ca00000| Complete 
| 203|0x000000008cb00000, 0x000000008cc00000, 0x000000008cc00000|100%| E|CS|TAMS 0x000000008cb00000, 0x000000008cb00000| Complete 
| 204|0x000000008cc00000, 0x000000008cd00000, 0x000000008cd00000|100%| E|  |TAMS 0x000000008cc00000, 0x000000008cc00000| Complete 
| 205|0x000000008cd00000, 0x000000008ce00000, 0x000000008ce00000|100%| E|CS|TAMS 0x000000008cd00000, 0x000000008cd00000| Complete 
| 206|0x000000008ce00000, 0x000000008cf00000, 0x000000008cf00000|100%| E|CS|TAMS 0x000000008ce00000, 0x000000008ce00000| Complete 
| 207|0x000000008cf00000, 0x000000008d000000, 0x000000008d000000|100%| E|CS|TAMS 0x000000008cf00000, 0x000000008cf00000| Complete 
| 208|0x000000008d000000, 0x000000008d100000, 0x000000008d100000|100%| E|CS|TAMS 0x000000008d000000, 0x000000008d000000| Complete 
| 209|0x000000008d100000, 0x000000008d200000, 0x000000008d200000|100%| E|CS|TAMS 0x000000008d100000, 0x000000008d100000| Complete 
| 210|0x000000008d200000, 0x000000008d300000, 0x000000008d300000|100%| E|CS|TAMS 0x000000008d200000, 0x000000008d200000| Complete 
| 211|0x000000008d300000, 0x000000008d400000, 0x000000008d400000|100%| E|CS|TAMS 0x000000008d300000, 0x000000008d300000| Complete 
| 212|0x000000008d400000, 0x000000008d500000, 0x000000008d500000|100%| E|CS|TAMS 0x000000008d400000, 0x000000008d400000| Complete 
| 213|0x000000008d500000, 0x000000008d600000, 0x000000008d600000|100%| E|CS|TAMS 0x000000008d500000, 0x000000008d500000| Complete 
| 214|0x000000008d600000, 0x000000008d700000, 0x000000008d700000|100%| E|CS|TAMS 0x000000008d600000, 0x000000008d600000| Complete 
| 215|0x000000008d700000, 0x000000008d800000, 0x000000008d800000|100%| E|CS|TAMS 0x000000008d700000, 0x000000008d700000| Complete 
| 216|0x000000008d800000, 0x000000008d900000, 0x000000008d900000|100%| E|CS|TAMS 0x000000008d800000, 0x000000008d800000| Complete 
| 217|0x000000008d900000, 0x000000008da00000, 0x000000008da00000|100%| E|CS|TAMS 0x000000008d900000, 0x000000008d900000| Complete 
| 218|0x000000008da00000, 0x000000008db00000, 0x000000008db00000|100%| E|CS|TAMS 0x000000008da00000, 0x000000008da00000| Complete 
| 219|0x000000008db00000, 0x000000008dc00000, 0x000000008dc00000|100%| E|CS|TAMS 0x000000008db00000, 0x000000008db00000| Complete 

Card table byte_map: [0x0000019950da0000,0x00000199511a0000] _byte_map_base: 0x00000199509a0000

Marking Bits (Prev, Next): (CMBitMap*) 0x000001993d5e8988, (CMBitMap*) 0x000001993d5e89c0
 Prev Bits: [0x00000199515a0000, 0x00000199535a0000)
 Next Bits: [0x00000199535a0000, 0x00000199555a0000)

Polling page: 0x000001993bda0000

Metaspace:

Usage:
  Non-class:     92.69 MB capacity,    91.14 MB ( 98%) used,     1.25 MB (  1%) free+waste,   309.75 KB ( <1%) overhead. 
      Class:     14.42 MB capacity,    13.45 MB ( 93%) used,   855.88 KB (  6%) free+waste,   138.31 KB ( <1%) overhead. 
       Both:    107.11 MB capacity,   104.59 MB ( 98%) used,     2.08 MB (  2%) free+waste,   448.06 KB ( <1%) overhead. 

Virtual space:
  Non-class space:       94.00 MB reserved,      93.70 MB (>99%) committed 
      Class space:        1.00 GB reserved,      15.00 MB (  1%) committed 
             Both:        1.09 GB reserved,     108.70 MB ( 10%) committed 

Chunk freelists:
   Non-Class:  967.00 KB
       Class:  596.00 KB
        Both:  1.53 MB

MaxMetaspaceSize: 17179869184.00 GB
CompressedClassSpaceSize: 1.00 GB

CodeHeap 'non-profiled nmethods': size=120000Kb used=6458Kb max_used=6458Kb free=113541Kb
 bounds [0x0000019948a00000, 0x0000019949050000, 0x000001994ff30000]
CodeHeap 'profiled nmethods': size=120000Kb used=28725Kb max_used=28725Kb free=91274Kb
 bounds [0x00000199414d0000, 0x00000199430e0000, 0x0000019948a00000]
CodeHeap 'non-nmethods': size=5760Kb used=2301Kb max_used=2334Kb free=3458Kb
 bounds [0x0000019940f30000, 0x00000199411a0000, 0x00000199414d0000]
 total_blobs=14569 nmethods=13658 adapters=822
 compilation: enabled
              stopped_count=0, restarted_count=0
 full_count=0

Compilation events (20 events):
Event: 24.046 Thread 0x000001995809d000 nmethod 14262 0x00000199430a4c10 code [0x00000199430a4dc0, 0x00000199430a4f78]
Event: 24.046 Thread 0x0000019958099000 14263       4       org.gradle.internal.logging.sink.OutputEventListenerManager$1::onOutput (33 bytes)
Event: 24.057 Thread 0x0000019958099000 nmethod 14263 0x000001994904d310 code [0x000001994904d500, 0x000001994904db38]
Event: 24.057 Thread 0x0000019958099000 14264       4       java.util.stream.AbstractPipeline::<init> (55 bytes)
Event: 24.062 Thread 0x0000019958099000 nmethod 14264 0x000001994904e010 code [0x000001994904e1a0, 0x000001994904e418]
Event: 24.064 Thread 0x0000019958099000 14265   !   4       java.nio.file.FileTreeWalker::next (144 bytes)
Event: 24.079 Thread 0x000001995809d000 14268   !   3       org.gradle.internal.snapshot.impl.DirectorySnapshotter$PathVisitor::snapshotFile (114 bytes)
Event: 24.082 Thread 0x000001995809d000 nmethod 14268 0x00000199430a5090 code [0x00000199430a5400, 0x00000199430a6cf8]
Event: 24.084 Thread 0x000001995809d000 14272       3       org.gradle.internal.execution.history.impl.FingerprintMapSerializer::writeFingerprint (147 bytes)
Event: 24.086 Thread 0x000001995809d000 nmethod 14272 0x00000199430a7710 code [0x00000199430a7a20, 0x00000199430a8c98]
Event: 24.089 Thread 0x000001995809d000 14274       3       com.google.protobuf.GeneratedMessageV3::<init> (13 bytes)
Event: 24.089 Thread 0x000001995809d000 nmethod 14274 0x00000199430a9190 code [0x00000199430a9360, 0x00000199430a95f8]
Event: 24.089 Thread 0x000001995809d000 14275       3       com.google.protobuf.GeneratedMessageV3$Builder::onBuilt (12 bytes)
Event: 24.090 Thread 0x000001995809d000 nmethod 14275 0x00000199430a9710 code [0x00000199430a98c0, 0x00000199430a9ad8]
Event: 24.095 Thread 0x000001995809d000 14277       3       org.gradle.api.internal.tasks.properties.annotations.OutputDirectoryPropertyAnnotationHandler::getFilePropertyType (4 bytes)
Event: 24.095 Thread 0x000001995809d000 nmethod 14277 0x00000199430a9b90 code [0x00000199430a9d40, 0x00000199430a9e58]
Event: 24.098 Thread 0x000001995809d000 14278       3       org.gradle.api.internal.tasks.properties.ValidationActions$1::doValidate (1 bytes)
Event: 24.099 Thread 0x000001995809d000 nmethod 14278 0x00000199430a9f10 code [0x00000199430aa0c0, 0x00000199430aa1b8]
Event: 24.104 Thread 0x000001995809d000 14279       3       java.util.ArrayDeque::push (6 bytes)
Event: 24.104 Thread 0x000001995809d000 nmethod 14279 0x00000199430aa290 code [0x00000199430aa440, 0x00000199430aa5e8]

GC Heap History (20 events):
Event: 15.130 GC heap before
{Heap before GC invocations=18 (full 0):
 garbage-first heap   total 155648K, used 122176K [0x0000000080000000, 0x0000000100000000)
  region size 1024K, 58 young (59392K), 4 survivors (4096K)
 Metaspace       used 80112K, capacity 82096K, committed 82252K, reserved 1120256K
  class space    used 10364K, capacity 11071K, committed 11084K, reserved 1048576K
}
Event: 15.141 GC heap after
{Heap after GC invocations=19 (full 0):
 garbage-first heap   total 155648K, used 70907K [0x0000000080000000, 0x0000000100000000)
  region size 1024K, 7 young (7168K), 7 survivors (7168K)
 Metaspace       used 80112K, capacity 82096K, committed 82252K, reserved 1120256K
  class space    used 10364K, capacity 11071K, committed 11084K, reserved 1048576K
}
Event: 15.588 GC heap before
{Heap before GC invocations=19 (full 0):
 garbage-first heap   total 155648K, used 123131K [0x0000000080000000, 0x0000000100000000)
  region size 1024K, 59 young (60416K), 7 survivors (7168K)
 Metaspace       used 80741K, capacity 82713K, committed 82892K, reserved 1120256K
  class space    used 10441K, capacity 11140K, committed 11212K, reserved 1048576K
}
Event: 15.599 GC heap after
{Heap after GC invocations=20 (full 0):
 garbage-first heap   total 187392K, used 73136K [0x0000000080000000, 0x0000000100000000)
  region size 1024K, 6 young (6144K), 6 survivors (6144K)
 Metaspace       used 80741K, capacity 82713K, committed 82892K, reserved 1120256K
  class space    used 10441K, capacity 11140K, committed 11212K, reserved 1048576K
}
Event: 17.206 GC heap before
{Heap before GC invocations=20 (full 0):
 garbage-first heap   total 187392K, used 142768K [0x0000000080000000, 0x0000000100000000)
  region size 1024K, 75 young (76800K), 6 survivors (6144K)
 Metaspace       used 87133K, capacity 89130K, committed 89420K, reserved 1126400K
  class space    used 11288K, capacity 11979K, committed 12108K, reserved 1048576K
}
Event: 17.232 GC heap after
{Heap after GC invocations=21 (full 0):
 garbage-first heap   total 187392K, used 78117K [0x0000000080000000, 0x0000000100000000)
  region size 1024K, 8 young (8192K), 8 survivors (8192K)
 Metaspace       used 87133K, capacity 89130K, committed 89420K, reserved 1126400K
  class space    used 11288K, capacity 11979K, committed 12108K, reserved 1048576K
}
Event: 20.181 GC heap before
{Heap before GC invocations=21 (full 0):
 garbage-first heap   total 187392K, used 147749K [0x0000000080000000, 0x0000000100000000)
  region size 1024K, 75 young (76800K), 8 survivors (8192K)
 Metaspace       used 95167K, capacity 97398K, committed 97612K, reserved 1134592K
  class space    used 12221K, capacity 13049K, committed 13132K, reserved 1048576K
}
Event: 20.192 GC heap after
{Heap after GC invocations=22 (full 0):
 garbage-first heap   total 187392K, used 82149K [0x0000000080000000, 0x0000000100000000)
  region size 1024K, 7 young (7168K), 7 survivors (7168K)
 Metaspace       used 95167K, capacity 97398K, committed 97612K, reserved 1134592K
  class space    used 12221K, capacity 13049K, committed 13132K, reserved 1048576K
}
Event: 20.756 GC heap before
{Heap before GC invocations=22 (full 0):
 garbage-first heap   total 187392K, used 148709K [0x0000000080000000, 0x0000000100000000)
  region size 1024K, 73 young (74752K), 7 survivors (7168K)
 Metaspace       used 95951K, capacity 98144K, committed 98380K, reserved 1134592K
  class space    used 12294K, capacity 13099K, committed 13132K, reserved 1048576K
}
Event: 20.774 GC heap after
{Heap after GC invocations=23 (full 0):
 garbage-first heap   total 187392K, used 86415K [0x0000000080000000, 0x0000000100000000)
  region size 1024K, 9 young (9216K), 9 survivors (9216K)
 Metaspace       used 95951K, capacity 98144K, committed 98380K, reserved 1134592K
  class space    used 12294K, capacity 13099K, committed 13132K, reserved 1048576K
}
Event: 21.322 GC heap before
{Heap before GC invocations=23 (full 0):
 garbage-first heap   total 187392K, used 153999K [0x0000000080000000, 0x0000000100000000)
  region size 1024K, 72 young (73728K), 9 survivors (9216K)
 Metaspace       used 97535K, capacity 99839K, committed 100044K, reserved 1136640K
  class space    used 12522K, capacity 13396K, committed 13516K, reserved 1048576K
}
Event: 21.335 GC heap after
{Heap after GC invocations=24 (full 0):
 garbage-first heap   total 187392K, used 89849K [0x0000000080000000, 0x0000000100000000)
  region size 1024K, 4 young (4096K), 4 survivors (4096K)
 Metaspace       used 97535K, capacity 99839K, committed 100044K, reserved 1136640K
  class space    used 12522K, capacity 13396K, committed 13516K, reserved 1048576K
}
Event: 21.421 GC heap before
{Heap before GC invocations=24 (full 0):
 garbage-first heap   total 187392K, used 97017K [0x0000000080000000, 0x0000000100000000)
  region size 1024K, 13 young (13312K), 4 survivors (4096K)
 Metaspace       used 98332K, capacity 100725K, committed 100820K, reserved 1136640K
  class space    used 12647K, capacity 13524K, committed 13524K, reserved 1048576K
}
Event: 21.437 GC heap after
{Heap after GC invocations=25 (full 0):
 garbage-first heap   total 187392K, used 90784K [0x0000000080000000, 0x0000000100000000)
  region size 1024K, 5 young (5120K), 5 survivors (5120K)
 Metaspace       used 98332K, capacity 100725K, committed 100820K, reserved 1136640K
  class space    used 12647K, capacity 13524K, committed 13524K, reserved 1048576K
}
Event: 22.231 GC heap before
{Heap before GC invocations=26 (full 0):
 garbage-first heap   total 187392K, used 152224K [0x0000000080000000, 0x0000000100000000)
  region size 1024K, 66 young (67584K), 5 survivors (5120K)
 Metaspace       used 104777K, capacity 107678K, committed 107856K, reserved 1142784K
  class space    used 13737K, capacity 14871K, committed 14980K, reserved 1048576K
}
Event: 22.266 GC heap after
{Heap after GC invocations=27 (full 0):
 garbage-first heap   total 187392K, used 101137K [0x0000000080000000, 0x0000000100000000)
  region size 1024K, 9 young (9216K), 9 survivors (9216K)
 Metaspace       used 104777K, capacity 107678K, committed 107856K, reserved 1142784K
  class space    used 13737K, capacity 14871K, committed 14980K, reserved 1048576K
}
Event: 22.843 GC heap before
{Heap before GC invocations=28 (full 0):
 garbage-first heap   total 187392K, used 151313K [0x0000000080000000, 0x0000000100000000)
  region size 1024K, 59 young (60416K), 9 survivors (9216K)
 Metaspace       used 106861K, capacity 110020K, committed 110288K, reserved 1144832K
  class space    used 14043K, capacity 15289K, committed 15364K, reserved 1048576K
}
Event: 22.924 GC heap after
{Heap after GC invocations=29 (full 0):
 garbage-first heap   total 225280K, used 104092K [0x0000000080000000, 0x0000000100000000)
  region size 1024K, 3 young (3072K), 3 survivors (3072K)
 Metaspace       used 106861K, capacity 110020K, committed 110288K, reserved 1144832K
  class space    used 14043K, capacity 15289K, committed 15364K, reserved 1048576K
}
Event: 23.786 GC heap before
{Heap before GC invocations=29 (full 0):
 garbage-first heap   total 225280K, used 143004K [0x0000000080000000, 0x0000000100000000)
  region size 1024K, 43 young (44032K), 3 survivors (3072K)
 Metaspace       used 107770K, capacity 110894K, committed 111056K, reserved 1144832K
  class space    used 14076K, capacity 15328K, committed 15364K, reserved 1048576K
}
Event: 23.793 GC heap after
{Heap after GC invocations=30 (full 0):
 garbage-first heap   total 225280K, used 104812K [0x0000000080000000, 0x0000000100000000)
  region size 1024K, 4 young (4096K), 4 survivors (4096K)
 Metaspace       used 107770K, capacity 110894K, committed 111056K, reserved 1144832K
  class space    used 14076K, capacity 15328K, committed 15364K, reserved 1048576K
}

Deoptimization events (20 events):
Event: 23.894 Thread 0x0000019958ce3800 DEOPT PACKING pc=0x00000199417e699f sp=0x0000000d4a3fd640
Event: 23.895 Thread 0x0000019958ce3800 DEOPT UNPACKING pc=0x0000019940f572ce sp=0x0000000d4a3fcab8 mode 0
Event: 23.895 Thread 0x0000019958ce3800 DEOPT PACKING pc=0x00000199417e699f sp=0x0000000d4a3fd640
Event: 23.895 Thread 0x0000019958ce3800 DEOPT UNPACKING pc=0x0000019940f572ce sp=0x0000000d4a3fcab8 mode 0
Event: 23.896 Thread 0x0000019958ce3800 DEOPT PACKING pc=0x00000199417e699f sp=0x0000000d4a3fd640
Event: 23.896 Thread 0x0000019958ce3800 DEOPT UNPACKING pc=0x0000019940f572ce sp=0x0000000d4a3fcab8 mode 0
Event: 23.896 Thread 0x0000019958ce3800 DEOPT PACKING pc=0x00000199417e699f sp=0x0000000d4a3fd640
Event: 23.896 Thread 0x0000019958ce3800 DEOPT UNPACKING pc=0x0000019940f572ce sp=0x0000000d4a3fcab8 mode 0
Event: 23.897 Thread 0x0000019958ce3800 DEOPT PACKING pc=0x00000199417e699f sp=0x0000000d4a3fd640
Event: 23.897 Thread 0x0000019958ce3800 DEOPT UNPACKING pc=0x0000019940f572ce sp=0x0000000d4a3fcab8 mode 0
Event: 23.897 Thread 0x0000019958ce3800 DEOPT PACKING pc=0x00000199417e699f sp=0x0000000d4a3fd640
Event: 23.897 Thread 0x0000019958ce3800 DEOPT UNPACKING pc=0x0000019940f572ce sp=0x0000000d4a3fcab8 mode 0
Event: 23.897 Thread 0x0000019958ce3800 DEOPT PACKING pc=0x00000199417e699f sp=0x0000000d4a3fd640
Event: 23.897 Thread 0x0000019958ce3800 DEOPT UNPACKING pc=0x0000019940f572ce sp=0x0000000d4a3fcab8 mode 0
Event: 23.898 Thread 0x0000019958ce3800 DEOPT PACKING pc=0x00000199417e699f sp=0x0000000d4a3fd640
Event: 23.898 Thread 0x0000019958ce3800 DEOPT UNPACKING pc=0x0000019940f572ce sp=0x0000000d4a3fcab8 mode 0
Event: 24.088 Thread 0x0000019960b80800 DEOPT PACKING pc=0x0000019942c21dac sp=0x0000000d496fd3f0
Event: 24.088 Thread 0x0000019960b80800 DEOPT UNPACKING pc=0x0000019940f572ce sp=0x0000000d496fc920 mode 0
Event: 24.088 Thread 0x0000019960b80800 DEOPT PACKING pc=0x0000019942c1ed84 sp=0x0000000d496fd4e0
Event: 24.088 Thread 0x0000019960b80800 DEOPT UNPACKING pc=0x0000019940f572ce sp=0x0000000d496fc968 mode 0

Classes redefined (0 events):
No events

Internal exceptions (20 events):
Event: 22.166 Thread 0x0000019960b84000 Exception <a 'java/lang/NoSuchMethodError'{0x0000000087d96dc8}: 'java.lang.Object java.lang.invoke.DirectMethodHandle$Holder.newInvokeSpecial(java.lang.Object, int)'> (0x0000000087d96dc8) thrown at [./src/hotspot/share/interpreter/linkResolver.cpp, line 773]
Event: 22.419 Thread 0x0000019960b7e000 Exception <a 'java/lang/NoSuchMethodError'{0x000000008a7d2c88}: 'java.lang.Object java.lang.invoke.DirectMethodHandle$Holder.invokeSpecial(java.lang.Object, java.lang.Object, java.lang.Object, java.lang.Object, java.lang.Object, java.lang.Object, java.lang.Object, java.lang.Object, java.lang.Object, java.lang.Object)'> (0x000000008a7d2c88) thrown at [./src/hotspot/share/interpreter/linkResolver.cpp, line 773]
Event: 22.419 Thread 0x0000019960b7e000 Exception <a 'java/lang/NoSuchMethodError'{0x000000008a7d6d78}: 'java.lang.Object java.lang.invoke.Invokers$Holder.linkToTargetMethod(java.lang.Object, java.lang.Object, java.lang.Object, java.lang.Object, java.lang.Object, java.lang.Object, java.lang.Object, java.lang.Object, java.lang.Object)'> (0x000000008a7d6d78) thrown at [./src/hotspot/share/interpreter/linkResolver.cpp, line 773]
Event: 22.623 Thread 0x0000019960b84000 Exception <a 'java/lang/NoSuchMethodError'{0x00000000896d92d8}: 'void java.lang.invoke.DirectMethodHandle$Holder.invokeVirtual(java.lang.Object, java.lang.Object, int)'> (0x00000000896d92d8) thrown at [./src/hotspot/share/interpreter/linkResolver.cpp, line 773]
Event: 22.623 Thread 0x0000019960b7e000 Exception <a 'java/lang/NoSuchMethodError'{0x0000000089501498}: 'void java.lang.invoke.DirectMethodHandle$Holder.invokeVirtual(java.lang.Object, java.lang.Object, int)'> (0x0000000089501498) thrown at [./src/hotspot/share/interpreter/linkResolver.cpp, line 773]
Event: 22.694 Thread 0x0000019960b7e000 Exception <a 'sun/nio/fs/WindowsException'{0x00000000891e19f0}> (0x00000000891e19f0) thrown at [./src/hotspot/share/prims/jni.cpp, line 615]
Event: 22.709 Thread 0x0000019960b84000 Exception <a 'sun/nio/fs/WindowsException'{0x00000000891c4fa8}> (0x00000000891c4fa8) thrown at [./src/hotspot/share/prims/jni.cpp, line 615]
Event: 22.756 Thread 0x0000019960b84000 Exception <a 'sun/nio/fs/WindowsException'{0x0000000088d73450}> (0x0000000088d73450) thrown at [./src/hotspot/share/prims/jni.cpp, line 615]
Event: 22.789 Thread 0x0000019960b7e000 Exception <a 'sun/nio/fs/WindowsException'{0x0000000088ab56a0}> (0x0000000088ab56a0) thrown at [./src/hotspot/share/prims/jni.cpp, line 615]
Event: 22.838 Thread 0x0000019960b84000 Exception <a 'sun/nio/fs/WindowsException'{0x000000008853b4f8}> (0x000000008853b4f8) thrown at [./src/hotspot/share/prims/jni.cpp, line 615]
Event: 22.994 Thread 0x0000019960b84000 Exception <a 'sun/nio/fs/WindowsException'{0x000000008d6200e8}> (0x000000008d6200e8) thrown at [./src/hotspot/share/prims/jni.cpp, line 615]
Event: 23.051 Thread 0x0000019960b85800 Exception <a 'java/lang/NoSuchMethodError'{0x000000008cf571e0}: 'void java.lang.invoke.DirectMethodHandle$Holder.invokeStaticInit(java.lang.Object, java.lang.Object, java.lang.Object)'> (0x000000008cf571e0) thrown at [./src/hotspot/share/interpreter/linkResolver.cpp, line 773]
Event: 23.312 Thread 0x0000019960b85800 Exception <a 'sun/nio/fs/WindowsException'{0x000000008c9de518}> (0x000000008c9de518) thrown at [./src/hotspot/share/prims/jni.cpp, line 615]
Event: 23.318 Thread 0x0000019960b81800 Exception <a 'sun/nio/fs/WindowsException'{0x000000008c72ff10}> (0x000000008c72ff10) thrown at [./src/hotspot/share/prims/jni.cpp, line 615]
Event: 23.392 Thread 0x0000019960b85800 Exception <a 'sun/nio/fs/WindowsException'{0x000000008c275dc0}> (0x000000008c275dc0) thrown at [./src/hotspot/share/prims/jni.cpp, line 615]
Event: 23.405 Thread 0x0000019960b81800 Exception <a 'sun/nio/fs/WindowsException'{0x000000008c298940}> (0x000000008c298940) thrown at [./src/hotspot/share/prims/jni.cpp, line 615]
Event: 23.423 Thread 0x0000019960b81800 Exception <a 'sun/nio/fs/WindowsException'{0x000000008c29f890}> (0x000000008c29f890) thrown at [./src/hotspot/share/prims/jni.cpp, line 615]
Event: 23.435 Thread 0x0000019960b81800 Exception <a 'sun/nio/fs/WindowsException'{0x000000008c193228}> (0x000000008c193228) thrown at [./src/hotspot/share/prims/jni.cpp, line 615]
Event: 23.447 Thread 0x0000019960b85800 Exception <a 'sun/nio/fs/WindowsException'{0x000000008c009a68}> (0x000000008c009a68) thrown at [./src/hotspot/share/prims/jni.cpp, line 615]
Event: 23.496 Thread 0x0000019960b81800 Exception <a 'sun/nio/fs/WindowsException'{0x000000008c0ffc50}> (0x000000008c0ffc50) thrown at [./src/hotspot/share/prims/jni.cpp, line 615]

Events (20 events):
Event: 23.689 Executing VM operation: ICBufferFull
Event: 23.694 Executing VM operation: ICBufferFull done
Event: 23.786 Executing VM operation: G1CollectForAllocation
Event: 23.793 Executing VM operation: G1CollectForAllocation done
Event: 23.961 Executing VM operation: CGC_Operation
Event: 23.986 Executing VM operation: CGC_Operation done
Event: 23.992 Executing VM operation: RevokeBias
Event: 23.992 Executing coalesced safepoint VM operation: RevokeBias
Event: 23.992 Executing coalesced safepoint VM operation: RevokeBias done
Event: 23.992 Executing VM operation: RevokeBias done
Event: 24.107 Executing VM operation: CGC_Operation
Event: 24.107 Executing VM operation: CGC_Operation done
Event: 24.185 loading class com/google/common/collect/MultimapBuilder$LinkedListSupplier
Event: 24.185 loading class com/google/common/collect/MultimapBuilder$LinkedListSupplier done
Event: 24.187 loading class com/google/common/collect/Multimaps$CustomListMultimap
Event: 24.187 loading class com/google/common/collect/Multimaps$CustomListMultimap done
Event: 24.187 loading class org/gradle/internal/execution/history/changes/FilePathWithType
Event: 24.187 loading class org/gradle/internal/execution/history/changes/FilePathWithType done
Event: 24.188 loading class com/google/common/collect/MultimapBuilder$ArrayListSupplier
Event: 24.188 loading class com/google/common/collect/MultimapBuilder$ArrayListSupplier done


Dynamic libraries:
0x00007ff75ede0000 - 0x00007ff75edea000 	C:\Program Files\Android\Android Studio\jre\bin\java.exe
0x00007ffb60ed0000 - 0x00007ffb610c5000 	C:\WINDOWS\SYSTEM32\ntdll.dll
0x00007ffb5f920000 - 0x00007ffb5f9dd000 	C:\WINDOWS\System32\KERNEL32.DLL
0x00007ffb5e780000 - 0x00007ffb5ea49000 	C:\WINDOWS\System32\KERNELBASE.dll
0x00007ffb5ea50000 - 0x00007ffb5eb50000 	C:\WINDOWS\System32\ucrtbase.dll
0x00007ffb59930000 - 0x00007ffb59947000 	C:\Program Files\Android\Android Studio\jre\bin\VCRUNTIME140.dll
0x00007ffb59b20000 - 0x00007ffb59b39000 	C:\Program Files\Android\Android Studio\jre\bin\jli.dll
0x00007ffb60cc0000 - 0x00007ffb60e60000 	C:\WINDOWS\System32\USER32.dll
0x00007ffb47190000 - 0x00007ffb4742a000 	C:\WINDOWS\WinSxS\amd64_microsoft.windows.common-controls_6595b64144ccf1df_6.0.19041.1110_none_60b5254171f9507e\COMCTL32.dll
0x00007ffb5ee60000 - 0x00007ffb5ee82000 	C:\WINDOWS\System32\win32u.dll
0x00007ffb60330000 - 0x00007ffb603ce000 	C:\WINDOWS\System32\msvcrt.dll
0x00007ffb60300000 - 0x00007ffb6032a000 	C:\WINDOWS\System32\GDI32.dll
0x00007ffb5ed50000 - 0x00007ffb5ee5b000 	C:\WINDOWS\System32\gdi32full.dll
0x00007ffb5eb50000 - 0x00007ffb5ebed000 	C:\WINDOWS\System32\msvcp_win.dll
0x00007ffb60e60000 - 0x00007ffb60e90000 	C:\WINDOWS\System32\IMM32.DLL
0x00007ffb3c120000 - 0x00007ffb3c1bd000 	C:\Program Files\Android\Android Studio\jre\bin\msvcp140.dll
0x00007ffb14a20000 - 0x00007ffb154dc000 	C:\Program Files\Android\Android Studio\jre\bin\server\jvm.dll
0x00007ffb60160000 - 0x00007ffb6020c000 	C:\WINDOWS\System32\ADVAPI32.dll
0x00007ffb603d0000 - 0x00007ffb6046b000 	C:\WINDOWS\System32\sechost.dll
0x00007ffb5fbe0000 - 0x00007ffb5fd0a000 	C:\WINDOWS\System32\RPCRT4.dll
0x00007ffb5f910000 - 0x00007ffb5f918000 	C:\WINDOWS\System32\PSAPI.DLL
0x00007ffb58eb0000 - 0x00007ffb58ed7000 	C:\WINDOWS\SYSTEM32\WINMM.dll
0x00007ffb588d0000 - 0x00007ffb588da000 	C:\WINDOWS\SYSTEM32\VERSION.dll
0x00007ffb483a0000 - 0x00007ffb483a9000 	C:\WINDOWS\SYSTEM32\WSOCK32.dll
0x00007ffb5fd30000 - 0x00007ffb5fd9b000 	C:\WINDOWS\System32\WS2_32.dll
0x00007ffb5c440000 - 0x00007ffb5c452000 	C:\WINDOWS\SYSTEM32\kernel.appcore.dll
0x00007ffb59770000 - 0x00007ffb59781000 	C:\Program Files\Android\Android Studio\jre\bin\verify.dll
0x00007ffb56c70000 - 0x00007ffb56e54000 	C:\WINDOWS\SYSTEM32\DBGHELP.DLL
0x00007ffb42d60000 - 0x00007ffb42d8c000 	C:\WINDOWS\SYSTEM32\dbgcore.DLL
0x00007ffb5e6a0000 - 0x00007ffb5e723000 	C:\WINDOWS\System32\bcryptPrimitives.dll
0x00007ffb59620000 - 0x00007ffb59649000 	C:\Program Files\Android\Android Studio\jre\bin\java.dll
0x00007ffb59810000 - 0x00007ffb5981b000 	C:\Program Files\Android\Android Studio\jre\bin\jimage.dll
0x00007ffb59680000 - 0x00007ffb59698000 	C:\Program Files\Android\Android Studio\jre\bin\zip.dll
0x00007ffb60470000 - 0x00007ffb60baf000 	C:\WINDOWS\System32\SHELL32.dll
0x00007ffb5c720000 - 0x00007ffb5ceb1000 	C:\WINDOWS\SYSTEM32\windows.storage.dll
0x00007ffb5fda0000 - 0x00007ffb600f5000 	C:\WINDOWS\System32\combase.dll
0x00007ffb5e080000 - 0x00007ffb5e0ac000 	C:\WINDOWS\SYSTEM32\Wldp.dll
0x00007ffb5f860000 - 0x00007ffb5f90e000 	C:\WINDOWS\System32\SHCORE.dll
0x00007ffb60100000 - 0x00007ffb60155000 	C:\WINDOWS\System32\shlwapi.dll
0x00007ffb5e550000 - 0x00007ffb5e56f000 	C:\WINDOWS\SYSTEM32\profapi.dll
0x00007ffb574c0000 - 0x00007ffb574da000 	C:\Program Files\Android\Android Studio\jre\bin\net.dll
0x00007ffb4ad80000 - 0x00007ffb4ae8a000 	C:\WINDOWS\SYSTEM32\WINHTTP.dll
0x00007ffb5dde0000 - 0x00007ffb5de4a000 	C:\WINDOWS\system32\mswsock.dll
0x00007ffb50d30000 - 0x00007ffb50d44000 	C:\Program Files\Android\Android Studio\jre\bin\nio.dll
0x00007ffb3f960000 - 0x00007ffb3f986000 	C:\Users\Alejandro\.gradle\native\fdc75f09e3144964f2cf3f50f0aa648679c211496f362492102eb8c894070792\windows-amd64\native-platform.dll
0x00007ffb241c0000 - 0x00007ffb24351000 	C:\Users\Alejandro\.gradle\native\12488b8bf47d2d4c9fbf2f6322a914ad602e24e48041cd04a747c6da556b65c4\windows-amd64\native-platform-file-events.dll
0x00007ffb58e90000 - 0x00007ffb58e9a000 	C:\Program Files\Android\Android Studio\jre\bin\management.dll
0x00007ffb58890000 - 0x00007ffb5889c000 	C:\Program Files\Android\Android Studio\jre\bin\management_ext.dll
0x00007ffb5dfc0000 - 0x00007ffb5dfd8000 	C:\WINDOWS\SYSTEM32\CRYPTSP.dll
0x00007ffb5d710000 - 0x00007ffb5d744000 	C:\WINDOWS\system32\rsaenh.dll
0x00007ffb5e610000 - 0x00007ffb5e637000 	C:\WINDOWS\System32\bcrypt.dll
0x00007ffb5e4d0000 - 0x00007ffb5e4fe000 	C:\WINDOWS\SYSTEM32\USERENV.dll
0x00007ffb5dfe0000 - 0x00007ffb5dfec000 	C:\WINDOWS\SYSTEM32\CRYPTBASE.dll
0x00007ffb5da80000 - 0x00007ffb5dabb000 	C:\WINDOWS\SYSTEM32\IPHLPAPI.DLL
0x00007ffb5fd20000 - 0x00007ffb5fd28000 	C:\WINDOWS\System32\NSI.dll
0x00007ffb568a0000 - 0x00007ffb568b7000 	C:\WINDOWS\SYSTEM32\dhcpcsvc6.DLL
0x00007ffb573e0000 - 0x00007ffb573fd000 	C:\WINDOWS\SYSTEM32\dhcpcsvc.DLL
0x00007ffb5dac0000 - 0x00007ffb5db8c000 	C:\WINDOWS\SYSTEM32\DNSAPI.dll
0x00007ffb57490000 - 0x00007ffb5749b000 	C:\WINDOWS\SYSTEM32\WINNSI.DLL

dbghelp: loaded successfully - version: 4.0.5 - missing functions: none
symbol engine: initialized successfully - sym options: 0x614 - pdb path: .;C:\Program Files\Android\Android Studio\jre\bin;C:\WINDOWS\SYSTEM32;C:\WINDOWS\WinSxS\amd64_microsoft.windows.common-controls_6595b64144ccf1df_6.0.19041.1110_none_60b5254171f9507e;C:\Program Files\Android\Android Studio\jre\bin\server;C:\Users\Alejandro\.gradle\native\fdc75f09e3144964f2cf3f50f0aa648679c211496f362492102eb8c894070792\windows-amd64;C:\Users\Alejandro\.gradle\native\12488b8bf47d2d4c9fbf2f6322a914ad602e24e48041cd04a747c6da556b65c4\windows-amd64

VM Arguments:
jvm_args: --add-opens=java.base/java.util=ALL-UNNAMED --add-opens=java.base/java.lang=ALL-UNNAMED --add-opens=java.base/java.lang.invoke=ALL-UNNAMED --add-opens=java.prefs/java.util.prefs=ALL-UNNAMED -Xmx2048m -Dfile.encoding=UTF-8 -Duser.country=BE -Duser.language=nl -Duser.variant 
java_command: org.gradle.launcher.daemon.bootstrap.GradleDaemon 6.7.1
java_class_path (initial): C:\Users\Alejandro\.gradle\wrapper\dists\gradle-6.7.1-bin\bwlcbys1h7rz3272sye1xwiv6\gradle-6.7.1\lib\gradle-launcher-6.7.1.jar
Launcher Type: SUN_STANDARD

[Global flags]
     intx CICompilerCount                          = 4                                         {product} {ergonomic}
     uint ConcGCThreads                            = 2                                         {product} {ergonomic}
     uint G1ConcRefinementThreads                  = 8                                         {product} {ergonomic}
   size_t G1HeapRegionSize                         = 1048576                                   {product} {ergonomic}
    uintx GCDrainStackTargetSize                   = 64                                        {product} {ergonomic}
   size_t InitialHeapSize                          = 132120576                                 {product} {ergonomic}
   size_t MarkStackSize                            = 4194304                                   {product} {ergonomic}
   size_t MaxHeapSize                              = 2147483648                                {product} {command line}
   size_t MaxNewSize                               = 1287651328                                {product} {ergonomic}
   size_t MinHeapDeltaBytes                        = 1048576                                   {product} {ergonomic}
    uintx NonNMethodCodeHeapSize                   = 5836300                                {pd product} {ergonomic}
    uintx NonProfiledCodeHeapSize                  = 122910970                              {pd product} {ergonomic}
    uintx ProfiledCodeHeapSize                     = 122910970                              {pd product} {ergonomic}
    uintx ReservedCodeCacheSize                    = 251658240                              {pd product} {ergonomic}
     bool SegmentedCodeCache                       = true                                      {product} {ergonomic}
     bool UseCompressedClassPointers               = true                                 {lp64_product} {ergonomic}
     bool UseCompressedOops                        = true                                 {lp64_product} {ergonomic}
     bool UseG1GC                                  = true                                      {product} {ergonomic}
     bool UseLargePagesIndividualAllocation        = false                                  {pd product} {ergonomic}

Logging:
Log output configuration:
 #0: stdout all=warning uptime,level,tags
 #1: stderr all=off uptime,level,tags

Environment Variables:
PATH=C:\Program Files\AdoptOpenJDK\jdk-11.0.9.101-hotspot\bin;C:\Python38\Scripts\;C:\Python38\;C:\Users\Alejandro\bin;C:\Users\Alejandro\Documents\dart-sass-1.26.10-windows-x64;C:\ProgramData\chocolatey\bin;C:\Program Files\nodejs\;C:\ProgramData\ComposerSetup\bin;C:\Windows\System32;C:\Users\Alejandro\AppData\Roaming\npm;C:\xampp\php;C:\Users\Alejandro\AppData\Roaming\Composer\vendor\bin;C:\Users\Alejandro\AppData\Local\Programs\Microsoft VS Code\bin
USERNAME=Alejandro
OS=Windows_NT
PROCESSOR_IDENTIFIER=Intel64 Family 6 Model 142 Stepping 11, GenuineIntel



---------------  S Y S T E M  ---------------

OS: Windows 10 , 64 bit Build 19041 (10.0.19041.1023)
OS uptime: 6 days 19:42 hours

CPU:total 8 (initial active 8) (4 cores per cpu, 2 threads per core) family 6 model 142 stepping 11, cmov, cx8, fxsr, mmx, sse, sse2, sse3, ssse3, sse4.1, sse4.2, popcnt, avx, avx2, aes, clmul, erms, 3dnowpref, lzcnt, ht, tsc, tscinvbit, bmi1, bmi2, adx, fma

Memory: 4k page, system-wide physical 8042M (262M free)
TotalPageFile size 16234M (AvailPageFile size 4M)
current process WorkingSet (physical memory assigned to process): 430M, peak: 430M
current process commit charge ("private bytes"): 546M, peak: 547M

vm_info: OpenJDK 64-Bit Server VM (11.0.8+10-b944.6842174) for windows-amd64 JRE (11.0.8+10-b944.6842174), built on Sep 19 2020 01:11:42 by "builder" with MS VC++ 14.0 (VS2015)

END.
