#
# There is insufficient memory for the Java Runtime Environment to continue.
# Native memory allocation (malloc) failed to allocate 1262096 bytes for Chunk::new
# Possible reasons:
#   The system is out of physical RAM or swap space
#   The process is running with CompressedOops enabled, and the Java Heap may be blocking the growth of the native heap
# Possible solutions:
#   Reduce memory load on the system
#   Increase physical memory or swap space
#   Check if swap backing store is full
#   Decrease Java heap size (-Xmx/-Xms)
#   Decrease number of Java threads
#   Decrease Java thread stack sizes (-Xss)
#   Set larger code cache with -XX:ReservedCodeCacheSize=
#   JVM is running with Unscaled Compressed Oops mode in which the Java heap is
#     placed in the first 4GB address space. The Java Heap base address is the
#     maximum limit for the native heap growth. Please use -XX:HeapBaseMinAddress
#     to set the Java Heap base and to place the Java Heap above 4GB virtual address.
# This output file may be truncated or incomplete.
#
#  Out of Memory Error (./src/hotspot/share/memory/arena.cpp:197), pid=14164, tid=2516
#
# JRE version: OpenJDK Runtime Environment (11.0.8+10) (build 11.0.8+10-b944.6842174)
# Java VM: OpenJDK 64-Bit Server VM (11.0.8+10-b944.6842174, mixed mode, tiered, compressed oops, g1 gc, windows-amd64)
# No core dump will be written. Minidumps are not enabled by default on client versions of Windows
#

---------------  S U M M A R Y ------------

Command Line: --add-opens=java.base/java.util=ALL-UNNAMED --add-opens=java.base/java.lang=ALL-UNNAMED --add-opens=java.base/java.lang.invoke=ALL-UNNAMED --add-opens=java.prefs/java.util.prefs=ALL-UNNAMED -Xmx2048m -Dfile.encoding=UTF-8 -Duser.country=BE -Duser.language=nl -Duser.variant org.gradle.launcher.daemon.bootstrap.GradleDaemon 6.7.1

Host: Intel(R) Core(TM) i5-8265U CPU @ 1.60GHz, 8 cores, 7G,  Windows 10 , 64 bit Build 19041 (10.0.19041.1023)
Time: Fri Jul 23 14:01:19 2021 GMT (zomertijd) elapsed time: 48 seconds (0d 0h 0m 48s)

---------------  T H R E A D  ---------------

Current thread (0x000002015cd06800):  JavaThread "C2 CompilerThread0" daemon [_thread_in_native, id=2516, stack(0x000000e79b200000,0x000000e79b300000)]


Current CompileTask:
C2:  48737 11390       4       org.gradle.internal.logging.sink.OutputEventTransformer::onOutput (399 bytes)

Stack: [0x000000e79b200000,0x000000e79b300000]
Native frames: (J=compiled Java code, j=interpreted, Vv=VM code, C=native code)
V  [jvm.dll+0x5de50a]
V  [jvm.dll+0x7122f5]
V  [jvm.dll+0x71384d]
V  [jvm.dll+0x713f03]
V  [jvm.dll+0x23e728]
V  [jvm.dll+0xb899c]
V  [jvm.dll+0xb8e9c]
V  [jvm.dll+0x35020b]
V  [jvm.dll+0x31dea3]
V  [jvm.dll+0x31d39a]
V  [jvm.dll+0x1f7702]
V  [jvm.dll+0x1f68d4]
V  [jvm.dll+0x17f32c]
V  [jvm.dll+0x205047]
V  [jvm.dll+0x203891]
V  [jvm.dll+0x6dad3f]
V  [jvm.dll+0x6d3895]
V  [jvm.dll+0x5dd4a6]
C  [ucrtbase.dll+0x21bb2]
C  [KERNEL32.DLL+0x17034]
C  [ntdll.dll+0x52651]


---------------  P R O C E S S  ---------------

Threads class SMR info:
_java_thread_list=0x0000020161e69e90, length=182, elements={
0x000002014205f000, 0x000002015c361800, 0x000002015c362800, 0x000002015cd02800,
0x000002015cd03800, 0x000002015cd06800, 0x000002015cd0c000, 0x000002015cd10000,
0x000002015ce64800, 0x000002015ce6f000, 0x000002015e5ee800, 0x000002015cfe5000,
0x000002015e37f000, 0x000002015e312000, 0x000002015dcf0000, 0x000002015e328800,
0x000002015e329800, 0x000002015eb9d800, 0x000002015e94a000, 0x000002015e761800,
0x000002015e93f800, 0x000002015e93e800, 0x000002015e943000, 0x000002015e943800,
0x000002015e93e000, 0x000002015e940800, 0x000002015e944800, 0x000002015e941000,
0x000002015e942000, 0x000002015db3c000, 0x000002015db3a800, 0x000002015db3b800,
0x000002015db36800, 0x000002015db3d000, 0x000002015db37800, 0x000002015db3e000,
0x000002015db38000, 0x000002015db3e800, 0x000002015db39000, 0x000002015db45000,
0x000002015db3f800, 0x000002015db40800, 0x000002015db41000, 0x000002015db43800,
0x000002015db42000, 0x000002015db43000, 0x000002015db44800, 0x000002015f28c000,
0x000002015f289800, 0x000002015f28a800, 0x000002015f288000, 0x000002015f28b800,
0x000002015f289000, 0x000002015f28d000, 0x000002015f287800, 0x000002015f293800,
0x000002015f290800, 0x000002015f28e800, 0x000002015f292000, 0x000002015f292800,
0x000002015f28e000, 0x000002015f294800, 0x000002015f295000, 0x000002015f28f800,
0x000002015f291000, 0x000002015f296000, 0x000002015ef61000, 0x000002015ef60800,
0x000002015ef5b800, 0x000002015ef5d000, 0x000002015ef5e000, 0x000002015ef5f000,
0x000002015ef5c800, 0x000002015ef62000, 0x000002015ef63800, 0x000002015ef63000,
0x000002015ef5f800, 0x000002015ef68800, 0x000002015ef66000, 0x000002015ef6a000,
0x000002015ef69800, 0x000002015ef64800, 0x000002015ef65800, 0x000002015ef67000,
0x000002015ef68000, 0x000002015e91f800, 0x000002015e922000, 0x000002015e923800,
0x000002015e920800, 0x000002015e91e000, 0x000002015e922800, 0x000002015e921000,
0x000002015e924800, 0x000002015e91e800, 0x000002015e92a000, 0x000002015e928800,
0x000002015e926000, 0x000002015e925000, 0x000002015e92b000, 0x000002015e929800,
0x000002015e92b800, 0x000002015e92c800, 0x000002015e927000, 0x000002015e927800,
0x00000201623f5000, 0x00000201623f7800, 0x00000201623f4000, 0x00000201623f3000,
0x00000201623f1800, 0x00000201623f5800, 0x00000201623f6800, 0x00000201623f8000,
0x00000201623f2800, 0x00000201623fd000, 0x00000201623fa800, 0x00000201623fb800,
0x00000201623fe800, 0x00000201623fa000, 0x00000201623fc000, 0x00000201623fe000,
0x00000201623f9000, 0x00000201623ff800, 0x0000020162400800, 0x000002015db1a000,
0x000002015db1a800, 0x000002015db1b800, 0x000002015db19000, 0x000002015db17800,
0x000002015db1c000, 0x000002015db16800, 0x000002015db1e000, 0x000002015db1d000,
0x000002015db18000, 0x000002015db1f800, 0x000002015db23800, 0x000002015db1e800,
0x000002015db24800, 0x000002015db22800, 0x000002015db20800, 0x000002015db25000,
0x000002015db22000, 0x000002015db21000, 0x0000020161488800, 0x0000020161489000,
0x0000020161483800, 0x0000020161487800, 0x0000020161484800, 0x000002016148a000,
0x000002016148b000, 0x0000020161486800, 0x0000020161486000, 0x0000020161485000,
0x000002016148f800, 0x000002016148e000, 0x000002016148d000, 0x0000020161491800,
0x0000020161490800, 0x000002016148f000, 0x000002016148b800, 0x0000020161492000,
0x000002016148c800, 0x0000020167ca3800, 0x0000020167ca4800, 0x0000020167ca1000,
0x0000020167ca5000, 0x0000020167ca6000, 0x0000020167ca0000, 0x0000020167ca7000,
0x0000020167ca7800, 0x0000020167ca2000, 0x0000020167ca8800, 0x0000020167ca2800,
0x0000020167ca9000, 0x0000020167cad800, 0x0000020167cab000, 0x0000020167cae000,
0x0000020167caf000, 0x0000020167caa000, 0x000002016452b000, 0x000002016452c800,
0x000002016452a000, 0x000002016452b800
}

Java Threads: ( => current thread )
  0x000002014205f000 JavaThread "main" [_thread_blocked, id=21388, stack(0x000000e79a700000,0x000000e79a800000)]
  0x000002015c361800 JavaThread "Reference Handler" daemon [_thread_blocked, id=14808, stack(0x000000e79ae00000,0x000000e79af00000)]
  0x000002015c362800 JavaThread "Finalizer" daemon [_thread_blocked, id=17912, stack(0x000000e79af00000,0x000000e79b000000)]
  0x000002015cd02800 JavaThread "Signal Dispatcher" daemon [_thread_blocked, id=14940, stack(0x000000e79b000000,0x000000e79b100000)]
  0x000002015cd03800 JavaThread "Attach Listener" daemon [_thread_blocked, id=1340, stack(0x000000e79b100000,0x000000e79b200000)]
=>0x000002015cd06800 JavaThread "C2 CompilerThread0" daemon [_thread_in_native, id=2516, stack(0x000000e79b200000,0x000000e79b300000)]
  0x000002015cd0c000 JavaThread "C1 CompilerThread0" daemon [_thread_in_native, id=18684, stack(0x000000e79b300000,0x000000e79b400000)]
  0x000002015cd10000 JavaThread "Sweeper thread" daemon [_thread_blocked, id=23048, stack(0x000000e79b400000,0x000000e79b500000)]
  0x000002015ce64800 JavaThread "Common-Cleaner" daemon [_thread_blocked, id=4012, stack(0x000000e79b500000,0x000000e79b600000)]
  0x000002015ce6f000 JavaThread "Service Thread" daemon [_thread_blocked, id=19464, stack(0x000000e79b600000,0x000000e79b700000)]
  0x000002015e5ee800 JavaThread "Daemon health stats" [_thread_blocked, id=1172, stack(0x000000e79bb00000,0x000000e79bc00000)]
  0x000002015cfe5000 JavaThread "Incoming local TCP Connector on port 65441" [_thread_in_native, id=24196, stack(0x000000e79bd00000,0x000000e79be00000)]
  0x000002015e37f000 JavaThread "Daemon periodic checks" [_thread_blocked, id=20700, stack(0x000000e79be00000,0x000000e79bf00000)]
  0x000002015e312000 JavaThread "Daemon" [_thread_blocked, id=13420, stack(0x000000e79bf00000,0x000000e79c000000)]
  0x000002015dcf0000 JavaThread "Handler for socket connection from /127.0.0.1:65441 to /127.0.0.1:65442" [_thread_in_native, id=13492, stack(0x000000e79c000000,0x000000e79c100000)]
  0x000002015e328800 JavaThread "Cancel handler" [_thread_blocked, id=16852, stack(0x000000e79c100000,0x000000e79c200000)]
  0x000002015e329800 JavaThread "Daemon worker" [_thread_blocked, id=22448, stack(0x000000e79c200000,0x000000e79c300000)]
  0x000002015eb9d800 JavaThread "Asynchronous log dispatcher for DefaultDaemonConnection: socket connection from /127.0.0.1:65441 to /127.0.0.1:65442" [_thread_blocked, id=6344, stack(0x000000e79c300000,0x000000e79c400000)]
  0x000002015e94a000 JavaThread "Stdin handler" [_thread_blocked, id=1384, stack(0x000000e79c400000,0x000000e79c500000)]
  0x000002015e761800 JavaThread "Thread-8" [_thread_blocked, id=20292, stack(0x000000e79c500000,0x000000e79c600000)]
  0x000002015e93f800 JavaThread "Cache worker for file hash cache (C:\Users\Alejandro\.gradle\caches\6.7.1\fileHashes)" [_thread_blocked, id=20612, stack(0x000000e79cb00000,0x000000e79cc00000)]
  0x000002015e93e800 JavaThread "File lock request listener" [_thread_in_native, id=3560, stack(0x000000e79cc00000,0x000000e79cd00000)]
  0x000002015e943000 JavaThread "Cache worker for journal cache (C:\Users\Alejandro\.gradle\caches\journal-1)" [_thread_blocked, id=22012, stack(0x000000e79ce00000,0x000000e79cf00000)]
  0x000002015e943800 JavaThread "Cache worker for file hash cache (C:\Users\Alejandro\AndroidStudioProjects\real-estate-app\.gradle\6.7.1\fileHashes)" [_thread_blocked, id=24556, stack(0x000000e79cf00000,0x000000e79d000000)]
  0x000002015e93e000 JavaThread "Cache worker for checksums cache (C:\Users\Alejandro\AndroidStudioProjects\real-estate-app\.gradle\checksums)" [_thread_blocked, id=19672, stack(0x000000e79d100000,0x000000e79d200000)]
  0x000002015e940800 JavaThread "Cache worker for cache directory md-supplier (C:\Users\Alejandro\.gradle\caches\6.7.1\md-supplier)" [_thread_blocked, id=19820, stack(0x000000e79d200000,0x000000e79d300000)]
  0x000002015e944800 JavaThread "Cache worker for cache directory md-rule (C:\Users\Alejandro\.gradle\caches\6.7.1\md-rule)" [_thread_blocked, id=8936, stack(0x000000e79d300000,0x000000e79d400000)]
  0x000002015e941000 JavaThread "Cache worker for execution history cache (C:\Users\Alejandro\.gradle\caches\6.7.1\executionHistory)" [_thread_blocked, id=24120, stack(0x000000e79d400000,0x000000e79d500000)]
  0x000002015e942000 JavaThread "jar transforms" [_thread_blocked, id=24244, stack(0x000000e79d500000,0x000000e79d600000)]
  0x000002015db3c000 JavaThread "Cache worker for file content cache (C:\Users\Alejandro\.gradle\caches\6.7.1\fileContent)" [_thread_blocked, id=6060, stack(0x000000e79d600000,0x000000e79d700000)]
  0x000002015db3a800 JavaThread "Cache worker for Build Output Cleanup Cache (C:\Users\Alejandro\AndroidStudioProjects\real-estate-app\.gradle\buildOutputCleanup)" [_thread_blocked, id=24540, stack(0x000000e79d700000,0x000000e79d800000)]
  0x000002015db3b800 JavaThread "Build operations" [_thread_blocked, id=23116, stack(0x000000e79d000000,0x000000e79d100000)]
  0x000002015db36800 JavaThread "Build operations Thread 2" [_thread_blocked, id=21244, stack(0x000000e79d800000,0x000000e79d900000)]
  0x000002015db3d000 JavaThread "Build operations Thread 3" [_thread_blocked, id=21580, stack(0x000000e79d900000,0x000000e79da00000)]
  0x000002015db37800 JavaThread "Build operations Thread 4" [_thread_blocked, id=23848, stack(0x000000e79da00000,0x000000e79db00000)]
  0x000002015db3e000 JavaThread "Build operations Thread 5" [_thread_blocked, id=20976, stack(0x000000e79db00000,0x000000e79dc00000)]
  0x000002015db38000 JavaThread "Build operations Thread 6" [_thread_blocked, id=20836, stack(0x000000e79dc00000,0x000000e79dd00000)]
  0x000002015db3e800 JavaThread "Build operations Thread 7" [_thread_blocked, id=20728, stack(0x000000e79dd00000,0x000000e79de00000)]
  0x000002015db39000 JavaThread "Build operations Thread 8" [_thread_blocked, id=22904, stack(0x000000e79de00000,0x000000e79df00000)]
  0x000002015db45000 JavaThread "jar transforms Thread 2" [_thread_blocked, id=18520, stack(0x000000e79df00000,0x000000e79e000000)]
  0x000002015db3f800 JavaThread "jar transforms Thread 3" [_thread_blocked, id=16440, stack(0x000000e79e000000,0x000000e79e100000)]
  0x000002015db40800 JavaThread "jar transforms Thread 4" [_thread_blocked, id=15364, stack(0x000000e79e100000,0x000000e79e200000)]
  0x000002015db41000 JavaThread "jar transforms Thread 5" [_thread_blocked, id=20228, stack(0x000000e79e200000,0x000000e79e300000)]
  0x000002015db43800 JavaThread "jar transforms Thread 6" [_thread_blocked, id=13460, stack(0x000000e79e300000,0x000000e79e400000)]
  0x000002015db42000 JavaThread "jar transforms Thread 7" [_thread_blocked, id=7020, stack(0x000000e79e400000,0x000000e79e500000)]
  0x000002015db43000 JavaThread "jar transforms Thread 8" [_thread_blocked, id=16544, stack(0x000000e79e500000,0x000000e79e600000)]
  0x000002015db44800 JavaThread "jar transforms Thread 9" [_thread_blocked, id=12236, stack(0x000000e79e600000,0x000000e79e700000)]
  0x000002015f28c000 JavaThread "jar transforms Thread 10" [_thread_blocked, id=20620, stack(0x000000e79e700000,0x000000e79e800000)]
  0x000002015f289800 JavaThread "jar transforms Thread 11" [_thread_blocked, id=14528, stack(0x000000e79e800000,0x000000e79e900000)]
  0x000002015f28a800 JavaThread "jar transforms Thread 12" [_thread_blocked, id=11384, stack(0x000000e79e900000,0x000000e79ea00000)]
  0x000002015f288000 JavaThread "jar transforms Thread 13" [_thread_blocked, id=22948, stack(0x000000e79ea00000,0x000000e79eb00000)]
  0x000002015f28b800 JavaThread "jar transforms Thread 14" [_thread_blocked, id=18900, stack(0x000000e79eb00000,0x000000e79ec00000)]
  0x000002015f289000 JavaThread "jar transforms Thread 15" [_thread_blocked, id=4552, stack(0x000000e79ec00000,0x000000e79ed00000)]
  0x000002015f28d000 JavaThread "jar transforms Thread 16" [_thread_blocked, id=21920, stack(0x000000e79ed00000,0x000000e79ee00000)]
  0x000002015f287800 JavaThread "jar transforms Thread 17" [_thread_blocked, id=3032, stack(0x000000e79ee00000,0x000000e79ef00000)]
  0x000002015f293800 JavaThread "jar transforms Thread 18" [_thread_blocked, id=17440, stack(0x000000e79ef00000,0x000000e79f000000)]
  0x000002015f290800 JavaThread "jar transforms Thread 19" [_thread_blocked, id=17964, stack(0x000000e79f000000,0x000000e79f100000)]
  0x000002015f28e800 JavaThread "jar transforms Thread 20" [_thread_blocked, id=13360, stack(0x000000e79f100000,0x000000e79f200000)]
  0x000002015f292000 JavaThread "jar transforms Thread 21" [_thread_blocked, id=8748, stack(0x000000e79f200000,0x000000e79f300000)]
  0x000002015f292800 JavaThread "jar transforms Thread 22" [_thread_blocked, id=23112, stack(0x000000e79f300000,0x000000e79f400000)]
  0x000002015f28e000 JavaThread "jar transforms Thread 23" [_thread_blocked, id=19616, stack(0x000000e79f400000,0x000000e79f500000)]
  0x000002015f294800 JavaThread "jar transforms Thread 24" [_thread_blocked, id=5168, stack(0x000000e79f500000,0x000000e79f600000)]
  0x000002015f295000 JavaThread "jar transforms Thread 25" [_thread_blocked, id=16428, stack(0x000000e79f600000,0x000000e79f700000)]
  0x000002015f28f800 JavaThread "jar transforms Thread 26" [_thread_blocked, id=19960, stack(0x000000e79f700000,0x000000e79f800000)]
  0x000002015f291000 JavaThread "jar transforms Thread 27" [_thread_blocked, id=4764, stack(0x000000e79f800000,0x000000e79f900000)]
  0x000002015f296000 JavaThread "jar transforms Thread 28" [_thread_blocked, id=23252, stack(0x000000e79f900000,0x000000e79fa00000)]
  0x000002015ef61000 JavaThread "jar transforms Thread 29" [_thread_blocked, id=23400, stack(0x000000e79fa00000,0x000000e79fb00000)]
  0x000002015ef60800 JavaThread "jar transforms Thread 30" [_thread_blocked, id=2504, stack(0x000000e79fb00000,0x000000e79fc00000)]
  0x000002015ef5b800 JavaThread "jar transforms Thread 31" [_thread_blocked, id=17128, stack(0x000000e79fc00000,0x000000e79fd00000)]
  0x000002015ef5d000 JavaThread "jar transforms Thread 32" [_thread_blocked, id=12208, stack(0x000000e79fd00000,0x000000e79fe00000)]
  0x000002015ef5e000 JavaThread "jar transforms Thread 33" [_thread_blocked, id=19360, stack(0x000000e79fe00000,0x000000e79ff00000)]
  0x000002015ef5f000 JavaThread "jar transforms Thread 34" [_thread_blocked, id=22152, stack(0x000000e79ff00000,0x000000e7a0000000)]
  0x000002015ef5c800 JavaThread "jar transforms Thread 35" [_thread_blocked, id=10004, stack(0x000000e7a0000000,0x000000e7a0100000)]
  0x000002015ef62000 JavaThread "jar transforms Thread 36" [_thread_blocked, id=10520, stack(0x000000e7a0100000,0x000000e7a0200000)]
  0x000002015ef63800 JavaThread "jar transforms Thread 37" [_thread_blocked, id=1828, stack(0x000000e7a0200000,0x000000e7a0300000)]
  0x000002015ef63000 JavaThread "jar transforms Thread 38" [_thread_blocked, id=12052, stack(0x000000e7a0300000,0x000000e7a0400000)]
  0x000002015ef5f800 JavaThread "jar transforms Thread 39" [_thread_blocked, id=5672, stack(0x000000e7a0400000,0x000000e7a0500000)]
  0x000002015ef68800 JavaThread "jar transforms Thread 40" [_thread_blocked, id=23292, stack(0x000000e7a0500000,0x000000e7a0600000)]
  0x000002015ef66000 JavaThread "jar transforms Thread 41" [_thread_blocked, id=13088, stack(0x000000e7a0600000,0x000000e7a0700000)]
  0x000002015ef6a000 JavaThread "jar transforms Thread 42" [_thread_blocked, id=24508, stack(0x000000e7a0700000,0x000000e7a0800000)]
  0x000002015ef69800 JavaThread "jar transforms Thread 43" [_thread_blocked, id=19848, stack(0x000000e7a0800000,0x000000e7a0900000)]
  0x000002015ef64800 JavaThread "jar transforms Thread 44" [_thread_blocked, id=21676, stack(0x000000e7a0900000,0x000000e7a0a00000)]
  0x000002015ef65800 JavaThread "jar transforms Thread 45" [_thread_blocked, id=20712, stack(0x000000e7a0a00000,0x000000e7a0b00000)]
  0x000002015ef67000 JavaThread "jar transforms Thread 46" [_thread_blocked, id=19096, stack(0x000000e7a0b00000,0x000000e7a0c00000)]
  0x000002015ef68000 JavaThread "jar transforms Thread 47" [_thread_blocked, id=22280, stack(0x000000e7a0c00000,0x000000e7a0d00000)]
  0x000002015e91f800 JavaThread "jar transforms Thread 48" [_thread_blocked, id=14360, stack(0x000000e7a0d00000,0x000000e7a0e00000)]
  0x000002015e922000 JavaThread "jar transforms Thread 49" [_thread_blocked, id=19520, stack(0x000000e7a0e00000,0x000000e7a0f00000)]
  0x000002015e923800 JavaThread "jar transforms Thread 50" [_thread_blocked, id=17068, stack(0x000000e7a0f00000,0x000000e7a1000000)]
  0x000002015e920800 JavaThread "jar transforms Thread 51" [_thread_blocked, id=24568, stack(0x000000e7a1000000,0x000000e7a1100000)]
  0x000002015e91e000 JavaThread "jar transforms Thread 52" [_thread_blocked, id=16416, stack(0x000000e7a1100000,0x000000e7a1200000)]
  0x000002015e922800 JavaThread "jar transforms Thread 53" [_thread_blocked, id=18792, stack(0x000000e7a1200000,0x000000e7a1300000)]
  0x000002015e921000 JavaThread "jar transforms Thread 54" [_thread_blocked, id=19776, stack(0x000000e7a1300000,0x000000e7a1400000)]
  0x000002015e924800 JavaThread "jar transforms Thread 55" [_thread_blocked, id=22384, stack(0x000000e7a1400000,0x000000e7a1500000)]
  0x000002015e91e800 JavaThread "jar transforms Thread 56" [_thread_blocked, id=6464, stack(0x000000e7a1500000,0x000000e7a1600000)]
  0x000002015e92a000 JavaThread "jar transforms Thread 57" [_thread_blocked, id=14984, stack(0x000000e7a1600000,0x000000e7a1700000)]
  0x000002015e928800 JavaThread "jar transforms Thread 58" [_thread_blocked, id=9052, stack(0x000000e7a1700000,0x000000e7a1800000)]
  0x000002015e926000 JavaThread "jar transforms Thread 59" [_thread_blocked, id=12316, stack(0x000000e7a1800000,0x000000e7a1900000)]
  0x000002015e925000 JavaThread "jar transforms Thread 60" [_thread_blocked, id=10064, stack(0x000000e7a1900000,0x000000e7a1a00000)]
  0x000002015e92b000 JavaThread "jar transforms Thread 61" [_thread_blocked, id=1624, stack(0x000000e7a1a00000,0x000000e7a1b00000)]
  0x000002015e929800 JavaThread "jar transforms Thread 62" [_thread_blocked, id=13348, stack(0x000000e7a1b00000,0x000000e7a1c00000)]
  0x000002015e92b800 JavaThread "jar transforms Thread 63" [_thread_blocked, id=10056, stack(0x000000e7a1c00000,0x000000e7a1d00000)]
  0x000002015e92c800 JavaThread "jar transforms Thread 64" [_thread_blocked, id=18300, stack(0x000000e7a1d00000,0x000000e7a1e00000)]
  0x000002015e927000 JavaThread "jar transforms Thread 65" [_thread_blocked, id=23308, stack(0x000000e7a1e00000,0x000000e7a1f00000)]
  0x000002015e927800 JavaThread "jar transforms Thread 66" [_thread_blocked, id=19852, stack(0x000000e7a1f00000,0x000000e7a2000000)]
  0x00000201623f5000 JavaThread "jar transforms Thread 67" [_thread_blocked, id=14144, stack(0x000000e7a2000000,0x000000e7a2100000)]
  0x00000201623f7800 JavaThread "jar transforms Thread 68" [_thread_blocked, id=10640, stack(0x000000e7a2100000,0x000000e7a2200000)]
  0x00000201623f4000 JavaThread "jar transforms Thread 69" [_thread_blocked, id=7420, stack(0x000000e7a2200000,0x000000e7a2300000)]
  0x00000201623f3000 JavaThread "jar transforms Thread 70" [_thread_blocked, id=5080, stack(0x000000e7a2300000,0x000000e7a2400000)]
  0x00000201623f1800 JavaThread "jar transforms Thread 71" [_thread_blocked, id=23208, stack(0x000000e7a2400000,0x000000e7a2500000)]
  0x00000201623f5800 JavaThread "jar transforms Thread 72" [_thread_blocked, id=8140, stack(0x000000e7a2500000,0x000000e7a2600000)]
  0x00000201623f6800 JavaThread "jar transforms Thread 73" [_thread_blocked, id=22436, stack(0x000000e7a2600000,0x000000e7a2700000)]
  0x00000201623f8000 JavaThread "jar transforms Thread 74" [_thread_blocked, id=10844, stack(0x000000e7a2700000,0x000000e7a2800000)]
  0x00000201623f2800 JavaThread "jar transforms Thread 75" [_thread_blocked, id=15292, stack(0x000000e7a2800000,0x000000e7a2900000)]
  0x00000201623fd000 JavaThread "jar transforms Thread 76" [_thread_blocked, id=1320, stack(0x000000e7a2900000,0x000000e7a2a00000)]
  0x00000201623fa800 JavaThread "jar transforms Thread 77" [_thread_blocked, id=23188, stack(0x000000e7a2a00000,0x000000e7a2b00000)]
  0x00000201623fb800 JavaThread "jar transforms Thread 78" [_thread_blocked, id=13256, stack(0x000000e7a2b00000,0x000000e7a2c00000)]
  0x00000201623fe800 JavaThread "jar transforms Thread 79" [_thread_blocked, id=13072, stack(0x000000e7a2c00000,0x000000e7a2d00000)]
  0x00000201623fa000 JavaThread "jar transforms Thread 80" [_thread_blocked, id=24184, stack(0x000000e7a2d00000,0x000000e7a2e00000)]
  0x00000201623fc000 JavaThread "jar transforms Thread 81" [_thread_blocked, id=12412, stack(0x000000e7a2e00000,0x000000e7a2f00000)]
  0x00000201623fe000 JavaThread "jar transforms Thread 82" [_thread_blocked, id=20156, stack(0x000000e7a2f00000,0x000000e7a3000000)]
  0x00000201623f9000 JavaThread "jar transforms Thread 83" [_thread_blocked, id=13932, stack(0x000000e7a3000000,0x000000e7a3100000)]
  0x00000201623ff800 JavaThread "jar transforms Thread 84" [_thread_blocked, id=9532, stack(0x000000e7a3100000,0x000000e7a3200000)]
  0x0000020162400800 JavaThread "jar transforms Thread 85" [_thread_blocked, id=11240, stack(0x000000e7a3200000,0x000000e7a3300000)]
  0x000002015db1a000 JavaThread "jar transforms Thread 86" [_thread_blocked, id=19512, stack(0x000000e7a3300000,0x000000e7a3400000)]
  0x000002015db1a800 JavaThread "jar transforms Thread 87" [_thread_blocked, id=10932, stack(0x000000e7a3400000,0x000000e7a3500000)]
  0x000002015db1b800 JavaThread "jar transforms Thread 88" [_thread_blocked, id=12824, stack(0x000000e7a3500000,0x000000e7a3600000)]
  0x000002015db19000 JavaThread "jar transforms Thread 89" [_thread_blocked, id=18372, stack(0x000000e7a3600000,0x000000e7a3700000)]
  0x000002015db17800 JavaThread "jar transforms Thread 90" [_thread_blocked, id=13408, stack(0x000000e7a3700000,0x000000e7a3800000)]
  0x000002015db1c000 JavaThread "jar transforms Thread 91" [_thread_blocked, id=22684, stack(0x000000e7a3800000,0x000000e7a3900000)]
  0x000002015db16800 JavaThread "jar transforms Thread 92" [_thread_blocked, id=12840, stack(0x000000e7a3900000,0x000000e7a3a00000)]
  0x000002015db1e000 JavaThread "jar transforms Thread 93" [_thread_blocked, id=22388, stack(0x000000e7a3a00000,0x000000e7a3b00000)]
  0x000002015db1d000 JavaThread "jar transforms Thread 94" [_thread_blocked, id=17208, stack(0x000000e7a3b00000,0x000000e7a3c00000)]
  0x000002015db18000 JavaThread "jar transforms Thread 95" [_thread_blocked, id=16488, stack(0x000000e7a3c00000,0x000000e7a3d00000)]
  0x000002015db1f800 JavaThread "jar transforms Thread 96" [_thread_blocked, id=440, stack(0x000000e7a3d00000,0x000000e7a3e00000)]
  0x000002015db23800 JavaThread "jar transforms Thread 97" [_thread_blocked, id=9012, stack(0x000000e7a3e00000,0x000000e7a3f00000)]
  0x000002015db1e800 JavaThread "jar transforms Thread 98" [_thread_blocked, id=9096, stack(0x000000e7a3f00000,0x000000e7a4000000)]
  0x000002015db24800 JavaThread "jar transforms Thread 99" [_thread_blocked, id=12836, stack(0x000000e7a4000000,0x000000e7a4100000)]
  0x000002015db22800 JavaThread "jar transforms Thread 100" [_thread_blocked, id=19268, stack(0x000000e7a4100000,0x000000e7a4200000)]
  0x000002015db20800 JavaThread "jar transforms Thread 101" [_thread_blocked, id=22208, stack(0x000000e7a4200000,0x000000e7a4300000)]
  0x000002015db25000 JavaThread "jar transforms Thread 102" [_thread_blocked, id=22648, stack(0x000000e7a4300000,0x000000e7a4400000)]
  0x000002015db22000 JavaThread "jar transforms Thread 103" [_thread_blocked, id=12708, stack(0x000000e7a4400000,0x000000e7a4500000)]
  0x000002015db21000 JavaThread "jar transforms Thread 104" [_thread_blocked, id=21692, stack(0x000000e7a4500000,0x000000e7a4600000)]
  0x0000020161488800 JavaThread "jar transforms Thread 105" [_thread_blocked, id=24144, stack(0x000000e7a4600000,0x000000e7a4700000)]
  0x0000020161489000 JavaThread "jar transforms Thread 106" [_thread_blocked, id=22444, stack(0x000000e7a4700000,0x000000e7a4800000)]
  0x0000020161483800 JavaThread "jar transforms Thread 107" [_thread_blocked, id=21160, stack(0x000000e7a4800000,0x000000e7a4900000)]
  0x0000020161487800 JavaThread "jar transforms Thread 108" [_thread_blocked, id=17024, stack(0x000000e7a4900000,0x000000e7a4a00000)]
  0x0000020161484800 JavaThread "jar transforms Thread 109" [_thread_blocked, id=18552, stack(0x000000e7a4a00000,0x000000e7a4b00000)]
  0x000002016148a000 JavaThread "jar transforms Thread 110" [_thread_blocked, id=8796, stack(0x000000e7a4b00000,0x000000e7a4c00000)]
  0x000002016148b000 JavaThread "jar transforms Thread 111" [_thread_blocked, id=19708, stack(0x000000e7a4c00000,0x000000e7a4d00000)]
  0x0000020161486800 JavaThread "jar transforms Thread 112" [_thread_blocked, id=19132, stack(0x000000e7a4d00000,0x000000e7a4e00000)]
  0x0000020161486000 JavaThread "jar transforms Thread 113" [_thread_blocked, id=23016, stack(0x000000e7a4e00000,0x000000e7a4f00000)]
  0x0000020161485000 JavaThread "jar transforms Thread 114" [_thread_blocked, id=18676, stack(0x000000e7a4f00000,0x000000e7a5000000)]
  0x000002016148f800 JavaThread "jar transforms Thread 115" [_thread_blocked, id=24056, stack(0x000000e7a5000000,0x000000e7a5100000)]
  0x000002016148e000 JavaThread "jar transforms Thread 116" [_thread_blocked, id=5572, stack(0x000000e7a5100000,0x000000e7a5200000)]
  0x000002016148d000 JavaThread "jar transforms Thread 117" [_thread_blocked, id=17760, stack(0x000000e7a5200000,0x000000e7a5300000)]
  0x0000020161491800 JavaThread "jar transforms Thread 118" [_thread_blocked, id=13524, stack(0x000000e7a5300000,0x000000e7a5400000)]
  0x0000020161490800 JavaThread "jar transforms Thread 119" [_thread_blocked, id=13076, stack(0x000000e7a5400000,0x000000e7a5500000)]
  0x000002016148f000 JavaThread "jar transforms Thread 120" [_thread_blocked, id=10084, stack(0x000000e7a5500000,0x000000e7a5600000)]
  0x000002016148b800 JavaThread "jar transforms Thread 121" [_thread_blocked, id=23872, stack(0x000000e7a5600000,0x000000e7a5700000)]
  0x0000020161492000 JavaThread "Memory manager" [_thread_blocked, id=18132, stack(0x000000e7a5800000,0x000000e7a5900000)]
  0x000002016148c800 JavaThread "build event listener" [_thread_blocked, id=16832, stack(0x000000e7a5a00000,0x000000e7a5b00000)]
  0x0000020167ca3800 JavaThread "pool-3-thread-1" [_thread_blocked, id=23884, stack(0x000000e7a5b00000,0x000000e7a5c00000)]
  0x0000020167ca4800 JavaThread "build event listener" [_thread_blocked, id=12600, stack(0x000000e7a5c00000,0x000000e7a5d00000)]
  0x0000020167ca1000 JavaThread "Execution worker for ':'" [_thread_blocked, id=24472, stack(0x000000e7a5d00000,0x000000e7a5e00000)]
  0x0000020167ca5000 JavaThread "Execution worker for ':' Thread 2" [_thread_blocked, id=16716, stack(0x000000e7a5e00000,0x000000e7a5f00000)]
  0x0000020167ca6000 JavaThread "Execution worker for ':' Thread 3" [_thread_blocked, id=12468, stack(0x000000e7a5f00000,0x000000e7a6000000)]
  0x0000020167ca0000 JavaThread "Execution worker for ':' Thread 4" [_thread_blocked, id=21368, stack(0x000000e7a6000000,0x000000e7a6100000)]
  0x0000020167ca7000 JavaThread "Execution worker for ':' Thread 5" [_thread_blocked, id=16052, stack(0x000000e7a6100000,0x000000e7a6200000)]
  0x0000020167ca7800 JavaThread "Execution worker for ':' Thread 6" [_thread_blocked, id=15076, stack(0x000000e7a6200000,0x000000e7a6300000)]
  0x0000020167ca2000 JavaThread "Execution worker for ':' Thread 7" [_thread_in_native, id=24280, stack(0x000000e7a6300000,0x000000e7a6400000)]
  0x0000020167ca8800 JavaThread "Cache worker for execution history cache (C:\Users\Alejandro\AndroidStudioProjects\real-estate-app\.gradle\6.7.1\executionHistory)" [_thread_blocked, id=14892, stack(0x000000e7a6400000,0x000000e7a6500000)]
  0x0000020167ca2800 JavaThread "WorkerExecutor Queue" [_thread_blocked, id=19240, stack(0x000000e7a6500000,0x000000e7a6600000)]
  0x0000020167ca9000 JavaThread "pool-4-thread-1" [_thread_blocked, id=15052, stack(0x000000e7a6600000,0x000000e7a6700000)]
  0x0000020167cad800 JavaThread "stderr" [_thread_in_native, id=18824, stack(0x000000e7a5700000,0x000000e7a5800000)]
  0x0000020167cab000 JavaThread "stdout" [_thread_in_native, id=19180, stack(0x000000e7a5900000,0x000000e7a5a00000)]
  0x0000020167cae000 JavaThread "RMI Scheduler(0)" daemon [_thread_blocked, id=15460, stack(0x000000e79a400000,0x000000e79a500000)]
  0x0000020167caf000 JavaThread "RMI GC Daemon" daemon [_thread_blocked, id=13240, stack(0x000000e7a6800000,0x000000e7a6900000)]
  0x0000020167caa000 JavaThread "RMI TCP Accept-0" daemon [_thread_in_native, id=23432, stack(0x000000e7a6a00000,0x000000e7a6b00000)]
  0x000002016452b000 JavaThread "RMI Reaper" [_thread_blocked, id=18224, stack(0x000000e7a6b00000,0x000000e7a6c00000)]
  0x000002016452c800 JavaThread "RMI TCP Connection(2)-127.0.0.1" daemon [_thread_in_native, id=4412, stack(0x000000e7a6c00000,0x000000e7a6d00000)]
  0x000002016452a000 JavaThread "C2 CompilerThread1" daemon [_thread_in_native, id=12868, stack(0x000000e7a6900000,0x000000e7a6a00000)]
  0x000002016452b800 JavaThread "C2 CompilerThread2" daemon [_thread_in_native, id=12304, stack(0x000000e7a6d00000,0x000000e7a6e00000)]

Other Threads:
  0x000002015c35b800 VMThread "VM Thread" [stack: 0x000000e79ad00000,0x000000e79ae00000] [id=6460]
  0x000002015ce70000 WatcherThread [stack: 0x000000e79b700000,0x000000e79b800000] [id=13884]
  0x0000020142072000 GCTaskThread "GC Thread#0" [stack: 0x000000e79a800000,0x000000e79a900000] [id=23100]
  0x000002015db14800 GCTaskThread "GC Thread#1" [stack: 0x000000e79b900000,0x000000e79ba00000] [id=11300]
  0x000002015db15800 GCTaskThread "GC Thread#2" [stack: 0x000000e79ba00000,0x000000e79bb00000] [id=10564]
  0x000002015d64a000 GCTaskThread "GC Thread#3" [stack: 0x000000e79c600000,0x000000e79c700000] [id=20844]
  0x000002015ed57800 GCTaskThread "GC Thread#4" [stack: 0x000000e79c700000,0x000000e79c800000] [id=13132]
  0x000002015eda9800 GCTaskThread "GC Thread#5" [stack: 0x000000e79c800000,0x000000e79c900000] [id=5848]
  0x000002015efc6800 GCTaskThread "GC Thread#6" [stack: 0x000000e79c900000,0x000000e79ca00000] [id=22888]
  0x000002015e01c800 GCTaskThread "GC Thread#7" [stack: 0x000000e79ca00000,0x000000e79cb00000] [id=20628]
  0x00000201420a2800 ConcurrentGCThread "G1 Main Marker" [stack: 0x000000e79a900000,0x000000e79aa00000] [id=16772]
  0x00000201420a3800 ConcurrentGCThread "G1 Conc#0" [stack: 0x000000e79aa00000,0x000000e79ab00000] [id=1672]
  0x000002015eb46800 ConcurrentGCThread "G1 Conc#1" [stack: 0x000000e79cd00000,0x000000e79ce00000] [id=20368]
  0x0000020142133000 ConcurrentGCThread "G1 Refine#0" [stack: 0x000000e79ab00000,0x000000e79ac00000] [id=4124]
  0x0000020142136000 ConcurrentGCThread "G1 Young RemSet Sampling" [stack: 0x000000e79ac00000,0x000000e79ad00000] [id=16040]

Threads with active compile tasks:
C2 CompilerThread0  48813 11390       4       org.gradle.internal.logging.sink.OutputEventTransformer::onOutput (399 bytes)
C1 CompilerThread0  48813 11541       2       org.gradle.internal.normalization.java.impl.ApiMemberSelector::visitAnnotationMembers (54 bytes)
C2 CompilerThread1  48813 11529       4       org.objectweb.asm.ClassReader::readField (667 bytes)
C2 CompilerThread2  48813 11515       4       java.util.TreeSet::iterator (15 bytes)

VM state:not at safepoint (normal execution)

VM Mutex/Monitor currently owned by a thread: None

Heap address: 0x0000000080000000, size: 2048 MB, Compressed Oops mode: 32-bit
Narrow klass base: 0x0000000000000000, Narrow klass shift: 3
Compressed class space size: 1073741824 Address: 0x0000000100000000

Heap:
 garbage-first heap   total 155648K, used 108723K [0x0000000080000000, 0x0000000100000000)
  region size 1024K, 22 young (22528K), 2 survivors (2048K)
 Metaspace       used 90757K, capacity 92964K, committed 93132K, reserved 1130496K
  class space    used 11686K, capacity 12456K, committed 12492K, reserved 1048576K
Heap Regions: E=young(eden), S=young(survivor), O=old, HS=humongous(starts), HC=humongous(continues), CS=collection set, F=free, A=archive, TAMS=top-at-mark-start (previous, next)
|   0|0x0000000080000000, 0x0000000080100000, 0x0000000080100000|100%| O|  |TAMS 0x0000000080100000, 0x0000000080000000| Untracked 
|   1|0x0000000080100000, 0x0000000080200000, 0x0000000080200000|100%| O|  |TAMS 0x0000000080200000, 0x0000000080100000| Untracked 
|   2|0x0000000080200000, 0x0000000080300000, 0x0000000080300000|100%| O|  |TAMS 0x0000000080300000, 0x0000000080200000| Untracked 
|   3|0x0000000080300000, 0x0000000080400000, 0x0000000080400000|100%|HS|  |TAMS 0x0000000080400000, 0x0000000080300000| Complete 
|   4|0x0000000080400000, 0x0000000080500000, 0x0000000080500000|100%|HC|  |TAMS 0x0000000080500000, 0x0000000080400000| Complete 
|   5|0x0000000080500000, 0x0000000080600000, 0x0000000080600000|100%|HC|  |TAMS 0x0000000080600000, 0x0000000080500000| Complete 
|   6|0x0000000080600000, 0x0000000080700000, 0x0000000080700000|100%| O|  |TAMS 0x0000000080700000, 0x0000000080600000| Untracked 
|   7|0x0000000080700000, 0x0000000080800000, 0x0000000080800000|100%| O|  |TAMS 0x0000000080800000, 0x0000000080700000| Untracked 
|   8|0x0000000080800000, 0x0000000080900000, 0x0000000080900000|100%| O|  |TAMS 0x0000000080900000, 0x0000000080800000| Untracked 
|   9|0x0000000080900000, 0x0000000080a00000, 0x0000000080a00000|100%| O|  |TAMS 0x0000000080a00000, 0x0000000080900000| Untracked 
|  10|0x0000000080a00000, 0x0000000080b00000, 0x0000000080b00000|100%| O|  |TAMS 0x0000000080b00000, 0x0000000080a00000| Untracked 
|  11|0x0000000080b00000, 0x0000000080c00000, 0x0000000080c00000|100%| O|  |TAMS 0x0000000080c00000, 0x0000000080b00000| Untracked 
|  12|0x0000000080c00000, 0x0000000080d00000, 0x0000000080d00000|100%| O|  |TAMS 0x0000000080d00000, 0x0000000080c00000| Untracked 
|  13|0x0000000080d00000, 0x0000000080e00000, 0x0000000080e00000|100%| O|  |TAMS 0x0000000080e00000, 0x0000000080d00000| Untracked 
|  14|0x0000000080e00000, 0x0000000080f00000, 0x0000000080f00000|100%| O|  |TAMS 0x0000000080f00000, 0x0000000080e00000| Untracked 
|  15|0x0000000080f00000, 0x0000000081000000, 0x0000000081000000|100%| O|  |TAMS 0x0000000081000000, 0x0000000080f00000| Untracked 
|  16|0x0000000081000000, 0x0000000081100000, 0x0000000081100000|100%| O|  |TAMS 0x0000000081100000, 0x0000000081000000| Untracked 
|  17|0x0000000081100000, 0x0000000081200000, 0x0000000081200000|100%| O|  |TAMS 0x0000000081200000, 0x0000000081100000| Untracked 
|  18|0x0000000081200000, 0x0000000081300000, 0x0000000081300000|100%| O|  |TAMS 0x0000000081300000, 0x0000000081200000| Untracked 
|  19|0x0000000081300000, 0x0000000081400000, 0x0000000081400000|100%| O|  |TAMS 0x0000000081400000, 0x0000000081300000| Untracked 
|  20|0x0000000081400000, 0x0000000081500000, 0x0000000081500000|100%| O|  |TAMS 0x0000000081500000, 0x0000000081400000| Untracked 
|  21|0x0000000081500000, 0x0000000081600000, 0x0000000081600000|100%|HS|  |TAMS 0x0000000081600000, 0x0000000081500000| Complete 
|  22|0x0000000081600000, 0x0000000081700000, 0x0000000081700000|100%|HS|  |TAMS 0x0000000081700000, 0x0000000081600000| Complete 
|  23|0x0000000081700000, 0x0000000081800000, 0x0000000081800000|100%|HC|  |TAMS 0x0000000081800000, 0x0000000081700000| Complete 
|  24|0x0000000081800000, 0x0000000081900000, 0x0000000081900000|100%|HC|  |TAMS 0x0000000081900000, 0x0000000081800000| Complete 
|  25|0x0000000081900000, 0x0000000081a00000, 0x0000000081a00000|100%|HS|  |TAMS 0x0000000081a00000, 0x0000000081900000| Complete 
|  26|0x0000000081a00000, 0x0000000081b00000, 0x0000000081b00000|100%|HC|  |TAMS 0x0000000081b00000, 0x0000000081a00000| Complete 
|  27|0x0000000081b00000, 0x0000000081c00000, 0x0000000081c00000|100%| O|  |TAMS 0x0000000081c00000, 0x0000000081b00000| Untracked 
|  28|0x0000000081c00000, 0x0000000081d00000, 0x0000000081d00000|100%| O|  |TAMS 0x0000000081d00000, 0x0000000081c00000| Untracked 
|  29|0x0000000081d00000, 0x0000000081e00000, 0x0000000081e00000|100%| O|  |TAMS 0x0000000081e00000, 0x0000000081d00000| Untracked 
|  30|0x0000000081e00000, 0x0000000081f00000, 0x0000000081f00000|100%| O|  |TAMS 0x0000000081f00000, 0x0000000081e00000| Untracked 
|  31|0x0000000081f00000, 0x0000000082000000, 0x0000000082000000|100%| O|  |TAMS 0x0000000082000000, 0x0000000081f00000| Untracked 
|  32|0x0000000082000000, 0x0000000082100000, 0x0000000082100000|100%| O|  |TAMS 0x0000000082100000, 0x0000000082000000| Untracked 
|  33|0x0000000082100000, 0x0000000082200000, 0x0000000082200000|100%| O|  |TAMS 0x0000000082200000, 0x0000000082100000| Untracked 
|  34|0x0000000082200000, 0x0000000082300000, 0x0000000082300000|100%| O|  |TAMS 0x0000000082300000, 0x0000000082200000| Untracked 
|  35|0x0000000082300000, 0x0000000082400000, 0x0000000082400000|100%| O|  |TAMS 0x0000000082400000, 0x0000000082300000| Untracked 
|  36|0x0000000082400000, 0x0000000082500000, 0x0000000082500000|100%| O|  |TAMS 0x0000000082500000, 0x0000000082400000| Untracked 
|  37|0x0000000082500000, 0x0000000082600000, 0x0000000082600000|100%| O|  |TAMS 0x0000000082600000, 0x0000000082500000| Untracked 
|  38|0x0000000082600000, 0x0000000082700000, 0x0000000082700000|100%| O|  |TAMS 0x0000000082700000, 0x0000000082600000| Untracked 
|  39|0x0000000082700000, 0x0000000082800000, 0x0000000082800000|100%| O|  |TAMS 0x0000000082800000, 0x0000000082700000| Untracked 
|  40|0x0000000082800000, 0x0000000082900000, 0x0000000082900000|100%| O|  |TAMS 0x0000000082900000, 0x0000000082800000| Untracked 
|  41|0x0000000082900000, 0x0000000082a00000, 0x0000000082a00000|100%| O|  |TAMS 0x0000000082a00000, 0x0000000082900000| Untracked 
|  42|0x0000000082a00000, 0x0000000082b00000, 0x0000000082b00000|100%| O|  |TAMS 0x0000000082b00000, 0x0000000082a00000| Untracked 
|  43|0x0000000082b00000, 0x0000000082c00000, 0x0000000082c00000|100%| O|  |TAMS 0x0000000082c00000, 0x0000000082b00000| Untracked 
|  44|0x0000000082c00000, 0x0000000082d00000, 0x0000000082d00000|100%| O|  |TAMS 0x0000000082d00000, 0x0000000082c00000| Untracked 
|  45|0x0000000082d00000, 0x0000000082e00000, 0x0000000082e00000|100%| O|  |TAMS 0x0000000082e00000, 0x0000000082d00000| Untracked 
|  46|0x0000000082e00000, 0x0000000082f00000, 0x0000000082f00000|100%| O|  |TAMS 0x0000000082f00000, 0x0000000082e00000| Untracked 
|  47|0x0000000082f00000, 0x0000000083000000, 0x0000000083000000|100%| O|  |TAMS 0x0000000083000000, 0x0000000082f00000| Untracked 
|  48|0x0000000083000000, 0x0000000083100000, 0x0000000083100000|100%| O|  |TAMS 0x0000000083100000, 0x0000000083000000| Untracked 
|  49|0x0000000083100000, 0x0000000083200000, 0x0000000083200000|100%| O|  |TAMS 0x0000000083200000, 0x0000000083100000| Untracked 
|  50|0x0000000083200000, 0x0000000083300000, 0x0000000083300000|100%| O|  |TAMS 0x0000000083300000, 0x0000000083200000| Untracked 
|  51|0x0000000083300000, 0x0000000083400000, 0x0000000083400000|100%| O|  |TAMS 0x0000000083400000, 0x0000000083300000| Untracked 
|  52|0x0000000083400000, 0x0000000083500000, 0x0000000083500000|100%| O|  |TAMS 0x0000000083500000, 0x0000000083400000| Untracked 
|  53|0x0000000083500000, 0x0000000083600000, 0x0000000083600000|100%| O|  |TAMS 0x0000000083600000, 0x0000000083500000| Untracked 
|  54|0x0000000083600000, 0x0000000083700000, 0x0000000083700000|100%| O|  |TAMS 0x0000000083700000, 0x0000000083600000| Untracked 
|  55|0x0000000083700000, 0x0000000083800000, 0x0000000083800000|100%| O|  |TAMS 0x0000000083800000, 0x0000000083700000| Untracked 
|  56|0x0000000083800000, 0x0000000083900000, 0x0000000083900000|100%| O|  |TAMS 0x0000000083900000, 0x0000000083800000| Untracked 
|  57|0x0000000083900000, 0x0000000083a00000, 0x0000000083a00000|100%| O|  |TAMS 0x0000000083a00000, 0x0000000083900000| Untracked 
|  58|0x0000000083a00000, 0x0000000083b00000, 0x0000000083b00000|100%| O|  |TAMS 0x0000000083b00000, 0x0000000083a00000| Untracked 
|  59|0x0000000083b00000, 0x0000000083c00000, 0x0000000083c00000|100%| O|  |TAMS 0x0000000083c00000, 0x0000000083b00000| Untracked 
|  60|0x0000000083c00000, 0x0000000083d00000, 0x0000000083d00000|100%| O|  |TAMS 0x0000000083d00000, 0x0000000083c00000| Untracked 
|  61|0x0000000083d00000, 0x0000000083e00000, 0x0000000083e00000|100%| O|  |TAMS 0x0000000083e00000, 0x0000000083d00000| Untracked 
|  62|0x0000000083e00000, 0x0000000083f00000, 0x0000000083f00000|100%| O|  |TAMS 0x0000000083f00000, 0x0000000083e00000| Untracked 
|  63|0x0000000083f00000, 0x0000000084000000, 0x0000000084000000|100%| O|  |TAMS 0x0000000084000000, 0x0000000083f00000| Untracked 
|  64|0x0000000084000000, 0x0000000084100000, 0x0000000084100000|100%| O|  |TAMS 0x0000000084100000, 0x0000000084000000| Untracked 
|  65|0x0000000084100000, 0x0000000084200000, 0x0000000084200000|100%| O|  |TAMS 0x0000000084200000, 0x0000000084100000| Untracked 
|  66|0x0000000084200000, 0x0000000084300000, 0x0000000084300000|100%| O|  |TAMS 0x0000000084300000, 0x0000000084200000| Untracked 
|  67|0x0000000084300000, 0x0000000084400000, 0x0000000084400000|100%| O|  |TAMS 0x0000000084400000, 0x0000000084300000| Untracked 
|  68|0x0000000084400000, 0x0000000084500000, 0x0000000084500000|100%| O|  |TAMS 0x0000000084500000, 0x0000000084400000| Untracked 
|  69|0x0000000084500000, 0x0000000084600000, 0x0000000084600000|100%| O|  |TAMS 0x0000000084600000, 0x0000000084500000| Untracked 
|  70|0x0000000084600000, 0x0000000084700000, 0x0000000084700000|100%| O|  |TAMS 0x0000000084700000, 0x0000000084600000| Untracked 
|  71|0x0000000084700000, 0x0000000084800000, 0x0000000084800000|100%| O|  |TAMS 0x0000000084800000, 0x0000000084700000| Untracked 
|  72|0x0000000084800000, 0x0000000084900000, 0x0000000084900000|100%| O|  |TAMS 0x0000000084900000, 0x0000000084800000| Untracked 
|  73|0x0000000084900000, 0x0000000084a00000, 0x0000000084a00000|100%| O|  |TAMS 0x0000000084a00000, 0x0000000084900000| Untracked 
|  74|0x0000000084a00000, 0x0000000084b00000, 0x0000000084b00000|100%| O|  |TAMS 0x0000000084b00000, 0x0000000084a00000| Untracked 
|  75|0x0000000084b00000, 0x0000000084c00000, 0x0000000084c00000|100%| O|  |TAMS 0x0000000084c00000, 0x0000000084b00000| Untracked 
|  76|0x0000000084c00000, 0x0000000084d00000, 0x0000000084d00000|100%| O|  |TAMS 0x0000000084d00000, 0x0000000084c00000| Untracked 
|  77|0x0000000084d00000, 0x0000000084e00000, 0x0000000084e00000|100%| O|  |TAMS 0x0000000084e00000, 0x0000000084d00000| Untracked 
|  78|0x0000000084e00000, 0x0000000084f00000, 0x0000000084f00000|100%| O|  |TAMS 0x0000000084f00000, 0x0000000084e00000| Untracked 
|  79|0x0000000084f00000, 0x0000000085000000, 0x0000000085000000|100%| O|  |TAMS 0x0000000085000000, 0x0000000084f00000| Untracked 
|  80|0x0000000085000000, 0x0000000085100000, 0x0000000085100000|100%| O|  |TAMS 0x0000000085100000, 0x0000000085000000| Untracked 
|  81|0x0000000085100000, 0x0000000085200000, 0x0000000085200000|100%| O|  |TAMS 0x0000000085200000, 0x0000000085100000| Untracked 
|  82|0x0000000085200000, 0x0000000085300000, 0x0000000085300000|100%| O|  |TAMS 0x0000000085200000, 0x0000000085200000| Untracked 
|  83|0x0000000085300000, 0x0000000085400000, 0x0000000085400000|100%| O|  |TAMS 0x0000000085300000, 0x0000000085300000| Untracked 
|  84|0x0000000085400000, 0x0000000085500000, 0x0000000085500000|100%| O|  |TAMS 0x0000000085400000, 0x0000000085400000| Untracked 
|  85|0x0000000085500000, 0x0000000085551a00, 0x0000000085600000| 31%| O|  |TAMS 0x0000000085500000, 0x0000000085500000| Untracked 
|  86|0x0000000085600000, 0x0000000085600000, 0x0000000085700000|  0%| F|  |TAMS 0x0000000085600000, 0x0000000085600000| Untracked 
|  87|0x0000000085700000, 0x0000000085700000, 0x0000000085800000|  0%| F|  |TAMS 0x0000000085700000, 0x0000000085700000| Untracked 
|  88|0x0000000085800000, 0x0000000085800000, 0x0000000085900000|  0%| F|  |TAMS 0x0000000085800000, 0x0000000085800000| Untracked 
|  89|0x0000000085900000, 0x0000000085900000, 0x0000000085a00000|  0%| F|  |TAMS 0x0000000085900000, 0x0000000085900000| Untracked 
|  90|0x0000000085a00000, 0x0000000085a00000, 0x0000000085b00000|  0%| F|  |TAMS 0x0000000085a00000, 0x0000000085a00000| Untracked 
|  91|0x0000000085b00000, 0x0000000085b00000, 0x0000000085c00000|  0%| F|  |TAMS 0x0000000085b00000, 0x0000000085b00000| Untracked 
|  92|0x0000000085c00000, 0x0000000085c00000, 0x0000000085d00000|  0%| F|  |TAMS 0x0000000085c00000, 0x0000000085c00000| Untracked 
|  93|0x0000000085d00000, 0x0000000085d00000, 0x0000000085e00000|  0%| F|  |TAMS 0x0000000085d00000, 0x0000000085d00000| Untracked 
|  94|0x0000000085e00000, 0x0000000085e00000, 0x0000000085f00000|  0%| F|  |TAMS 0x0000000085e00000, 0x0000000085e00000| Untracked 
|  95|0x0000000085f00000, 0x0000000085f00000, 0x0000000086000000|  0%| F|  |TAMS 0x0000000085f00000, 0x0000000085f00000| Untracked 
|  96|0x0000000086000000, 0x0000000086000000, 0x0000000086100000|  0%| F|  |TAMS 0x0000000086000000, 0x0000000086000000| Untracked 
|  97|0x0000000086100000, 0x0000000086100000, 0x0000000086200000|  0%| F|  |TAMS 0x0000000086100000, 0x0000000086100000| Untracked 
|  98|0x0000000086200000, 0x0000000086200000, 0x0000000086300000|  0%| F|  |TAMS 0x0000000086200000, 0x0000000086200000| Untracked 
|  99|0x0000000086300000, 0x0000000086300000, 0x0000000086400000|  0%| F|  |TAMS 0x0000000086300000, 0x0000000086300000| Untracked 
| 100|0x0000000086400000, 0x0000000086400000, 0x0000000086500000|  0%| F|  |TAMS 0x0000000086400000, 0x0000000086400000| Untracked 
| 101|0x0000000086500000, 0x0000000086500000, 0x0000000086600000|  0%| F|  |TAMS 0x0000000086500000, 0x0000000086500000| Untracked 
| 102|0x0000000086600000, 0x0000000086600000, 0x0000000086700000|  0%| F|  |TAMS 0x0000000086600000, 0x0000000086600000| Untracked 
| 103|0x0000000086700000, 0x0000000086700000, 0x0000000086800000|  0%| F|  |TAMS 0x0000000086700000, 0x0000000086700000| Untracked 
| 104|0x0000000086800000, 0x0000000086800000, 0x0000000086900000|  0%| F|  |TAMS 0x0000000086800000, 0x0000000086800000| Untracked 
| 105|0x0000000086900000, 0x0000000086900000, 0x0000000086a00000|  0%| F|  |TAMS 0x0000000086900000, 0x0000000086900000| Untracked 
| 106|0x0000000086a00000, 0x0000000086a00000, 0x0000000086b00000|  0%| F|  |TAMS 0x0000000086a00000, 0x0000000086a00000| Untracked 
| 107|0x0000000086b00000, 0x0000000086b00000, 0x0000000086c00000|  0%| F|  |TAMS 0x0000000086b00000, 0x0000000086b00000| Untracked 
| 108|0x0000000086c00000, 0x0000000086c00000, 0x0000000086d00000|  0%| F|  |TAMS 0x0000000086c00000, 0x0000000086c00000| Untracked 
| 109|0x0000000086d00000, 0x0000000086d00000, 0x0000000086e00000|  0%| F|  |TAMS 0x0000000086d00000, 0x0000000086d00000| Untracked 
| 110|0x0000000086e00000, 0x0000000086e00000, 0x0000000086f00000|  0%| F|  |TAMS 0x0000000086e00000, 0x0000000086e00000| Untracked 
| 111|0x0000000086f00000, 0x0000000086fdb328, 0x0000000087000000| 85%| S|CS|TAMS 0x0000000086f00000, 0x0000000086f00000| Complete 
| 112|0x0000000087000000, 0x0000000087000000, 0x0000000087100000|  0%| F|  |TAMS 0x0000000087000000, 0x0000000087000000| Untracked 
| 113|0x0000000087100000, 0x0000000087100000, 0x0000000087200000|  0%| F|  |TAMS 0x0000000087100000, 0x0000000087100000| Untracked 
| 114|0x0000000087200000, 0x0000000087200000, 0x0000000087300000|  0%| F|  |TAMS 0x0000000087200000, 0x0000000087200000| Untracked 
| 115|0x0000000087300000, 0x0000000087300000, 0x0000000087400000|  0%| F|  |TAMS 0x0000000087300000, 0x0000000087300000| Untracked 
| 116|0x0000000087400000, 0x0000000087500000, 0x0000000087500000|100%| S|CS|TAMS 0x0000000087400000, 0x0000000087400000| Complete 
| 117|0x0000000087500000, 0x0000000087500000, 0x0000000087600000|  0%| F|  |TAMS 0x0000000087500000, 0x0000000087500000| Untracked 
| 118|0x0000000087600000, 0x0000000087600000, 0x0000000087700000|  0%| F|  |TAMS 0x0000000087600000, 0x0000000087600000| Untracked 
| 119|0x0000000087700000, 0x0000000087700000, 0x0000000087800000|  0%| F|  |TAMS 0x0000000087700000, 0x0000000087700000| Untracked 
| 120|0x0000000087800000, 0x0000000087800000, 0x0000000087900000|  0%| F|  |TAMS 0x0000000087800000, 0x0000000087800000| Untracked 
| 121|0x0000000087900000, 0x0000000087900000, 0x0000000087a00000|  0%| F|  |TAMS 0x0000000087900000, 0x0000000087900000| Untracked 
| 122|0x0000000087a00000, 0x0000000087a00000, 0x0000000087b00000|  0%| F|  |TAMS 0x0000000087a00000, 0x0000000087a00000| Untracked 
| 123|0x0000000087b00000, 0x0000000087b00000, 0x0000000087c00000|  0%| F|  |TAMS 0x0000000087b00000, 0x0000000087b00000| Untracked 
| 124|0x0000000087c00000, 0x0000000087c00000, 0x0000000087d00000|  0%| F|  |TAMS 0x0000000087c00000, 0x0000000087c00000| Untracked 
| 125|0x0000000087d00000, 0x0000000087d00000, 0x0000000087e00000|  0%| F|  |TAMS 0x0000000087d00000, 0x0000000087d00000| Untracked 
| 126|0x0000000087e00000, 0x0000000087e00000, 0x0000000087f00000|  0%| F|  |TAMS 0x0000000087e00000, 0x0000000087e00000| Untracked 
| 127|0x0000000087f00000, 0x0000000087f00000, 0x0000000088000000|  0%| F|  |TAMS 0x0000000087f00000, 0x0000000087f00000| Untracked 
| 128|0x0000000088000000, 0x0000000088000000, 0x0000000088100000|  0%| F|  |TAMS 0x0000000088000000, 0x0000000088000000| Untracked 
| 129|0x0000000088100000, 0x0000000088100000, 0x0000000088200000|  0%| F|  |TAMS 0x0000000088100000, 0x0000000088100000| Untracked 
| 130|0x0000000088200000, 0x000000008825cc00, 0x0000000088300000| 36%| E|  |TAMS 0x0000000088200000, 0x0000000088200000| Complete 
| 131|0x0000000088300000, 0x0000000088400000, 0x0000000088400000|100%| E|CS|TAMS 0x0000000088300000, 0x0000000088300000| Complete 
| 132|0x0000000088400000, 0x0000000088500000, 0x0000000088500000|100%| E|CS|TAMS 0x0000000088400000, 0x0000000088400000| Complete 
| 133|0x0000000088500000, 0x0000000088600000, 0x0000000088600000|100%| E|CS|TAMS 0x0000000088500000, 0x0000000088500000| Complete 
| 134|0x0000000088600000, 0x0000000088700000, 0x0000000088700000|100%| E|CS|TAMS 0x0000000088600000, 0x0000000088600000| Complete 
| 135|0x0000000088700000, 0x0000000088800000, 0x0000000088800000|100%| E|CS|TAMS 0x0000000088700000, 0x0000000088700000| Complete 
| 136|0x0000000088800000, 0x0000000088900000, 0x0000000088900000|100%| E|CS|TAMS 0x0000000088800000, 0x0000000088800000| Complete 
| 137|0x0000000088900000, 0x0000000088a00000, 0x0000000088a00000|100%| E|CS|TAMS 0x0000000088900000, 0x0000000088900000| Complete 
| 138|0x0000000088a00000, 0x0000000088b00000, 0x0000000088b00000|100%| E|CS|TAMS 0x0000000088a00000, 0x0000000088a00000| Complete 
| 139|0x0000000088b00000, 0x0000000088c00000, 0x0000000088c00000|100%| E|CS|TAMS 0x0000000088b00000, 0x0000000088b00000| Complete 
| 140|0x0000000088c00000, 0x0000000088d00000, 0x0000000088d00000|100%| E|CS|TAMS 0x0000000088c00000, 0x0000000088c00000| Complete 
| 141|0x0000000088d00000, 0x0000000088e00000, 0x0000000088e00000|100%| E|CS|TAMS 0x0000000088d00000, 0x0000000088d00000| Complete 
| 142|0x0000000088e00000, 0x0000000088f00000, 0x0000000088f00000|100%| E|CS|TAMS 0x0000000088e00000, 0x0000000088e00000| Complete 
| 143|0x0000000088f00000, 0x0000000089000000, 0x0000000089000000|100%| E|CS|TAMS 0x0000000088f00000, 0x0000000088f00000| Complete 
| 144|0x0000000089000000, 0x0000000089100000, 0x0000000089100000|100%| E|CS|TAMS 0x0000000089000000, 0x0000000089000000| Complete 
| 145|0x0000000089100000, 0x0000000089200000, 0x0000000089200000|100%| E|CS|TAMS 0x0000000089100000, 0x0000000089100000| Complete 
| 146|0x0000000089200000, 0x0000000089300000, 0x0000000089300000|100%| E|CS|TAMS 0x0000000089200000, 0x0000000089200000| Complete 
| 147|0x0000000089300000, 0x0000000089400000, 0x0000000089400000|100%| E|CS|TAMS 0x0000000089300000, 0x0000000089300000| Complete 
| 148|0x0000000089400000, 0x0000000089500000, 0x0000000089500000|100%| E|CS|TAMS 0x0000000089400000, 0x0000000089400000| Complete 
| 149|0x0000000089500000, 0x0000000089600000, 0x0000000089600000|100%| E|CS|TAMS 0x0000000089500000, 0x0000000089500000| Complete 
| 150|0x0000000089600000, 0x0000000089700000, 0x0000000089700000|100%| E|CS|TAMS 0x0000000089600000, 0x0000000089600000| Complete 
| 151|0x0000000089700000, 0x0000000089800000, 0x0000000089800000|100%| E|CS|TAMS 0x0000000089700000, 0x0000000089700000| Complete 

Card table byte_map: [0x0000020155110000,0x0000020155510000] _byte_map_base: 0x0000020154d10000

Marking Bits (Prev, Next): (CMBitMap*) 0x00000201420997e0, (CMBitMap*) 0x00000201420997a8
 Prev Bits: [0x0000020157910000, 0x0000020159910000)
 Next Bits: [0x0000020155910000, 0x0000020157910000)

Polling page: 0x0000020141840000

Metaspace:

Usage:
  Non-class:     78.62 MB capacity,    77.22 MB ( 98%) used,     1.17 MB (  1%) free+waste,   237.19 KB ( <1%) overhead. 
      Class:     12.16 MB capacity,    11.41 MB ( 94%) used,   663.41 KB (  5%) free+waste,   106.50 KB ( <1%) overhead. 
       Both:     90.79 MB capacity,    88.63 MB ( 98%) used,     1.82 MB (  2%) free+waste,   343.69 KB ( <1%) overhead. 

Virtual space:
  Non-class space:       80.00 MB reserved,      78.75 MB ( 98%) committed 
      Class space:        1.00 GB reserved,      12.20 MB (  1%) committed 
             Both:        1.08 GB reserved,      90.95 MB (  8%) committed 

Chunk freelists:
   Non-Class:  4.00 KB
       Class:  0 bytes
        Both:  4.00 KB

MaxMetaspaceSize: 17179869184.00 GB
CompressedClassSpaceSize: 1.00 GB

CodeHeap 'non-profiled nmethods': size=120000Kb used=7149Kb max_used=7149Kb free=112850Kb
 bounds [0x000002014d4b0000, 0x000002014dbb0000, 0x00000201549e0000]
CodeHeap 'profiled nmethods': size=120000Kb used=24231Kb max_used=24231Kb free=95768Kb
 bounds [0x0000020145f80000, 0x0000020147730000, 0x000002014d4b0000]
CodeHeap 'non-nmethods': size=5760Kb used=2309Kb max_used=2344Kb free=3451Kb
 bounds [0x00000201459e0000, 0x0000020145c50000, 0x0000020145f80000]
 total_blobs=12136 nmethods=11210 adapters=837
 compilation: enabled
              stopped_count=0, restarted_count=0
 full_count=0

Compilation events (20 events):
Event: 48.729 Thread 0x000002015cd0c000 11484       3       org.gradle.internal.normalization.java.impl.TypedMember::<init> (14 bytes)
Event: 48.730 Thread 0x000002015cd0c000 nmethod 11484 0x00000201476f8010 code [0x00000201476f8260, 0x00000201476f8c28]
Event: 48.730 Thread 0x000002015cd0c000 11485       3       org.objectweb.asm.ClassVisitor::visitInnerClass (20 bytes)
Event: 48.731 Thread 0x000002015cd0c000 nmethod 11485 0x00000201476f9010 code [0x00000201476f91c0, 0x00000201476f93a8]
Event: 48.731 Thread 0x000002015cd0c000 11486       3       org.gradle.internal.normalization.java.impl.InnerClassMember::compareTo (9 bytes)
Event: 48.731 Thread 0x000002015cd0c000 nmethod 11486 0x00000201476f9490 code [0x00000201476f9660, 0x00000201476f9888]
Event: 48.731 Thread 0x000002015cd0c000 11487       1       org.gradle.internal.normalization.java.impl.InnerClassMember::getOuterName (5 bytes)
Event: 48.731 Thread 0x000002015cd0c000 nmethod 11487 0x000002014dba0690 code [0x000002014dba0840, 0x000002014dba08f8]
Event: 48.731 Thread 0x000002015cd0c000 11488       1       org.gradle.internal.normalization.java.impl.InnerClassMember::getInnerName (5 bytes)
Event: 48.731 Thread 0x000002015cd0c000 nmethod 11488 0x000002014dba0990 code [0x000002014dba0b40, 0x000002014dba0bf8]
Event: 48.732 Thread 0x000002015cd0c000 11490       3       com.google.common.primitives.Ints::compare (20 bytes)
Event: 48.732 Thread 0x000002015cd0c000 nmethod 11490 0x00000201476f9990 code [0x00000201476f9b40, 0x00000201476f9cd8]
Event: 48.732 Thread 0x000002016452b800 nmethod 11458 0x000002014dba0c90 code [0x000002014dba0e60, 0x000002014dba1318]
Event: 48.733 Thread 0x000002015cd0c000 11491       3       org.objectweb.asm.SymbolTable::<init> (41 bytes)
Event: 48.733 Thread 0x000002016452b800 11446       4       com.google.common.collect.ComparisonChain$InactiveComparisonChain::compare (2 bytes)
Event: 48.733 Thread 0x000002015cd0c000 nmethod 11491 0x00000201476f9d90 code [0x00000201476f9f80, 0x00000201476fa4d8]
Event: 48.733 Thread 0x000002016452b800 nmethod 11446 0x000002014dba1610 code [0x000002014dba17a0, 0x000002014dba17f8]
Event: 48.733 Thread 0x000002016452b800 11467       4       org.objectweb.asm.ClassReader::readUtf (44 bytes)
Event: 48.733 Thread 0x000002015cd0c000 11492       3       com.google.common.collect.ComparisonChain$1::compare (10 bytes)
Event: 48.734 Thread 0x000002015cd0c000 nmethod 11492 0x00000201476fa610 code [0x00000201476fa800, 0x00000201476fac38]

GC Heap History (20 events):
Event: 22.883 GC heap before
{Heap before GC invocations=22 (full 0):
 garbage-first heap   total 129024K, used 106015K [0x0000000080000000, 0x0000000100000000)
  region size 1024K, 43 young (44032K), 5 survivors (5120K)
 Metaspace       used 80245K, capacity 82241K, committed 82380K, reserved 1120256K
  class space    used 10373K, capacity 11078K, committed 11212K, reserved 1048576K
}
Event: 22.893 GC heap after
{Heap after GC invocations=23 (full 0):
 garbage-first heap   total 129024K, used 70225K [0x0000000080000000, 0x0000000100000000)
  region size 1024K, 5 young (5120K), 5 survivors (5120K)
 Metaspace       used 80245K, capacity 82241K, committed 82380K, reserved 1120256K
  class space    used 10373K, capacity 11078K, committed 11212K, reserved 1048576K
}
Event: 23.377 GC heap before
{Heap before GC invocations=24 (full 0):
 garbage-first heap   total 129024K, used 107089K [0x0000000080000000, 0x0000000100000000)
  region size 1024K, 42 young (43008K), 5 survivors (5120K)
 Metaspace       used 81044K, capacity 82960K, committed 83276K, reserved 1122304K
  class space    used 10446K, capacity 11154K, committed 11340K, reserved 1048576K
}
Event: 23.385 GC heap after
{Heap after GC invocations=25 (full 0):
 garbage-first heap   total 129024K, used 72183K [0x0000000080000000, 0x0000000100000000)
  region size 1024K, 5 young (5120K), 5 survivors (5120K)
 Metaspace       used 81044K, capacity 82960K, committed 83276K, reserved 1122304K
  class space    used 10446K, capacity 11154K, committed 11340K, reserved 1048576K
}
Event: 23.631 GC heap before
{Heap before GC invocations=25 (full 0):
 garbage-first heap   total 129024K, used 105975K [0x0000000080000000, 0x0000000100000000)
  region size 1024K, 39 young (39936K), 5 survivors (5120K)
 Metaspace       used 81663K, capacity 83538K, committed 83788K, reserved 1122304K
  class space    used 10534K, capacity 11218K, committed 11340K, reserved 1048576K
}
Event: 23.638 GC heap after
{Heap after GC invocations=26 (full 0):
 garbage-first heap   total 129024K, used 73602K [0x0000000080000000, 0x0000000100000000)
  region size 1024K, 4 young (4096K), 4 survivors (4096K)
 Metaspace       used 81663K, capacity 83538K, committed 83788K, reserved 1122304K
  class space    used 10534K, capacity 11218K, committed 11340K, reserved 1048576K
}
Event: 23.986 GC heap before
{Heap before GC invocations=27 (full 0):
 garbage-first heap   total 129024K, used 107394K [0x0000000080000000, 0x0000000100000000)
  region size 1024K, 38 young (38912K), 4 survivors (4096K)
 Metaspace       used 82834K, capacity 84786K, committed 85196K, reserved 1122304K
  class space    used 10691K, capacity 11378K, committed 11468K, reserved 1048576K
}
Event: 23.993 GC heap after
{Heap after GC invocations=28 (full 0):
 garbage-first heap   total 129024K, used 74967K [0x0000000080000000, 0x0000000100000000)
  region size 1024K, 3 young (3072K), 3 survivors (3072K)
 Metaspace       used 82834K, capacity 84786K, committed 85196K, reserved 1122304K
  class space    used 10691K, capacity 11378K, committed 11468K, reserved 1048576K
}
Event: 24.254 GC heap before
{Heap before GC invocations=28 (full 0):
 garbage-first heap   total 129024K, used 108759K [0x0000000080000000, 0x0000000100000000)
  region size 1024K, 37 young (37888K), 3 survivors (3072K)
 Metaspace       used 83655K, capacity 85660K, committed 86092K, reserved 1124352K
  class space    used 10791K, capacity 11477K, committed 11596K, reserved 1048576K
}
Event: 24.262 GC heap after
{Heap after GC invocations=29 (full 0):
 garbage-first heap   total 129024K, used 76114K [0x0000000080000000, 0x0000000100000000)
  region size 1024K, 4 young (4096K), 4 survivors (4096K)
 Metaspace       used 83655K, capacity 85660K, committed 86092K, reserved 1124352K
  class space    used 10791K, capacity 11477K, committed 11596K, reserved 1048576K
}
Event: 27.107 GC heap before
{Heap before GC invocations=30 (full 0):
 garbage-first heap   total 129024K, used 108882K [0x0000000080000000, 0x0000000100000000)
  region size 1024K, 37 young (37888K), 4 survivors (4096K)
 Metaspace       used 84936K, capacity 86858K, committed 87244K, reserved 1124352K
  class space    used 10922K, capacity 11602K, committed 11724K, reserved 1048576K
}
Event: 27.119 GC heap after
{Heap after GC invocations=31 (full 0):
 garbage-first heap   total 129024K, used 81625K [0x0000000080000000, 0x0000000100000000)
  region size 1024K, 5 young (5120K), 5 survivors (5120K)
 Metaspace       used 84936K, capacity 86858K, committed 87244K, reserved 1124352K
  class space    used 10922K, capacity 11602K, committed 11724K, reserved 1048576K
}
Event: 27.413 GC heap before
{Heap before GC invocations=31 (full 0):
 garbage-first heap   total 129024K, used 107225K [0x0000000080000000, 0x0000000100000000)
  region size 1024K, 31 young (31744K), 5 survivors (5120K)
 Metaspace       used 85449K, capacity 87434K, committed 87756K, reserved 1126400K
  class space    used 10963K, capacity 11666K, committed 11724K, reserved 1048576K
}
Event: 27.427 GC heap after
{Heap after GC invocations=32 (full 0):
 garbage-first heap   total 155648K, used 85857K [0x0000000080000000, 0x0000000100000000)
  region size 1024K, 4 young (4096K), 4 survivors (4096K)
 Metaspace       used 85449K, capacity 87434K, committed 87756K, reserved 1126400K
  class space    used 10963K, capacity 11666K, committed 11724K, reserved 1048576K
}
Event: 27.910 GC heap before
{Heap before GC invocations=33 (full 0):
 garbage-first heap   total 155648K, used 118625K [0x0000000080000000, 0x0000000100000000)
  region size 1024K, 37 young (37888K), 4 survivors (4096K)
 Metaspace       used 85800K, capacity 87787K, committed 88140K, reserved 1126400K
  class space    used 11008K, capacity 11741K, committed 11852K, reserved 1048576K
}
Event: 27.914 GC heap after
{Heap after GC invocations=34 (full 0):
 garbage-first heap   total 155648K, used 84857K [0x0000000080000000, 0x0000000100000000)
  region size 1024K, 1 young (1024K), 1 survivors (1024K)
 Metaspace       used 85800K, capacity 87787K, committed 88140K, reserved 1126400K
  class space    used 11008K, capacity 11741K, committed 11852K, reserved 1048576K
}
Event: 28.398 GC heap before
{Heap before GC invocations=34 (full 0):
 garbage-first heap   total 155648K, used 119673K [0x0000000080000000, 0x0000000100000000)
  region size 1024K, 36 young (36864K), 1 survivors (1024K)
 Metaspace       used 87507K, capacity 89495K, committed 89804K, reserved 1126400K
  class space    used 11211K, capacity 11905K, committed 11980K, reserved 1048576K
}
Event: 28.410 GC heap after
{Heap after GC invocations=35 (full 0):
 garbage-first heap   total 155648K, used 87518K [0x0000000080000000, 0x0000000100000000)
  region size 1024K, 4 young (4096K), 4 survivors (4096K)
 Metaspace       used 87507K, capacity 89495K, committed 89804K, reserved 1126400K
  class space    used 11211K, capacity 11905K, committed 11980K, reserved 1048576K
}
Event: 48.667 GC heap before
{Heap before GC invocations=36 (full 0):
 garbage-first heap   total 155648K, used 123358K [0x0000000080000000, 0x0000000100000000)
  region size 1024K, 39 young (39936K), 4 survivors (4096K)
 Metaspace       used 90553K, capacity 92766K, committed 92876K, reserved 1130496K
  class space    used 11669K, capacity 12454K, committed 12492K, reserved 1048576K
}
Event: 48.674 GC heap after
{Heap after GC invocations=37 (full 0):
 garbage-first heap   total 155648K, used 89267K [0x0000000080000000, 0x0000000100000000)
  region size 1024K, 2 young (2048K), 2 survivors (2048K)
 Metaspace       used 90553K, capacity 92766K, committed 92876K, reserved 1130496K
  class space    used 11669K, capacity 12454K, committed 12492K, reserved 1048576K
}

Deoptimization events (20 events):
Event: 48.694 Thread 0x0000020167ca2000 Uncommon trap: trap_request=0xffffff4d fr.pc=0x000002014d7a75f4 relative=0x0000000000000814
Event: 48.694 Thread 0x0000020167ca2000 Uncommon trap: reason=unstable_if action=reinterpret pc=0x000002014d7a75f4 method=org.objectweb.asm.MethodWriter.visitLabel(Lorg/objectweb/asm/Label;)V @ 312 c2
Event: 48.694 Thread 0x0000020167ca2000 DEOPT PACKING pc=0x000002014d7a75f4 sp=0x000000e7a63fc2d0
Event: 48.694 Thread 0x0000020167ca2000 DEOPT UNPACKING pc=0x0000020145a074af sp=0x000000e7a63fc2b8 mode 2
Event: 48.694 Thread 0x0000020167ca2000 Uncommon trap: trap_request=0xffffff4d fr.pc=0x000002014d7a8b68 relative=0x0000000000000668
Event: 48.694 Thread 0x0000020167ca2000 Uncommon trap: reason=unstable_if action=reinterpret pc=0x000002014d7a8b68 method=org.objectweb.asm.MethodWriter.visitInsn(I)V @ 32 c2
Event: 48.694 Thread 0x0000020167ca2000 DEOPT PACKING pc=0x000002014d7a8b68 sp=0x000000e7a63fc410
Event: 48.694 Thread 0x0000020167ca2000 DEOPT UNPACKING pc=0x0000020145a074af sp=0x000000e7a63fc3f0 mode 2
Event: 48.694 Thread 0x0000020167ca2000 Uncommon trap: trap_request=0xffffff4d fr.pc=0x000002014d7e49c4 relative=0x0000000000000704
Event: 48.694 Thread 0x0000020167ca2000 Uncommon trap: reason=unstable_if action=reinterpret pc=0x000002014d7e49c4 method=org.objectweb.asm.MethodWriter.visitMethodInsn(ILjava/lang/String;Ljava/lang/String;Ljava/lang/String;Z)V @ 89 c2
Event: 48.694 Thread 0x0000020167ca2000 DEOPT PACKING pc=0x000002014d7e49c4 sp=0x000000e7a63fc400
Event: 48.694 Thread 0x0000020167ca2000 DEOPT UNPACKING pc=0x0000020145a074af sp=0x000000e7a63fc3b8 mode 2
Event: 48.694 Thread 0x0000020167ca2000 Uncommon trap: trap_request=0xffffff4d fr.pc=0x000002014d871114 relative=0x00000000000005d4
Event: 48.694 Thread 0x0000020167ca2000 Uncommon trap: reason=unstable_if action=reinterpret pc=0x000002014d871114 method=org.objectweb.asm.MethodWriter.endCurrentBasicBlockWithNoSuccessor()V @ 5 c2
Event: 48.695 Thread 0x0000020167ca2000 DEOPT PACKING pc=0x000002014d871114 sp=0x000000e7a63fc3a0
Event: 48.695 Thread 0x0000020167ca2000 DEOPT UNPACKING pc=0x0000020145a074af sp=0x000000e7a63fc380 mode 2
Event: 48.695 Thread 0x0000020167ca2000 Uncommon trap: trap_request=0xffffff4d fr.pc=0x000002014d8030dc relative=0x000000000000009c
Event: 48.695 Thread 0x0000020167ca2000 Uncommon trap: reason=unstable_if action=reinterpret pc=0x000002014d8030dc method=org.objectweb.asm.MethodWriter.visitMaxs(II)V @ 35 c2
Event: 48.695 Thread 0x0000020167ca2000 DEOPT PACKING pc=0x000002014d8030dc sp=0x000000e7a63fc450
Event: 48.695 Thread 0x0000020167ca2000 DEOPT UNPACKING pc=0x0000020145a074af sp=0x000000e7a63fc3e8 mode 2

Classes redefined (0 events):
No events

Internal exceptions (20 events):
Event: 28.672 Thread 0x0000020167ca2000 Exception <a 'sun/nio/fs/WindowsException'{0x0000000088ca0af8}> (0x0000000088ca0af8) thrown at [./src/hotspot/share/prims/jni.cpp, line 615]
Event: 30.401 Thread 0x0000020167ca2000 Exception <a 'java/lang/NoSuchMethodError'{0x0000000087daa028}: <clinit>> (0x0000000087daa028) thrown at [./src/hotspot/share/prims/jni.cpp, line 1362]
Event: 30.402 Thread 0x0000020167ca2000 Exception <a 'java/lang/NoSuchMethodError'{0x0000000087dbc098}: <clinit>> (0x0000000087dbc098) thrown at [./src/hotspot/share/prims/jni.cpp, line 1362]
Event: 30.418 Thread 0x0000020167ca2000 Exception <a 'java/lang/NoSuchMethodError'{0x0000000087c5e758}: 'java.lang.Object java.lang.invoke.DirectMethodHandle$Holder.invokeSpecial(java.lang.Object, java.lang.Object, int, int, java.lang.Object, int, java.lang.Object, java.lang.Object)'> (0x0000000087c5e758) thrown at [./src/hotspot/share/interpreter/linkResolver.cpp, line 773]
Event: 30.418 Thread 0x0000020167ca2000 Exception <a 'java/lang/NoSuchMethodError'{0x0000000087c62838}: 'java.lang.Object java.lang.invoke.DelegatingMethodHandle$Holder.reinvoke_L(java.lang.Object, int, int, java.lang.Object, int, java.lang.Object, java.lang.Object)'> (0x0000000087c62838) thrown at [./src/hotspot/share/interpreter/linkResolver.cpp, line 773]
Event: 30.421 Thread 0x0000020167ca2000 Exception <a 'java/lang/NoSuchMethodError'{0x0000000087c8df48}: 'java.lang.Object java.lang.invoke.DirectMethodHandle$Holder.invokeStatic(java.lang.Object, java.lang.Object, java.lang.Object, java.lang.Object, java.lang.Object, java.lang.Object, java.lang.Object, java.lang.Object, int)'> (0x0000000087c8df48) thrown at [./src/hotspot/share/interpreter/linkResolver.cpp, line 773]
Event: 30.423 Thread 0x0000020167ca2000 Exception <a 'java/lang/NoSuchMethodError'{0x0000000087ca8fa0}: 'java.lang.Object java.lang.invoke.DirectMethodHandle$Holder.invokeStatic(java.lang.Object, java.lang.Object, java.lang.Object, java.lang.Object, java.lang.Object, java.lang.Object, java.lang.Object, java.lang.Object, int, int)'> (0x0000000087ca8fa0) thrown at [./src/hotspot/share/interpreter/linkResolver.cpp, line 773]
Event: 30.425 Thread 0x0000020167ca2000 Exception <a 'java/lang/NoSuchMethodError'{0x0000000087cc4f08}: 'java.lang.Object java.lang.invoke.DirectMethodHandle$Holder.invokeStatic(java.lang.Object, java.lang.Object, java.lang.Object, java.lang.Object, java.lang.Object, java.lang.Object, java.lang.Object, java.lang.Object, int, int, java.lang.Object)'> (0x0000000087cc4f08) thrown at [./src/hotspot/share/interpreter/linkResolver.cpp, line 773]
Event: 30.427 Thread 0x0000020167ca2000 Exception <a 'java/lang/NoSuchMethodError'{0x0000000087ce21d8}: 'java.lang.Object java.lang.invoke.DirectMethodHandle$Holder.invokeStatic(java.lang.Object, java.lang.Object, java.lang.Object, java.lang.Object, java.lang.Object, java.lang.Object, java.lang.Object, java.lang.Object, int, int, java.lang.Object, java.lang.Object)'> (0x0000000087ce21d8) thrown at [./src/hotspot/share/interpreter/linkResolver.cpp, line 773]
Event: 30.437 Thread 0x0000020167ca2000 Exception <a 'java/lang/NoSuchMethodError'{0x0000000087b15bb8}: <clinit>> (0x0000000087b15bb8) thrown at [./src/hotspot/share/prims/jni.cpp, line 1362]
Event: 30.441 Thread 0x0000020167ca2000 Exception <a 'java/lang/NoSuchMethodError'{0x0000000087b4c100}: <clinit>> (0x0000000087b4c100) thrown at [./src/hotspot/share/prims/jni.cpp, line 1362]
Event: 30.452 Thread 0x0000020167cac800 Exception <a 'java/lang/InterruptedException'{0x0000000087b7d2a0}> (0x0000000087b7d2a0) thrown at [./src/hotspot/share/runtime/objectMonitor.cpp, line 1635]
Event: 30.452 Thread 0x0000020167cac800 Exception <a 'java/lang/NoSuchMethodError'{0x0000000087b850a8}: 'java.lang.Object java.lang.invoke.DirectMethodHandle$Holder.invokeStatic(java.lang.Object, java.lang.Object, int, java.lang.Object, long)'> (0x0000000087b850a8) thrown at [./src/hotspot/share/interpreter/linkResolver.cpp, line 773]
Event: 30.474 Thread 0x0000020167ca2000 Exception <a 'java/lang/NoSuchMethodError'{0x0000000087b9fdd8}: <clinit>> (0x0000000087b9fdd8) thrown at [./src/hotspot/share/prims/jni.cpp, line 1362]
Event: 30.475 Thread 0x0000020167ca2000 Exception <a 'java/lang/NoSuchMethodError'{0x0000000087bafbf0}: <clinit>> (0x0000000087bafbf0) thrown at [./src/hotspot/share/prims/jni.cpp, line 1362]
Event: 30.476 Thread 0x0000020167ca2000 Exception <a 'java/lang/NoSuchMethodError'{0x0000000087bbff30}: <clinit>> (0x0000000087bbff30) thrown at [./src/hotspot/share/prims/jni.cpp, line 1362]
Event: 30.484 Thread 0x0000020167ca2000 Exception <a 'java/lang/NoSuchMethodError'{0x0000000087be2548}: <clinit>> (0x0000000087be2548) thrown at [./src/hotspot/share/prims/jni.cpp, line 1362]
Event: 30.527 Thread 0x0000020167ca2000 Exception <a 'java/lang/NoSuchMethodError'{0x000000008794e6b0}: <clinit>> (0x000000008794e6b0) thrown at [./src/hotspot/share/prims/jni.cpp, line 1362]
Event: 30.641 Thread 0x000002016452c800 Exception <a 'java/lang/NoSuchMethodError'{0x00000000878f2840}: 'java.lang.Object java.lang.invoke.DirectMethodHandle$Holder.invokeStatic(java.lang.Object, java.lang.Object, java.lang.Object, java.lang.Object, java.lang.Object, java.lang.Object, java.lang.Object, java.lang.Object, java.lang.Object, java.lang.Object, java.lang.Object, java.lang.Object, java.lang.Object, int)'> (0x00000000878f2840) thrown at [./src/hotspot/share/interpreter/linkResolver.cpp, line 773]
Event: 30.643 Thread 0x000002016452c800 Exception <a 'java/lang/NoSuchMethodError'{0x00000000878ff528}: 'java.lang.Object java.lang.invoke.DirectMethodHandle$Holder.invokeStatic(java.lang.Object, java.lang.Object, java.lang.Object, java.lang.Object, java.lang.Object, java.lang.Object, java.lang.Object, java.lang.Object, java.lang.Object, java.lang.Object, java.lang.Object, java.lang.Object, java.lang.Object, int, int)'> (0x00000000878ff528) thrown at [./src/hotspot/share/interpreter/linkResolver.cpp, line 773]

Events (20 events):
Event: 48.693 loading class org/gradle/internal/normalization/java/impl/AnnotationMember
Event: 48.693 loading class org/gradle/internal/normalization/java/impl/AnnotationMember done
Event: 48.694 loading class org/gradle/internal/normalization/java/impl/ParameterAnnotationMember
Event: 48.694 loading class org/gradle/internal/normalization/java/impl/ParameterAnnotationMember done
Event: 48.695 loading class org/gradle/internal/hash/HashCode
Event: 48.695 loading class org/gradle/internal/hash/HashCode done
Event: 48.695 loading class org/gradle/internal/hash/HashCode
Event: 48.695 loading class org/gradle/internal/hash/HashCode done
Event: 48.695 loading class org/gradle/internal/normalization/java/impl/InnerClassMember
Event: 48.695 loading class org/gradle/internal/normalization/java/impl/InnerClassMember done
Event: 48.696 loading class org/gradle/internal/normalization/java/impl/FieldMember
Event: 48.696 loading class org/gradle/internal/normalization/java/impl/FieldMember done
Event: 48.696 loading class com/google/common/collect/Ordering$ArbitraryOrderingHolder
Event: 48.696 loading class com/google/common/collect/Ordering$ArbitraryOrderingHolder done
Event: 48.696 loading class com/google/common/collect/Ordering$ArbitraryOrdering
Event: 48.696 loading class com/google/common/collect/Ordering$ArbitraryOrdering done
Event: 48.697 loading class com/google/common/collect/MapMakerInternalMap$WeakKeyStrongValueEntry$Helper
Event: 48.697 loading class com/google/common/collect/MapMakerInternalMap$WeakKeyStrongValueEntry$Helper done
Event: 48.698 loading class com/google/common/collect/MapMakerInternalMap$WeakKeyStrongValueSegment
Event: 48.698 loading class com/google/common/collect/MapMakerInternalMap$WeakKeyStrongValueSegment done


Dynamic libraries:
0x00007ff75ede0000 - 0x00007ff75edea000 	C:\Program Files\Android\Android Studio\jre\bin\java.exe
0x00007ffb60ed0000 - 0x00007ffb610c5000 	C:\WINDOWS\SYSTEM32\ntdll.dll
0x00007ffb5f920000 - 0x00007ffb5f9dd000 	C:\WINDOWS\System32\KERNEL32.DLL
0x00007ffb5e780000 - 0x00007ffb5ea49000 	C:\WINDOWS\System32\KERNELBASE.dll
0x00007ffb5ea50000 - 0x00007ffb5eb50000 	C:\WINDOWS\System32\ucrtbase.dll
0x00007ffb59b20000 - 0x00007ffb59b39000 	C:\Program Files\Android\Android Studio\jre\bin\jli.dll
0x00007ffb59930000 - 0x00007ffb59947000 	C:\Program Files\Android\Android Studio\jre\bin\VCRUNTIME140.dll
0x00007ffb60cc0000 - 0x00007ffb60e60000 	C:\WINDOWS\System32\USER32.dll
0x00007ffb5ee60000 - 0x00007ffb5ee82000 	C:\WINDOWS\System32\win32u.dll
0x00007ffb60300000 - 0x00007ffb6032a000 	C:\WINDOWS\System32\GDI32.dll
0x00007ffb47190000 - 0x00007ffb4742a000 	C:\WINDOWS\WinSxS\amd64_microsoft.windows.common-controls_6595b64144ccf1df_6.0.19041.1110_none_60b5254171f9507e\COMCTL32.dll
0x00007ffb5ed50000 - 0x00007ffb5ee5b000 	C:\WINDOWS\System32\gdi32full.dll
0x00007ffb60330000 - 0x00007ffb603ce000 	C:\WINDOWS\System32\msvcrt.dll
0x00007ffb5eb50000 - 0x00007ffb5ebed000 	C:\WINDOWS\System32\msvcp_win.dll
0x00007ffb60e60000 - 0x00007ffb60e90000 	C:\WINDOWS\System32\IMM32.DLL
0x00007ffb3c120000 - 0x00007ffb3c1bd000 	C:\Program Files\Android\Android Studio\jre\bin\msvcp140.dll
0x00007ffb14a20000 - 0x00007ffb154dc000 	C:\Program Files\Android\Android Studio\jre\bin\server\jvm.dll
0x00007ffb60160000 - 0x00007ffb6020c000 	C:\WINDOWS\System32\ADVAPI32.dll
0x00007ffb603d0000 - 0x00007ffb6046b000 	C:\WINDOWS\System32\sechost.dll
0x00007ffb5fbe0000 - 0x00007ffb5fd0a000 	C:\WINDOWS\System32\RPCRT4.dll
0x00007ffb5f910000 - 0x00007ffb5f918000 	C:\WINDOWS\System32\PSAPI.DLL
0x00007ffb483a0000 - 0x00007ffb483a9000 	C:\WINDOWS\SYSTEM32\WSOCK32.dll
0x00007ffb588d0000 - 0x00007ffb588da000 	C:\WINDOWS\SYSTEM32\VERSION.dll
0x00007ffb58eb0000 - 0x00007ffb58ed7000 	C:\WINDOWS\SYSTEM32\WINMM.dll
0x00007ffb5fd30000 - 0x00007ffb5fd9b000 	C:\WINDOWS\System32\WS2_32.dll
0x00007ffb5c440000 - 0x00007ffb5c452000 	C:\WINDOWS\SYSTEM32\kernel.appcore.dll
0x00007ffb59770000 - 0x00007ffb59781000 	C:\Program Files\Android\Android Studio\jre\bin\verify.dll
0x00007ffb56c70000 - 0x00007ffb56e54000 	C:\WINDOWS\SYSTEM32\DBGHELP.DLL
0x00007ffb42d60000 - 0x00007ffb42d8c000 	C:\WINDOWS\SYSTEM32\dbgcore.DLL
0x00007ffb5e6a0000 - 0x00007ffb5e723000 	C:\WINDOWS\System32\bcryptPrimitives.dll
0x00007ffb59620000 - 0x00007ffb59649000 	C:\Program Files\Android\Android Studio\jre\bin\java.dll
0x00007ffb59810000 - 0x00007ffb5981b000 	C:\Program Files\Android\Android Studio\jre\bin\jimage.dll
0x00007ffb59680000 - 0x00007ffb59698000 	C:\Program Files\Android\Android Studio\jre\bin\zip.dll
0x00007ffb60470000 - 0x00007ffb60baf000 	C:\WINDOWS\System32\SHELL32.dll
0x00007ffb5c720000 - 0x00007ffb5ceb1000 	C:\WINDOWS\SYSTEM32\windows.storage.dll
0x00007ffb5fda0000 - 0x00007ffb600f5000 	C:\WINDOWS\System32\combase.dll
0x00007ffb5e080000 - 0x00007ffb5e0ac000 	C:\WINDOWS\SYSTEM32\Wldp.dll
0x00007ffb5f860000 - 0x00007ffb5f90e000 	C:\WINDOWS\System32\SHCORE.dll
0x00007ffb60100000 - 0x00007ffb60155000 	C:\WINDOWS\System32\shlwapi.dll
0x00007ffb5e550000 - 0x00007ffb5e56f000 	C:\WINDOWS\SYSTEM32\profapi.dll
0x00007ffb574c0000 - 0x00007ffb574da000 	C:\Program Files\Android\Android Studio\jre\bin\net.dll
0x00007ffb4ad80000 - 0x00007ffb4ae8a000 	C:\WINDOWS\SYSTEM32\WINHTTP.dll
0x00007ffb5dde0000 - 0x00007ffb5de4a000 	C:\WINDOWS\system32\mswsock.dll
0x00007ffb50d30000 - 0x00007ffb50d44000 	C:\Program Files\Android\Android Studio\jre\bin\nio.dll
0x00007ffb3f960000 - 0x00007ffb3f986000 	C:\Users\Alejandro\.gradle\native\fdc75f09e3144964f2cf3f50f0aa648679c211496f362492102eb8c894070792\windows-amd64\native-platform.dll
0x00007ffb241c0000 - 0x00007ffb24351000 	C:\Users\Alejandro\.gradle\native\12488b8bf47d2d4c9fbf2f6322a914ad602e24e48041cd04a747c6da556b65c4\windows-amd64\native-platform-file-events.dll
0x00007ffb58e90000 - 0x00007ffb58e9a000 	C:\Program Files\Android\Android Studio\jre\bin\management.dll
0x00007ffb58890000 - 0x00007ffb5889c000 	C:\Program Files\Android\Android Studio\jre\bin\management_ext.dll
0x00007ffb5dfc0000 - 0x00007ffb5dfd8000 	C:\WINDOWS\SYSTEM32\CRYPTSP.dll
0x00007ffb5d710000 - 0x00007ffb5d744000 	C:\WINDOWS\system32\rsaenh.dll
0x00007ffb5e610000 - 0x00007ffb5e637000 	C:\WINDOWS\System32\bcrypt.dll
0x00007ffb5e4d0000 - 0x00007ffb5e4fe000 	C:\WINDOWS\SYSTEM32\USERENV.dll
0x00007ffb5dfe0000 - 0x00007ffb5dfec000 	C:\WINDOWS\SYSTEM32\CRYPTBASE.dll
0x00007ffb5da80000 - 0x00007ffb5dabb000 	C:\WINDOWS\SYSTEM32\IPHLPAPI.DLL
0x00007ffb5fd20000 - 0x00007ffb5fd28000 	C:\WINDOWS\System32\NSI.dll
0x00007ffb568a0000 - 0x00007ffb568b7000 	C:\WINDOWS\SYSTEM32\dhcpcsvc6.DLL
0x00007ffb573e0000 - 0x00007ffb573fd000 	C:\WINDOWS\SYSTEM32\dhcpcsvc.DLL
0x00007ffb5dac0000 - 0x00007ffb5db8c000 	C:\WINDOWS\SYSTEM32\DNSAPI.dll
0x00007ffb57490000 - 0x00007ffb5749b000 	C:\WINDOWS\SYSTEM32\WINNSI.DLL
0x00007ffb45be0000 - 0x00007ffb45bfe000 	C:\Users\Alejandro\AppData\Local\Temp\native-platform16012908298293858213dir\native-platform.dll
0x00007ffb50f30000 - 0x00007ffb50f38000 	C:\Program Files\Android\Android Studio\jre\bin\rmi.dll

dbghelp: loaded successfully - version: 4.0.5 - missing functions: none
symbol engine: initialized successfully - sym options: 0x614 - pdb path: .;C:\Program Files\Android\Android Studio\jre\bin;C:\WINDOWS\SYSTEM32;C:\WINDOWS\WinSxS\amd64_microsoft.windows.common-controls_6595b64144ccf1df_6.0.19041.1110_none_60b5254171f9507e;C:\Program Files\Android\Android Studio\jre\bin\server;C:\Users\Alejandro\.gradle\native\fdc75f09e3144964f2cf3f50f0aa648679c211496f362492102eb8c894070792\windows-amd64;C:\Users\Alejandro\.gradle\native\12488b8bf47d2d4c9fbf2f6322a914ad602e24e48041cd04a747c6da556b65c4\windows-amd64;C:\Users\Alejandro\AppData\Local\Temp\native-platform16012908298293858213dir

VM Arguments:
jvm_args: --add-opens=java.base/java.util=ALL-UNNAMED --add-opens=java.base/java.lang=ALL-UNNAMED --add-opens=java.base/java.lang.invoke=ALL-UNNAMED --add-opens=java.prefs/java.util.prefs=ALL-UNNAMED -Xmx2048m -Dfile.encoding=UTF-8 -Duser.country=BE -Duser.language=nl -Duser.variant 
java_command: org.gradle.launcher.daemon.bootstrap.GradleDaemon 6.7.1
java_class_path (initial): C:\Users\Alejandro\.gradle\wrapper\dists\gradle-6.7.1-bin\bwlcbys1h7rz3272sye1xwiv6\gradle-6.7.1\lib\gradle-launcher-6.7.1.jar
Launcher Type: SUN_STANDARD

[Global flags]
     intx CICompilerCount                          = 4                                         {product} {ergonomic}
     uint ConcGCThreads                            = 2                                         {product} {ergonomic}
     uint G1ConcRefinementThreads                  = 8                                         {product} {ergonomic}
   size_t G1HeapRegionSize                         = 1048576                                   {product} {ergonomic}
    uintx GCDrainStackTargetSize                   = 64                                        {product} {ergonomic}
   size_t InitialHeapSize                          = 132120576                                 {product} {ergonomic}
   size_t MarkStackSize                            = 4194304                                   {product} {ergonomic}
   size_t MaxHeapSize                              = 2147483648                                {product} {command line}
   size_t MaxNewSize                               = 1287651328                                {product} {ergonomic}
   size_t MinHeapDeltaBytes                        = 1048576                                   {product} {ergonomic}
    uintx NonNMethodCodeHeapSize                   = 5836300                                {pd product} {ergonomic}
    uintx NonProfiledCodeHeapSize                  = 122910970                              {pd product} {ergonomic}
    uintx ProfiledCodeHeapSize                     = 122910970                              {pd product} {ergonomic}
    uintx ReservedCodeCacheSize                    = 251658240                              {pd product} {ergonomic}
     bool SegmentedCodeCache                       = true                                      {product} {ergonomic}
     bool UseCompressedClassPointers               = true                                 {lp64_product} {ergonomic}
     bool UseCompressedOops                        = true                                 {lp64_product} {ergonomic}
     bool UseG1GC                                  = true                                      {product} {ergonomic}
     bool UseLargePagesIndividualAllocation        = false                                  {pd product} {ergonomic}

Logging:
Log output configuration:
 #0: stdout all=warning uptime,level,tags
 #1: stderr all=off uptime,level,tags

Environment Variables:
PATH=C:\Program Files\AdoptOpenJDK\jdk-11.0.9.101-hotspot\bin;C:\Python38\Scripts\;C:\Python38\;C:\Users\Alejandro\bin;C:\Users\Alejandro\Documents\dart-sass-1.26.10-windows-x64;C:\ProgramData\chocolatey\bin;C:\Program Files\nodejs\;C:\ProgramData\ComposerSetup\bin;C:\Windows\System32;C:\Users\Alejandro\AppData\Roaming\npm;C:\xampp\php;C:\Users\Alejandro\AppData\Roaming\Composer\vendor\bin;C:\Users\Alejandro\AppData\Local\Programs\Microsoft VS Code\bin
USERNAME=Alejandro
OS=Windows_NT
PROCESSOR_IDENTIFIER=Intel64 Family 6 Model 142 Stepping 11, GenuineIntel



---------------  S Y S T E M  ---------------

OS: Windows 10 , 64 bit Build 19041 (10.0.19041.1023)
OS uptime: 6 days 19:41 hours

CPU:total 8 (initial active 8) (4 cores per cpu, 2 threads per core) family 6 model 142 stepping 11, cmov, cx8, fxsr, mmx, sse, sse2, sse3, ssse3, sse4.1, sse4.2, popcnt, avx, avx2, aes, clmul, erms, 3dnowpref, lzcnt, ht, tsc, tscinvbit, bmi1, bmi2, adx, fma

Memory: 4k page, system-wide physical 8042M (646M free)
TotalPageFile size 16234M (AvailPageFile size 2M)
current process WorkingSet (physical memory assigned to process): 373M, peak: 389M
current process commit charge ("private bytes"): 451M, peak: 459M

vm_info: OpenJDK 64-Bit Server VM (11.0.8+10-b944.6842174) for windows-amd64 JRE (11.0.8+10-b944.6842174), built on Sep 19 2020 01:11:42 by "builder" with MS VC++ 14.0 (VS2015)

END.
